\BOOKMARK [0][-]{chapter.1}{\376\377\000I\000n\000t\000r\000o\000d\000u\000c\000t\000i\000o\000n\000\040\000a\000n\000d\000\040\000E\000x\000e\000c\000u\000t\000i\000v\000e\000\040\000S\000u\000m\000m\000a\000r\000y}{}% 1
\BOOKMARK [0][-]{chapter.2}{\376\377\000L\000e\000g\000a\000l\000\040\000C\000r\000i\000t\000e\000r\000i\000a\000\040\000a\000n\000d\000\040\000E\000l\000i\000g\000i\000b\000i\000l\000i\000t\000y}{}% 2
\BOOKMARK [1][-]{subsection.2.0.1}{\376\377\000A\000d\000v\000a\000n\000c\000e\000d\000\040\000D\000e\000g\000r\000e\000e\000\040\000a\000n\000d\000\040\000E\000q\000u\000i\000v\000a\000l\000e\000n\000t\000\040\000Q\000u\000a\000l\000i\000f\000i\000c\000a\000t\000i\000o\000n\000s\000\040\000\050\0008\000\040\000C\000F\000R\000\040\000\247\000\040\0002\0000\0004\000.\0005\000\050\000k\000\051\000\050\0002\000\051\000\051}{chapter.2}% 3
\BOOKMARK [0][-]{chapter.3}{\376\377\000P\000r\000o\000p\000o\000s\000e\000d\000\040\000E\000n\000d\000e\000a\000v\000o\000r\000:\000\040\000N\000a\000t\000i\000o\000n\000a\000l\000\040\000I\000n\000t\000e\000r\000e\000s\000t\000\040\000S\000t\000a\000t\000e\000m\000e\000n\000t}{}% 4
\BOOKMARK [1][-]{section.3.1}{\376\377\000O\000v\000e\000r\000v\000i\000e\000w}{chapter.3}% 5
\BOOKMARK [1][-]{section.3.2}{\376\377\000I\000n\000i\000t\000i\000a\000t\000i\000v\000e\000\040\0001\000:\000\040\000A\000d\000v\000a\000n\000c\000i\000n\000g\000\040\000G\000e\000n\000\040\000A\000I\000\040\000i\000n\000\040\000F\000i\000n\000a\000n\000c\000i\000a\000l\000\040\000R\000i\000s\000k\000\040\000A\000n\000a\000l\000y\000t\000i\000c\000s\000,\000\040\000W\000o\000r\000k\000f\000o\000r\000c\000e\000\040\000D\000e\000v\000e\000l\000o\000p\000m\000e\000n\000t\000,\000\040\000a\000n\000d\000\040\000H\000e\000a\000l\000t\000h}{chapter.3}% 6
\BOOKMARK [1][-]{section.3.3}{\376\377\000I\000n\000i\000t\000i\000a\000t\000i\000v\000e\000\040\0002\000:\000\040\000O\000p\000e\000n\000-\000S\000o\000u\000r\000c\000e\000\040\000R\000e\000s\000e\000a\000r\000c\000h\000\040\000a\000n\000d\000\040\000K\000n\000o\000w\000l\000e\000d\000g\000e\000\040\000D\000i\000s\000s\000e\000m\000i\000n\000a\000t\000i\000o\000n}{chapter.3}% 7
\BOOKMARK [1][-]{section.3.4}{\376\377\000I\000n\000i\000t\000i\000a\000t\000i\000v\000e\000\040\0003\000:\000\040\000W\000o\000r\000k\000f\000o\000r\000c\000e\000\040\000D\000e\000v\000e\000l\000o\000p\000m\000e\000n\000t\000\040\000a\000n\000d\000\040\000T\000r\000a\000i\000n\000i\000n\000g}{chapter.3}% 8
\BOOKMARK [1][-]{section.3.5}{\376\377\000F\000i\000v\000e\000-\000Y\000e\000a\000r\000\040\000T\000i\000m\000e\000l\000i\000n\000e\000\040\000a\000n\000d\000\040\000M\000i\000l\000e\000s\000t\000o\000n\000e\000s}{chapter.3}% 9
\BOOKMARK [2][-]{subsection.3.5.1}{\376\377\000A\000d\000v\000a\000n\000c\000i\000n\000g\000\040\000A\000g\000e\000n\000t\000i\000c\000\040\000G\000e\000n\000\040\000A\000I\000\040\000S\000y\000s\000t\000e\000m\000\040\000R\000e\000s\000i\000l\000i\000e\000n\000c\000e\000\040\000t\000h\000r\000o\000u\000g\000h\000\040\000A\000I}{section.3.5}% 10
\BOOKMARK [2][-]{subsection.3.5.2}{\376\377\000R\000e\000s\000e\000a\000r\000c\000h\000\040\000a\000n\000d\000\040\000K\000n\000o\000w\000l\000e\000d\000g\000e\000\040\000D\000i\000s\000s\000e\000m\000i\000n\000a\000t\000i\000o\000n}{section.3.5}% 11
\BOOKMARK [2][-]{subsection.3.5.3}{\376\377\000W\000o\000r\000k\000f\000o\000r\000c\000e\000\040\000D\000e\000v\000e\000l\000o\000p\000m\000e\000n\000t\000\040\000a\000n\000d\000\040\000E\000d\000u\000c\000a\000t\000i\000o\000n}{section.3.5}% 12
\BOOKMARK [1][-]{section.3.6}{\376\377\000S\000u\000b\000s\000t\000a\000n\000t\000i\000a\000l\000\040\000M\000e\000r\000i\000t\000\040\000a\000n\000d\000\040\000N\000a\000t\000i\000o\000n\000a\000l\000\040\000I\000m\000p\000o\000r\000t\000a\000n\000c\000e}{chapter.3}% 13
\BOOKMARK [2][-]{subsection.3.6.1}{\376\377\000A\000l\000i\000g\000n\000m\000e\000n\000t\000\040\000w\000i\000t\000h\000\040\000N\000a\000t\000i\000o\000n\000a\000l\000\040\000P\000r\000i\000o\000r\000i\000t\000i\000e\000s}{section.3.6}% 14
\BOOKMARK [2][-]{subsection.3.6.2}{\376\377\000E\000v\000i\000d\000e\000n\000c\000e\000\040\000o\000f\000\040\000I\000m\000p\000a\000c\000t\000\040\000a\000n\000d\000\040\000R\000e\000c\000o\000g\000n\000i\000t\000i\000o\000n}{section.3.6}% 15
\BOOKMARK [1][-]{section.3.7}{\376\377\000F\000u\000t\000u\000r\000e\000\040\000P\000l\000a\000n\000s\000\040\000a\000n\000d\000\040\000P\000r\000o\000j\000e\000c\000t\000e\000d\000\040\000I\000m\000p\000a\000c\000t}{chapter.3}% 16
\BOOKMARK [2][-]{subsection.3.7.1}{\376\377\000R\000e\000s\000e\000a\000r\000c\000h\000\040\000a\000n\000d\000\040\000D\000e\000v\000e\000l\000o\000p\000m\000e\000n\000t\000\040\000G\000o\000a\000l\000s}{section.3.7}% 17
\BOOKMARK [2][-]{subsection.3.7.2}{\376\377\000W\000o\000r\000k\000f\000o\000r\000c\000e\000\040\000D\000e\000v\000e\000l\000o\000p\000m\000e\000n\000t\000\040\000I\000n\000i\000t\000i\000a\000t\000i\000v\000e\000s}{section.3.7}% 18
\BOOKMARK [2][-]{subsection.3.7.3}{\376\377\000F\000i\000v\000e\000-\000Y\000e\000a\000r\000\040\000I\000m\000p\000a\000c\000t\000\040\000P\000r\000o\000j\000e\000c\000t\000i\000o\000n}{section.3.7}% 19
\BOOKMARK [1][-]{section.3.8}{\376\377\000C\000o\000n\000c\000l\000u\000s\000i\000o\000n}{chapter.3}% 20
\BOOKMARK [1][-]{section.3.9}{\376\377\000R\000e\000f\000e\000r\000e\000n\000c\000i\000n\000g\000\040\000E\000v\000i\000d\000e\000n\000c\000e\000s\000\040\000r\000e\000l\000a\000t\000e\000d\000\040\000t\000o\000\040\000t\000h\000i\000s\000\040\000C\000h\000a\000p\000t\000e\000r\000\040}{chapter.3}% 21
\BOOKMARK [0][-]{chapter.4}{\376\377\000U\000n\000i\000q\000u\000e\000n\000e\000s\000s\000\040\000a\000n\000d\000\040\000I\000n\000n\000o\000v\000a\000t\000i\000o\000n\000\040\000o\000f\000\040\000P\000r\000o\000p\000o\000s\000e\000d\000\040\000M\000e\000t\000h\000o\000d\000o\000l\000o\000g\000y}{}% 22
\BOOKMARK [1][-]{section.4.1}{\376\377\000C\000o\000m\000p\000a\000r\000a\000t\000i\000v\000e\000\040\000A\000n\000a\000l\000y\000s\000i\000s\000:\000\040\000C\000o\000n\000v\000e\000n\000t\000i\000o\000n\000a\000l\000\040\000v\000s\000.\000\040\000I\000n\000n\000o\000v\000a\000t\000i\000v\000e\000\040\000A\000p\000p\000r\000o\000a\000c\000h\000e\000s}{chapter.4}% 23
\BOOKMARK [1][-]{section.4.2}{\376\377\000E\000v\000i\000d\000e\000n\000c\000e\000\040\000o\000f\000\040\000I\000n\000n\000o\000v\000a\000t\000i\000o\000n\000\040\000a\000n\000d\000\040\000U\000n\000i\000q\000u\000e\000n\000e\000s\000s}{chapter.4}% 24
\BOOKMARK [2][-]{subsection.4.2.1}{\376\377\000F\000e\000d\000e\000r\000a\000l\000\040\000R\000e\000c\000o\000g\000n\000i\000t\000i\000o\000n\000\040\000a\000n\000d\000\040\000A\000d\000o\000p\000t\000i\000o\000n}{section.4.2}% 25
\BOOKMARK [2][-]{subsection.4.2.2}{\376\377\000Q\000u\000a\000n\000t\000i\000f\000i\000a\000b\000l\000e\000\040\000I\000m\000p\000a\000c\000t\000\040\000M\000e\000t\000r\000i\000c\000s}{section.4.2}% 26
\BOOKMARK [1][-]{section.4.3}{\376\377\000S\000n\000o\000w\000b\000a\000l\000l\000\040\000E\000f\000f\000e\000c\000t\000:\000\040\000G\000r\000o\000w\000i\000n\000g\000\040\000N\000a\000t\000i\000o\000n\000a\000l\000\040\000I\000m\000p\000a\000c\000t}{chapter.4}% 27
\BOOKMARK [2][-]{subsection.4.3.1}{\376\377\000R\000e\000s\000e\000a\000r\000c\000h\000\040\000D\000i\000s\000s\000e\000m\000i\000n\000a\000t\000i\000o\000n\000\040\000G\000r\000o\000w\000t\000h}{section.4.3}% 28
\BOOKMARK [2][-]{subsection.4.3.2}{\376\377\000W\000o\000r\000k\000f\000o\000r\000c\000e\000\040\000D\000e\000v\000e\000l\000o\000p\000m\000e\000n\000t\000\040\000E\000x\000p\000a\000n\000s\000i\000o\000n}{section.4.3}% 29
\BOOKMARK [2][-]{subsection.4.3.3}{\376\377\000P\000o\000l\000i\000c\000y\000\040\000I\000n\000f\000l\000u\000e\000n\000c\000e\000\040\000T\000r\000a\000j\000e\000c\000t\000o\000r\000y}{section.4.3}% 30
\BOOKMARK [1][-]{section.4.4}{\376\377\000A\000l\000i\000g\000n\000m\000e\000n\000t\000\040\000w\000i\000t\000h\000\040\000N\000a\000t\000i\000o\000n\000a\000l\000\040\000P\000r\000i\000o\000r\000i\000t\000i\000e\000s}{chapter.4}% 31
\BOOKMARK [1][-]{section.4.5}{\376\377\000C\000o\000n\000c\000l\000u\000s\000i\000o\000n\000:\000\040\000D\000e\000m\000o\000n\000s\000t\000r\000a\000t\000e\000d\000\040\000I\000n\000n\000o\000v\000a\000t\000i\000o\000n\000\040\000w\000i\000t\000h\000\040\000N\000a\000t\000i\000o\000n\000a\000l\000\040\000I\000m\000p\000a\000c\000t}{chapter.4}% 32
\BOOKMARK [0][-]{chapter.5}{\376\377\000P\000o\000t\000e\000n\000t\000i\000a\000l\000\040\000P\000r\000o\000s\000p\000e\000c\000t\000i\000v\000e\000\040\000I\000m\000p\000a\000c\000t\000\040\000\050\000P\000P\000I\000\051}{}% 33
\BOOKMARK [1][-]{section.5.1}{\376\377\000Q\000u\000a\000n\000t\000i\000f\000i\000e\000d\000\040\000I\000m\000p\000a\000c\000t\000\040\000P\000r\000o\000j\000e\000c\000t\000i\000o\000n\000s}{chapter.5}% 34
\BOOKMARK [2][-]{subsection.5.1.1}{\376\377\000E\000c\000o\000n\000o\000m\000i\000c\000\040\000I\000m\000p\000a\000c\000t}{section.5.1}% 35
\BOOKMARK [2][-]{subsection.5.1.2}{\376\377\000W\000o\000r\000k\000f\000o\000r\000c\000e\000\040\000I\000m\000p\000a\000c\000t}{section.5.1}% 36
\BOOKMARK [2][-]{subsection.5.1.3}{\376\377\000R\000e\000g\000u\000l\000a\000t\000o\000r\000y\000\040\000a\000n\000d\000\040\000P\000o\000l\000i\000c\000y\000\040\000I\000m\000p\000a\000c\000t}{section.5.1}% 37
\BOOKMARK [2][-]{subsection.5.1.4}{\376\377\000R\000e\000s\000e\000a\000r\000c\000h\000\040\000a\000n\000d\000\040\000K\000n\000o\000w\000l\000e\000d\000g\000e\000\040\000D\000i\000s\000s\000e\000m\000i\000n\000a\000t\000i\000o\000n}{section.5.1}% 38
\BOOKMARK [1][-]{section.5.2}{\376\377\000V\000a\000l\000i\000d\000a\000t\000i\000o\000n\000\040\000b\000y\000\040\000I\000n\000d\000e\000p\000e\000n\000d\000e\000n\000t\000\040\000E\000x\000p\000e\000r\000t\000s}{chapter.5}% 39
\BOOKMARK [2][-]{subsection.5.2.1}{\376\377\000D\000r\000.\000\040\000M\000o\000h\000d\000\040\000A\000n\000j\000u\000m}{section.5.2}% 40
\BOOKMARK [2][-]{subsection.5.2.2}{\376\377\000D\000r\000.\000\040\000M\000a\000l\000i\000k\000\040\000M\000i\000s\000s\000a\000n\000\040}{section.5.2}% 41
\BOOKMARK [2][-]{subsection.5.2.3}{\376\377\000D\000r\000.\000\040\000A\000s\000i\000f\000\040\000U\000m\000e\000r\000\040}{section.5.2}% 42
\BOOKMARK [1][-]{section.5.3}{\376\377\000E\000v\000i\000d\000e\000n\000c\000e\000-\000B\000a\000s\000e\000d\000\040\000P\000r\000o\000j\000e\000c\000t\000i\000o\000n\000\040\000M\000e\000t\000h\000o\000d\000o\000l\000o\000g\000y}{chapter.5}% 43
\BOOKMARK [2][-]{subsection.5.3.1}{\376\377\000H\000i\000s\000t\000o\000r\000i\000c\000a\000l\000\040\000G\000r\000o\000w\000t\000h\000\040\000T\000r\000e\000n\000d\000s}{section.5.3}% 44
\BOOKMARK [2][-]{subsection.5.3.2}{\376\377\000M\000a\000r\000k\000e\000t\000\040\000D\000e\000m\000a\000n\000d\000\040\000I\000n\000d\000i\000c\000a\000t\000o\000r\000s}{section.5.3}% 45
\BOOKMARK [2][-]{subsection.5.3.3}{\376\377\000G\000o\000v\000e\000r\000n\000m\000e\000n\000t\000\040\000P\000r\000i\000o\000r\000i\000t\000y\000\040\000A\000l\000i\000g\000n\000m\000e\000n\000t}{section.5.3}% 46
\BOOKMARK [1][-]{section.5.4}{\376\377\000C\000o\000m\000p\000a\000r\000a\000t\000i\000v\000e\000\040\000I\000m\000p\000a\000c\000t\000\040\000A\000s\000s\000e\000s\000s\000m\000e\000n\000t}{chapter.5}% 47
\BOOKMARK [1][-]{section.5.5}{\376\377\000R\000i\000s\000k\000\040\000M\000i\000t\000i\000g\000a\000t\000i\000o\000n\000\040\000a\000n\000d\000\040\000C\000o\000n\000t\000i\000n\000g\000e\000n\000c\000y\000\040\000P\000l\000a\000n\000n\000i\000n\000g}{chapter.5}% 48
\BOOKMARK [2][-]{subsection.5.5.1}{\376\377\000F\000u\000n\000d\000i\000n\000g\000\040\000V\000a\000r\000i\000a\000b\000i\000l\000i\000t\000y}{section.5.5}% 49
\BOOKMARK [2][-]{subsection.5.5.2}{\376\377\000R\000e\000g\000u\000l\000a\000t\000o\000r\000y\000\040\000C\000h\000a\000n\000g\000e\000s}{section.5.5}% 50
\BOOKMARK [2][-]{subsection.5.5.3}{\376\377\000T\000e\000c\000h\000n\000o\000l\000o\000g\000y\000\040\000E\000v\000o\000l\000u\000t\000i\000o\000n}{section.5.5}% 51
\BOOKMARK [1][-]{section.5.6}{\376\377\000C\000o\000n\000c\000l\000u\000s\000i\000o\000n\000:\000\040\000C\000o\000m\000p\000e\000l\000l\000i\000n\000g\000\040\000E\000v\000i\000d\000e\000n\000c\000e\000\040\000o\000f\000\040\000N\000a\000t\000i\000o\000n\000a\000l\000\040\000I\000m\000p\000a\000c\000t}{chapter.5}% 52
\BOOKMARK [0][-]{chapter.6}{\376\377\000P\000r\000o\000n\000g\000\040\0001\000:\000\040\000S\000u\000b\000s\000t\000a\000n\000t\000i\000a\000l\000\040\000M\000e\000r\000i\000t\000\040\000a\000n\000d\000\040\000N\000a\000t\000i\000o\000n\000a\000l\000\040\000I\000m\000p\000o\000r\000t\000a\000n\000c\000e}{}% 53
\BOOKMARK [1][-]{section.6.1}{\376\377\000U\000S\000C\000I\000S\000\040\000a\000n\000d\000\040\000D\000h\000a\000n\000a\000s\000a\000r\000\040\000F\000r\000a\000m\000e\000w\000o\000r\000k\000\040\000D\000e\000f\000i\000n\000i\000t\000i\000o\000n}{chapter.6}% 54
\BOOKMARK [1][-]{section.6.2}{\376\377\000E\000v\000i\000d\000e\000n\000c\000e\000\040\000o\000f\000\040\000S\000u\000b\000s\000t\000a\000n\000t\000i\000a\000l\000\040\000M\000e\000r\000i\000t}{chapter.6}% 55
\BOOKMARK [1][-]{section.6.3}{\376\377\000N\000a\000t\000i\000o\000n\000a\000l\000\040\000I\000m\000p\000o\000r\000t\000a\000n\000c\000e\000:\000\040\000A\000l\000i\000g\000n\000m\000e\000n\000t\000\040\000w\000i\000t\000h\000\040\000U\000S\000\040\000P\000o\000l\000i\000c\000y\000\040\000a\000n\000d\000\040\000E\000c\000o\000n\000o\000m\000i\000c\000\040\000N\000e\000e\000d\000s}{chapter.6}% 56
\BOOKMARK [1][-]{section.6.4}{\376\377\000E\000x\000t\000e\000r\000n\000a\000l\000\040\000V\000a\000l\000i\000d\000a\000t\000i\000o\000n\000\040\000a\000n\000d\000\040\000B\000r\000o\000a\000d\000e\000r\000\040\000I\000m\000p\000a\000c\000t}{chapter.6}% 57
\BOOKMARK [2][-]{subsection.6.4.1}{\376\377\000U\000.\000S\000.\000\040\000T\000r\000a\000i\000n\000i\000n\000g\000\040\000I\000n\000i\000t\000i\000a\000t\000i\000v\000e\000s\000\040\000b\000y\000\040\000O\000p\000e\000n\000\040\000N\000o\000n\000-\000P\000r\000o\000f\000i\000t\000\040\000a\000n\000d\000\040\000R\000e\000s\000e\000a\000r\000c\000h\000\040\000C\000e\000n\000t\000e\000r}{section.6.4}% 58
\BOOKMARK [2][-]{subsection.6.4.2}{\376\377\000N\000o\000n\000-\000P\000r\000o\000f\000i\000t\000\040\000P\000o\000l\000i\000c\000y\000\040\000R\000e\000s\000e\000a\000r\000c\000h\000\040\000C\000e\000n\000t\000e\000r\000\040\000f\000o\000r\000\040\000F\000i\000n\000a\000n\000c\000i\000a\000l\000\040\000A\000I}{section.6.4}% 59
\BOOKMARK [2][-]{subsection.6.4.3}{\376\377\000D\000e\000t\000a\000i\000l\000e\000d\000\040\000P\000r\000o\000p\000o\000s\000e\000d\000\040\000E\000n\000d\000e\000a\000v\000o\000r\000\040\000i\000n\000\040\000T\000h\000r\000e\000e\000\040\000D\000o\000m\000a\000i\000n\000s}{section.6.4}% 60
\BOOKMARK [1][-]{section.6.5}{\376\377\000P\000r\000o\000j\000e\000c\000t\000e\000d\000\040\000F\000i\000v\000e\000-\000Y\000e\000a\000r\000\040\000E\000n\000d\000e\000a\000v\000o\000r\000\040\000a\000n\000d\000\040\000N\000a\000t\000i\000o\000n\000a\000l\000\040\000E\000c\000o\000n\000o\000m\000i\000c\000\040\000I\000m\000p\000a\000c\000t}{chapter.6}% 61
\BOOKMARK [2][-]{subsection.6.5.1}{\376\377\000F\000i\000v\000e\000-\000Y\000e\000a\000r\000\040\000P\000l\000a\000n\000\040\000f\000o\000r\000\040\000A\000d\000v\000a\000n\000c\000i\000n\000g\000\040\000F\000i\000n\000a\000n\000c\000i\000a\000l\000\040\000A\000I\000\040\000\050\0002\0000\0002\0005\000-\0002\0000\0003\0000\000\051}{section.6.5}% 62
\BOOKMARK [2][-]{subsection.6.5.2}{\376\377\000E\000n\000d\000e\000a\000v\000o\000r\000\040\000O\000p\000e\000n\000\040\000S\000o\000u\000r\000c\000e\000\040\000F\000r\000e\000e\000\040\000C\000o\000u\000r\000s\000e\000\040\000a\000n\000d\000\040\000T\000r\000a\000i\000n\000i\000n\000g\000\040\000C\000o\000n\000t\000e\000n\000t\000\040\000P\000r\000o\000d\000u\000c\000t\000i\000o\000n\000\040\000R\000o\000a\000d\000m\000a\000p}{section.6.5}% 63
\BOOKMARK [2][-]{subsection.6.5.3}{\376\377\000F\000u\000t\000u\000r\000e\000\040\000E\000n\000d\000e\000a\000v\000o\000r\000\040\000a\000n\000d\000\040\000R\000e\000s\000e\000a\000r\000c\000h\000\040\000D\000i\000s\000s\000e\000m\000i\000n\000a\000t\000i\000o\000n\000\040\000S\000t\000r\000a\000t\000e\000g\000y\000\040\0002\0000\0002\0005\000-\0002\0000\0003\0000}{section.6.5}% 64
\BOOKMARK [2][-]{subsection.6.5.4}{\376\377\000E\000n\000d\000e\000a\000v\000o\000r\000\040\000O\000n\000g\000o\000i\000n\000g\000\040\000a\000n\000d\000\040\000F\000u\000t\000u\000r\000e\000\040\000C\000o\000n\000t\000r\000i\000b\000u\000t\000i\000o\000n\000s\000\040\000a\000s\000\040\000P\000e\000e\000r\000\040\000R\000e\000v\000i\000e\000w\000e\000r\000\040\000a\000n\000d\000\040\000S\000u\000b\000j\000e\000c\000t\000-\000M\000a\000t\000t\000e\000r\000\040\000E\000x\000p\000e\000r\000t\000\040\000\050\0002\0000\0002\0005\000-\0003\0000\0002\0000\000\051}{section.6.5}% 65
\BOOKMARK [2][-]{subsection.6.5.5}{\376\377\000F\000i\000n\000a\000l\000\040\000w\000o\000r\000d\000s\000\040\000o\000n\000\040\000P\000r\000o\000n\000g\000\040\0001\000:\000\040\000A\000l\000i\000g\000n\000m\000e\000n\000t\000\040\000w\000i\000t\000h\000\040\000N\000a\000t\000i\000o\000n\000a\000l\000\040\000I\000n\000t\000e\000r\000e\000s\000t}{section.6.5}% 66
\BOOKMARK [1][-]{section.6.6}{\376\377\000I\000n\000t\000e\000g\000r\000a\000t\000e\000d\000\040\000F\000i\000v\000e\000-\000Y\000e\000a\000r\000\040\000I\000m\000p\000l\000e\000m\000e\000n\000t\000a\000t\000i\000o\000n\000\040\000P\000l\000a\000n\000:\000\040\000B\000u\000i\000l\000d\000i\000n\000g\000\040\000o\000n\000\040\000P\000r\000o\000v\000e\000n\000\040\000I\000m\000p\000a\000c\000t}{chapter.6}% 67
\BOOKMARK [2][-]{subsection.6.6.1}{\376\377\000F\000o\000u\000n\000d\000a\000t\000i\000o\000n\000:\000\040\000C\000u\000r\000r\000e\000n\000t\000\040\000A\000c\000h\000i\000e\000v\000e\000m\000e\000n\000t\000s\000\040\000a\000n\000d\000\040\000M\000o\000m\000e\000n\000t\000u\000m}{section.6.6}% 68
\BOOKMARK [2][-]{subsection.6.6.2}{\376\377\000Y\000e\000a\000r\000-\000b\000y\000-\000Y\000e\000a\000r\000\040\000I\000m\000p\000l\000e\000m\000e\000n\000t\000a\000t\000i\000o\000n\000\040\000T\000i\000m\000e\000l\000i\000n\000e}{section.6.6}% 69
\BOOKMARK [2][-]{subsection.6.6.3}{\376\377\000Q\000u\000a\000n\000t\000i\000f\000i\000e\000d\000\040\000I\000m\000p\000a\000c\000t\000\040\000P\000r\000o\000j\000e\000c\000t\000i\000o\000n\000s}{section.6.6}% 70
\BOOKMARK [2][-]{subsection.6.6.4}{\376\377\000R\000i\000s\000k\000\040\000M\000i\000t\000i\000g\000a\000t\000i\000o\000n\000\040\000a\000n\000d\000\040\000C\000o\000n\000t\000i\000n\000g\000e\000n\000c\000y\000\040\000P\000l\000a\000n\000n\000i\000n\000g}{section.6.6}% 71
\BOOKMARK [2][-]{subsection.6.6.5}{\376\377\000C\000o\000n\000c\000l\000u\000s\000i\000o\000n\000:\000\040\000A\000\040\000N\000a\000t\000u\000r\000a\000l\000\040\000T\000r\000a\000j\000e\000c\000t\000o\000r\000y\000\040\000o\000f\000\040\000N\000a\000t\000i\000o\000n\000a\000l\000\040\000B\000e\000n\000e\000f\000i\000t}{section.6.6}% 72
\BOOKMARK [0][-]{chapter.7}{\376\377\000P\000r\000o\000n\000g\000\040\0002\000:\000\040\000W\000e\000l\000l\000-\000P\000o\000s\000i\000t\000i\000o\000n\000e\000d\000\040\000t\000o\000\040\000A\000d\000v\000a\000n\000c\000e\000\040\000t\000h\000e\000\040\000E\000n\000d\000e\000a\000v\000o\000r}{}% 73
\BOOKMARK [1][-]{subsection.7.0.1}{\376\377\000P\000r\000o\000f\000e\000s\000s\000i\000o\000n\000a\000l\000\040\000E\000x\000p\000e\000r\000i\000e\000n\000c\000e\000\040\000\050\0008\000\040\000C\000F\000R\000\040\000\247\000\040\0002\0000\0004\000.\0005\000\050\000k\000\051\000\050\0002\000\051\000\051}{chapter.7}% 74
\BOOKMARK [1][-]{section.7.1}{\376\377\000W\000e\000l\000l\000-\000P\000o\000s\000i\000t\000i\000o\000n\000e\000d\000\040\000t\000o\000\040\000A\000d\000v\000a\000n\000c\000e\000\040\000t\000h\000e\000\040\000E\000n\000d\000e\000a\000v\000o\000r}{chapter.7}% 75
\BOOKMARK [2][-]{subsection.7.1.1}{\376\377\000T\000e\000c\000h\000n\000i\000c\000a\000l\000\040\000E\000x\000p\000e\000r\000t\000i\000s\000e\000\040\000a\000n\000d\000\040\000S\000p\000e\000c\000i\000a\000l\000i\000z\000e\000d\000\040\000K\000n\000o\000w\000l\000e\000d\000g\000e}{section.7.1}% 76
\BOOKMARK [2][-]{subsection.7.1.2}{\376\377\000P\000r\000o\000v\000e\000n\000\040\000T\000r\000a\000c\000k\000\040\000R\000e\000c\000o\000r\000d\000\040\000o\000f\000\040\000S\000u\000c\000c\000e\000s\000s}{section.7.1}% 77
\BOOKMARK [2][-]{subsection.7.1.3}{\376\377\000R\000e\000s\000e\000a\000r\000c\000h\000\040\000a\000n\000d\000\040\000P\000u\000b\000l\000i\000c\000a\000t\000i\000o\000n\000\040\000R\000e\000c\000o\000r\000d}{section.7.1}% 78
\BOOKMARK [2][-]{subsection.7.1.4}{\376\377\000P\000r\000o\000f\000e\000s\000s\000i\000o\000n\000a\000l\000\040\000N\000e\000t\000w\000o\000r\000k\000\040\000a\000n\000d\000\040\000C\000o\000l\000l\000a\000b\000o\000r\000a\000t\000i\000o\000n\000s}{section.7.1}% 79
\BOOKMARK [0][-]{chapter.8}{\376\377\000P\000r\000o\000n\000g\000\040\0003\000:\000\040\000B\000a\000l\000a\000n\000c\000i\000n\000g\000\040\000F\000a\000c\000t\000o\000r\000s}{}% 80
\BOOKMARK [1][-]{section.8.1}{\376\377\000N\000a\000t\000i\000o\000n\000a\000l\000\040\000B\000e\000n\000e\000f\000i\000t\000\040\000o\000f\000\040\000W\000a\000i\000v\000i\000n\000g\000\040\000J\000o\000b\000\040\000O\000f\000f\000e\000r\000\040\000R\000e\000q\000u\000i\000r\000e\000m\000e\000n\000t}{chapter.8}% 81
\BOOKMARK [2][-]{subsection.8.1.1}{\376\377\000U\000n\000i\000q\000u\000e\000\040\000Q\000u\000a\000l\000i\000f\000i\000c\000a\000t\000i\000o\000n\000s\000\040\000a\000n\000d\000\040\000S\000p\000e\000c\000i\000a\000l\000i\000z\000e\000d\000\040\000E\000x\000p\000e\000r\000t\000i\000s\000e}{section.8.1}% 82
\BOOKMARK [2][-]{subsection.8.1.2}{\376\377\000U\000r\000g\000e\000n\000t\000\040\000N\000a\000t\000i\000o\000n\000a\000l\000\040\000N\000e\000e\000d\000s}{section.8.1}% 83
\BOOKMARK [2][-]{subsection.8.1.3}{\376\377\000B\000e\000n\000e\000f\000i\000t\000s\000\040\000B\000e\000y\000o\000n\000d\000\040\000a\000\040\000S\000i\000n\000g\000l\000e\000\040\000E\000m\000p\000l\000o\000y\000e\000r}{section.8.1}% 84
\BOOKMARK [2][-]{subsection.8.1.4}{\376\377\000I\000m\000p\000r\000a\000c\000t\000i\000c\000a\000l\000i\000t\000y\000\040\000o\000f\000\040\000L\000a\000b\000o\000r\000\040\000C\000e\000r\000t\000i\000f\000i\000c\000a\000t\000i\000o\000n}{section.8.1}% 85
\BOOKMARK [2][-]{subsection.8.1.5}{\376\377\000N\000a\000t\000i\000o\000n\000a\000l\000\040\000I\000n\000t\000e\000r\000e\000s\000t\000\040\000J\000u\000s\000t\000i\000f\000i\000c\000a\000t\000i\000o\000n\000\040\000f\000o\000r\000\040\000P\000E\000R\000M\000\040\000W\000a\000i\000v\000e\000r}{section.8.1}% 86
\BOOKMARK [2][-]{subsection.8.1.6}{\376\377\000P\000e\000e\000r\000-\000R\000e\000v\000i\000e\000w\000e\000d\000\040\000R\000e\000s\000e\000a\000r\000c\000h\000\040\000C\000o\000n\000t\000r\000i\000b\000u\000t\000i\000o\000n\000s\000\040\000t\000o\000\040\000P\000o\000l\000i\000c\000y\000\040\000R\000e\000s\000e\000a\000r\000c\000h\000\040\000f\000o\000r\000\040\000U\000.\000S\000.\000\040\000N\000a\000t\000i\000o\000n\000a\000l\000\040\000I\000n\000t\000e\000r\000e\000s\000t}{section.8.1}% 87
\BOOKMARK [2][-]{subsection.8.1.7}{\376\377\000O\000p\000e\000n\000\040\000E\000b\000o\000o\000k\000\040\000P\000u\000b\000l\000i\000c\000a\000t\000i\000o\000n\000s\000\040\000S\000u\000p\000p\000o\000r\000t\000i\000n\000g\000\040\000P\000o\000l\000i\000c\000y\000\040\000a\000n\000d\000\040\000W\000o\000r\000k\000f\000o\000r\000c\000e\000\040\000I\000n\000n\000o\000v\000a\000t\000i\000o\000n}{section.8.1}% 88
\BOOKMARK [2][-]{subsection.8.1.8}{\376\377\000C\000o\000n\000c\000l\000u\000s\000i\000o\000n}{section.8.1}% 89
\BOOKMARK [1][-]{section.8.2}{\376\377\000C\000o\000n\000c\000l\000u\000s\000i\000o\000n}{chapter.8}% 90
\BOOKMARK [0][-]{chapter.9}{\376\377\000C\000o\000n\000c\000l\000u\000s\000i\000o\000n\000:\000\040\000C\000o\000m\000p\000r\000e\000h\000e\000n\000s\000i\000v\000e\000\040\000R\000e\000s\000p\000o\000n\000s\000e\000\040\000t\000o\000\040\000U\000S\000C\000I\000S\000\040\000P\000a\000s\000t\000\040\000D\000e\000n\000i\000a\000l}{}% 91
\BOOKMARK [1][-]{section.9.1}{\376\377\000D\000i\000r\000e\000c\000t\000\040\000R\000e\000s\000p\000o\000n\000s\000e\000\040\000t\000o\000\040\000U\000S\000C\000I\000S\000\040\000C\000o\000n\000c\000e\000r\000n\000s}{chapter.9}% 92
\BOOKMARK [2][-]{subsection.9.1.1}{\376\377\000N\000a\000t\000i\000o\000n\000a\000l\000\040\000I\000m\000p\000o\000r\000t\000a\000n\000c\000e\000\040\000a\000n\000d\000\040\000U\000n\000i\000q\000u\000e\000\040\000M\000e\000t\000h\000o\000d\000o\000l\000o\000g\000y}{section.9.1}% 93
\BOOKMARK [2][-]{subsection.9.1.2}{\376\377\000P\000o\000t\000e\000n\000t\000i\000a\000l\000\040\000P\000r\000o\000s\000p\000e\000c\000t\000i\000v\000e\000\040\000I\000m\000p\000a\000c\000t\000\040\000B\000e\000y\000o\000n\000d\000\040\000I\000m\000m\000e\000d\000i\000a\000t\000e\000\040\000R\000o\000l\000e}{section.9.1}% 94
\BOOKMARK [2][-]{subsection.9.1.3}{\376\377\000N\000a\000t\000i\000o\000n\000a\000l\000\040\000B\000e\000n\000e\000f\000i\000t\000\040\000o\000f\000\040\000W\000a\000i\000v\000i\000n\000g\000\040\000L\000a\000b\000o\000r\000\040\000C\000e\000r\000t\000i\000f\000i\000c\000a\000t\000i\000o\000n}{section.9.1}% 95
\BOOKMARK [1][-]{section.9.2}{\376\377\000S\000a\000t\000i\000s\000f\000a\000c\000t\000i\000o\000n\000\040\000o\000f\000\040\000D\000h\000a\000n\000a\000s\000a\000r\000\040\000F\000r\000a\000m\000e\000w\000o\000r\000k}{chapter.9}% 96
\BOOKMARK [2][-]{subsection.9.2.1}{\376\377\000P\000r\000o\000n\000g\000\040\0001\000:\000\040\000S\000u\000b\000s\000t\000a\000n\000t\000i\000a\000l\000\040\000M\000e\000r\000i\000t\000\040\000a\000n\000d\000\040\000N\000a\000t\000i\000o\000n\000a\000l\000\040\000I\000m\000p\000o\000r\000t\000a\000n\000c\000e}{section.9.2}% 97
\BOOKMARK [2][-]{subsection.9.2.2}{\376\377\000P\000r\000o\000n\000g\000\040\0002\000:\000\040\000W\000e\000l\000l\000-\000P\000o\000s\000i\000t\000i\000o\000n\000e\000d\000\040\000t\000o\000\040\000A\000d\000v\000a\000n\000c\000e\000\040\000t\000h\000e\000\040\000E\000n\000d\000e\000a\000v\000o\000r}{section.9.2}% 98
\BOOKMARK [2][-]{subsection.9.2.3}{\376\377\000P\000r\000o\000n\000g\000\040\0003\000:\000\040\000N\000a\000t\000i\000o\000n\000a\000l\000\040\000B\000e\000n\000e\000f\000i\000t\000\040\000o\000f\000\040\000W\000a\000i\000v\000i\000n\000g\000\040\000R\000e\000q\000u\000i\000r\000e\000m\000e\000n\000t\000s}{section.9.2}% 99
\BOOKMARK [1][-]{section.9.3}{\376\377\000C\000o\000n\000c\000l\000u\000s\000i\000o\000n}{chapter.9}% 100
