This is pdfTeX, Version 3.141592653-2.6-1.40.25 (TeX Live 2023/Debian) (preloaded format=pdflatex 2024.12.19)  8 OCT 2025 11:13
entering extended mode
 \write18 enabled.
 %&-line parsing enabled.
**ds_v5.tex
(./ds_v5.tex
LaTeX2e <2023-11-01> patch level 1
L3 programming layer <2024-01-22>
(/usr/share/texlive/texmf-dist/tex/latex/base/book.cls
Document Class: book 2023/05/17 v1.4n Standard LaTeX document class
(/usr/share/texlive/texmf-dist/tex/latex/base/bk12.clo
File: bk12.clo 2023/05/17 v1.4n Standard LaTeX file (size option)
)
\c@part=\count187
\c@chapter=\count188
\c@section=\count189
\c@subsection=\count190
\c@subsubsection=\count191
\c@paragraph=\count192
\c@subparagraph=\count193
\c@figure=\count194
\c@table=\count195
\abovecaptionskip=\skip48
\belowcaptionskip=\skip49
\bibindent=\dimen140
)
(/usr/share/texlive/texmf-dist/tex/latex/graphics/graphicx.sty
Package: graphicx 2021/09/16 v1.2d Enhanced LaTeX Graphics (DPC,SPQR)

(/usr/share/texlive/texmf-dist/tex/latex/graphics/keyval.sty
Package: keyval 2022/05/29 v1.15 key=value parser (DPC)
\KV@toks@=\toks17
)
(/usr/share/texlive/texmf-dist/tex/latex/graphics/graphics.sty
Package: graphics 2022/03/10 v1.4e Standard LaTeX Graphics (DPC,SPQR)

(/usr/share/texlive/texmf-dist/tex/latex/graphics/trig.sty
Package: trig 2021/08/11 v1.11 sin cos tan (DPC)
)
(/usr/share/texlive/texmf-dist/tex/latex/graphics-cfg/graphics.cfg
File: graphics.cfg 2016/06/04 v1.11 sample graphics configuration
)
Package graphics Info: Driver file: pdftex.def on input line 107.

(/usr/share/texlive/texmf-dist/tex/latex/graphics-def/pdftex.def
File: pdftex.def 2022/09/22 v1.2b Graphics/color driver for pdftex
))
\Gin@req@height=\dimen141
\Gin@req@width=\dimen142
)
(/usr/share/texlive/texmf-dist/tex/latex/hyperref/hyperref.sty
Package: hyperref 2024-01-20 v7.01h Hypertext links for LaTeX

(/usr/share/texlive/texmf-dist/tex/generic/iftex/iftex.sty
Package: iftex 2022/02/03 v1.0f TeX engine tests
)
(/usr/share/texlive/texmf-dist/tex/latex/kvsetkeys/kvsetkeys.sty
Package: kvsetkeys 2022-10-05 v1.19 Key value parser (HO)
)
(/usr/share/texlive/texmf-dist/tex/generic/kvdefinekeys/kvdefinekeys.sty
Package: kvdefinekeys 2019-12-19 v1.6 Define keys (HO)
)
(/usr/share/texlive/texmf-dist/tex/generic/pdfescape/pdfescape.sty
Package: pdfescape 2019/12/09 v1.15 Implements pdfTeX's escape features (HO)

(/usr/share/texlive/texmf-dist/tex/generic/ltxcmds/ltxcmds.sty
Package: ltxcmds 2023-12-04 v1.26 LaTeX kernel commands for general use (HO)
)
(/usr/share/texlive/texmf-dist/tex/generic/pdftexcmds/pdftexcmds.sty
Package: pdftexcmds 2020-06-27 v0.33 Utility functions of pdfTeX for LuaTeX (HO
)

(/usr/share/texlive/texmf-dist/tex/generic/infwarerr/infwarerr.sty
Package: infwarerr 2019/12/03 v1.5 Providing info/warning/error messages (HO)
)
Package pdftexcmds Info: \pdf@primitive is available.
Package pdftexcmds Info: \pdf@ifprimitive is available.
Package pdftexcmds Info: \pdfdraftmode found.
))
(/usr/share/texlive/texmf-dist/tex/latex/hycolor/hycolor.sty
Package: hycolor 2020-01-27 v1.10 Color options for hyperref/bookmark (HO)
)
(/usr/share/texlive/texmf-dist/tex/latex/auxhook/auxhook.sty
Package: auxhook 2019-12-17 v1.6 Hooks for auxiliary files (HO)
)
(/usr/share/texlive/texmf-dist/tex/latex/hyperref/nameref.sty
Package: nameref 2023-11-26 v2.56 Cross-referencing by name of section

(/usr/share/texlive/texmf-dist/tex/latex/refcount/refcount.sty
Package: refcount 2019/12/15 v3.6 Data extraction from label references (HO)
)
(/usr/share/texlive/texmf-dist/tex/generic/gettitlestring/gettitlestring.sty
Package: gettitlestring 2019/12/15 v1.6 Cleanup title references (HO)

(/usr/share/texlive/texmf-dist/tex/latex/kvoptions/kvoptions.sty
Package: kvoptions 2022-06-15 v3.15 Key value format for package options (HO)
))
\c@section@level=\count196
)
(/usr/share/texlive/texmf-dist/tex/latex/etoolbox/etoolbox.sty
Package: etoolbox 2020/10/05 v2.5k e-TeX tools for LaTeX (JAW)
\etb@tempcnta=\count197
)
\@linkdim=\dimen143
\Hy@linkcounter=\count198
\Hy@pagecounter=\count199

(/usr/share/texlive/texmf-dist/tex/latex/hyperref/pd1enc.def
File: pd1enc.def 2024-01-20 v7.01h Hyperref: PDFDocEncoding definition (HO)
Now handling font encoding PD1 ...
... no UTF-8 mapping file for font encoding PD1
)
(/usr/share/texlive/texmf-dist/tex/generic/intcalc/intcalc.sty
Package: intcalc 2019/12/15 v1.3 Expandable calculations with integers (HO)
)
\Hy@SavedSpaceFactor=\count266

(/usr/share/texlive/texmf-dist/tex/latex/hyperref/puenc.def
File: puenc.def 2024-01-20 v7.01h Hyperref: PDF Unicode definition (HO)
Now handling font encoding PU ...
... no UTF-8 mapping file for font encoding PU
)
Package hyperref Info: Hyper figures OFF on input line 4179.
Package hyperref Info: Link nesting OFF on input line 4184.
Package hyperref Info: Hyper index ON on input line 4187.
Package hyperref Info: Plain pages OFF on input line 4194.
Package hyperref Info: Backreferencing OFF on input line 4199.
Package hyperref Info: Implicit mode ON; LaTeX internals redefined.
Package hyperref Info: Bookmarks ON on input line 4446.
\c@Hy@tempcnt=\count267

(/usr/share/texlive/texmf-dist/tex/latex/url/url.sty
\Urlmuskip=\muskip16
Package: url 2013/09/16  ver 3.4  Verb mode for urls, etc.
)
LaTeX Info: Redefining \url on input line 4784.
\XeTeXLinkMargin=\dimen144

(/usr/share/texlive/texmf-dist/tex/generic/bitset/bitset.sty
Package: bitset 2019/12/09 v1.3 Handle bit-vector datatype (HO)

(/usr/share/texlive/texmf-dist/tex/generic/bigintcalc/bigintcalc.sty
Package: bigintcalc 2019/12/15 v1.5 Expandable calculations on big integers (HO
)
))
\Fld@menulength=\count268
\Field@Width=\dimen145
\Fld@charsize=\dimen146
Package hyperref Info: Hyper figures OFF on input line 6063.
Package hyperref Info: Link nesting OFF on input line 6068.
Package hyperref Info: Hyper index ON on input line 6071.
Package hyperref Info: backreferencing OFF on input line 6078.
Package hyperref Info: Link coloring OFF on input line 6083.
Package hyperref Info: Link coloring with OCG OFF on input line 6088.
Package hyperref Info: PDF/A mode OFF on input line 6093.

(/usr/share/texlive/texmf-dist/tex/latex/base/atbegshi-ltx.sty
Package: atbegshi-ltx 2021/01/10 v1.0c Emulation of the original atbegshi
package with kernel methods
)
\Hy@abspage=\count269
\c@Item=\count270
\c@Hfootnote=\count271
)
Package hyperref Info: Driver (autodetected): hpdftex.

(/usr/share/texlive/texmf-dist/tex/latex/hyperref/hpdftex.def
File: hpdftex.def 2024-01-20 v7.01h Hyperref driver for pdfTeX

(/usr/share/texlive/texmf-dist/tex/latex/base/atveryend-ltx.sty
Package: atveryend-ltx 2020/08/19 v1.0a Emulation of the original atveryend pac
kage
with kernel methods
)
\Fld@listcount=\count272
\c@bookmark@seq@number=\count273

(/usr/share/texlive/texmf-dist/tex/latex/rerunfilecheck/rerunfilecheck.sty
Package: rerunfilecheck 2022-07-10 v1.10 Rerun checks for auxiliary files (HO)

(/usr/share/texlive/texmf-dist/tex/generic/uniquecounter/uniquecounter.sty
Package: uniquecounter 2019/12/15 v1.4 Provide unlimited unique counter (HO)
)
Package uniquecounter Info: New unique counter `rerunfilecheck' on input line 2
85.
)
\Hy@SectionHShift=\skip50
)
(/usr/share/texlive/texmf-dist/tex/latex/geometry/geometry.sty
Package: geometry 2020/01/02 v5.9 Page Geometry

(/usr/share/texlive/texmf-dist/tex/generic/iftex/ifvtex.sty
Package: ifvtex 2019/10/25 v1.7 ifvtex legacy package. Use iftex instead.
)
\Gm@cnth=\count274
\Gm@cntv=\count275
\c@Gm@tempcnt=\count276
\Gm@bindingoffset=\dimen147
\Gm@wd@mp=\dimen148
\Gm@odd@mp=\dimen149
\Gm@even@mp=\dimen150
\Gm@layoutwidth=\dimen151
\Gm@layoutheight=\dimen152
\Gm@layouthoffset=\dimen153
\Gm@layoutvoffset=\dimen154
\Gm@dimlist=\toks18
)
(/usr/share/texlive/texmf-dist/tex/latex/enumitem/enumitem.sty
Package: enumitem 2019/06/20 v3.9 Customized lists
\labelindent=\skip51
\enit@outerparindent=\dimen155
\enit@toks=\toks19
\enit@inbox=\box51
\enit@count@id=\count277
\enitdp@description=\count278
)
(/usr/share/texlive/texmf-dist/tex/latex/tools/array.sty
Package: array 2023/10/16 v2.5g Tabular extension package (FMi)
\col@sep=\dimen156
\ar@mcellbox=\box52
\extrarowheight=\dimen157
\NC@list=\toks20
\extratabsurround=\skip52
\backup@length=\skip53
\ar@cellbox=\box53
)
(/usr/share/texlive/texmf-dist/tex/latex/tools/longtable.sty
Package: longtable 2023-11-01 v4.19 Multi-page Table package (DPC)
\LTleft=\skip54
\LTright=\skip55
\LTpre=\skip56
\LTpost=\skip57
\LTchunksize=\count279
\LTcapwidth=\dimen158
\LT@head=\box54
\LT@firsthead=\box55
\LT@foot=\box56
\LT@lastfoot=\box57
\LT@gbox=\box58
\LT@cols=\count280
\LT@rows=\count281
\c@LT@tables=\count282
\c@LT@chunks=\count283
\LT@p@ftn=\toks21
)
(/usr/share/texlive/texmf-dist/tex/latex/pdfpages/pdfpages.sty
Package: pdfpages 2024/01/21 v0.5y Insert pages of external PDF documents (AM)

(/usr/share/texlive/texmf-dist/tex/latex/base/ifthen.sty
Package: ifthen 2022/04/13 v1.1d Standard LaTeX ifthen package (DPC)
)
(/usr/share/texlive/texmf-dist/tex/latex/tools/calc.sty
Package: calc 2023/07/08 v4.3 Infix arithmetic (KKT,FJ)
\calc@Acount=\count284
\calc@Bcount=\count285
\calc@Adimen=\dimen159
\calc@Bdimen=\dimen160
\calc@Askip=\skip58
\calc@Bskip=\skip59
LaTeX Info: Redefining \setlength on input line 80.
LaTeX Info: Redefining \addtolength on input line 81.
\calc@Ccount=\count286
\calc@Cskip=\skip60
)
(/usr/share/texlive/texmf-dist/tex/latex/eso-pic/eso-pic.sty
Package: eso-pic 2023/05/03 v3.0c eso-pic (RN)
\ESO@tempdima=\dimen161
\ESO@tempdimb=\dimen162

(/usr/share/texlive/texmf-dist/tex/latex/xcolor/xcolor.sty
Package: xcolor 2023/11/15 v3.01 LaTeX color extensions (UK)

(/usr/share/texlive/texmf-dist/tex/latex/graphics-cfg/color.cfg
File: color.cfg 2016/01/02 v1.6 sample color configuration
)
Package xcolor Info: Driver file: pdftex.def on input line 274.

(/usr/share/texlive/texmf-dist/tex/latex/graphics/mathcolor.ltx)
Package xcolor Info: Model `cmy' substituted by `cmy0' on input line 1350.
Package xcolor Info: Model `hsb' substituted by `rgb' on input line 1354.
Package xcolor Info: Model `RGB' extended on input line 1366.
Package xcolor Info: Model `HTML' substituted by `rgb' on input line 1368.
Package xcolor Info: Model `Hsb' substituted by `hsb' on input line 1369.
Package xcolor Info: Model `tHsb' substituted by `hsb' on input line 1370.
Package xcolor Info: Model `HSB' substituted by `hsb' on input line 1371.
Package xcolor Info: Model `Gray' substituted by `gray' on input line 1372.
Package xcolor Info: Model `wave' substituted by `hsb' on input line 1373.
))
\AM@pagewidth=\dimen163
\AM@pageheight=\dimen164
\AM@fboxrule=\dimen165

(/usr/share/texlive/texmf-dist/tex/latex/pdfpages/pppdftex.def
File: pppdftex.def 2024/01/21 v0.5y Pdfpages driver for pdfTeX (AM)
)
\pdfpages@includegraphics@status=\count287
\AM@pagebox=\box59
\AM@global@opts=\toks22
\AM@pagecnt=\count288
\AM@toc@title=\toks23
\AM@lof@heading=\toks24
\c@AM@survey=\count289
\AM@templatesizebox=\box60
)
(/usr/share/texlive/texmf-dist/tex/latex/tools/tabularx.sty
Package: tabularx 2023/07/08 v2.11c `tabularx' package (DPC)
\TX@col@width=\dimen166
\TX@old@table=\dimen167
\TX@old@col=\dimen168
\TX@target=\dimen169
\TX@delta=\dimen170
\TX@cols=\count290
\TX@ftn=\toks25
)
(/usr/share/texlive/texmf-dist/tex/latex/booktabs/booktabs.sty
Package: booktabs 2020/01/12 v1.61803398 Publication quality tables
\heavyrulewidth=\dimen171
\lightrulewidth=\dimen172
\cmidrulewidth=\dimen173
\belowrulesep=\dimen174
\belowbottomsep=\dimen175
\aboverulesep=\dimen176
\abovetopsep=\dimen177
\cmidrulesep=\dimen178
\cmidrulekern=\dimen179
\defaultaddspace=\dimen180
\@cmidla=\count291
\@cmidlb=\count292
\@aboverulesep=\dimen181
\@belowrulesep=\dimen182
\@thisruleclass=\count293
\@lastruleclass=\count294
\@thisrulewidth=\dimen183
)
(/usr/share/texlive/texmf-dist/tex/latex/fancyhdr/fancyhdr.sty
Package: fancyhdr 2022/11/09 v4.1 Extensive control of page headers and footers

\f@nch@headwidth=\skip61
\f@nch@O@elh=\skip62
\f@nch@O@erh=\skip63
\f@nch@O@olh=\skip64
\f@nch@O@orh=\skip65
\f@nch@O@elf=\skip66
\f@nch@O@erf=\skip67
\f@nch@O@olf=\skip68
\f@nch@O@orf=\skip69
)
(/usr/share/texlive/texmf-dist/tex/latex/lastpage/lastpage.sty
Package: lastpage 2023/10/14 v2.0e lastpage: 2.09 or 2e? (HMM)

(/usr/share/texlive/texmf-dist/tex/latex/lastpage/lastpage2e.sty
Package: lastpage2e 2023/10/14 v2.0e Decide which 2e lastpage version to use (H
MM)

(/usr/share/texlive/texmf-dist/tex/latex/lastpage/lastpagemodern.sty
Package: lastpagemodern 2023-10-14 v2.0e Refers to last page's name (HMM; JPG)
\c@lastpagecount=\count295
) 
)) (/usr/share/texlive/texmf-dist/tex/latex/parskip/parskip.sty
Package: parskip 2021-03-14 v2.0h non-zero parskip adjustments
)
(/usr/share/texlive/texmf-dist/tex/generic/ulem/ulem.sty
\UL@box=\box61
\UL@hyphenbox=\box62
\UL@skip=\skip70
\UL@hook=\toks26
\UL@height=\dimen184
\UL@pe=\count296
\UL@pixel=\dimen185
\ULC@box=\box63
Package: ulem 2019/11/18
\ULdepth=\dimen186
)
(/usr/share/texlive/texmf-dist/tex/latex/pgfplots/pgfplots.sty
(/usr/share/texlive/texmf-dist/tex/generic/pgfplots/pgfplots.revision.tex)
Package: pgfplots 2021/05/15 v1.18.1 Data Visualization (1.18.1)

(/usr/share/texlive/texmf-dist/tex/latex/pgf/frontendlayer/tikz.sty
(/usr/share/texlive/texmf-dist/tex/latex/pgf/basiclayer/pgf.sty
(/usr/share/texlive/texmf-dist/tex/latex/pgf/utilities/pgfrcs.sty
(/usr/share/texlive/texmf-dist/tex/generic/pgf/utilities/pgfutil-common.tex
\pgfutil@everybye=\toks27
\pgfutil@tempdima=\dimen187
\pgfutil@tempdimb=\dimen188
)
(/usr/share/texlive/texmf-dist/tex/generic/pgf/utilities/pgfutil-latex.def
\pgfutil@abb=\box64
)
(/usr/share/texlive/texmf-dist/tex/generic/pgf/utilities/pgfrcs.code.tex
(/usr/share/texlive/texmf-dist/tex/generic/pgf/pgf.revision.tex)
Package: pgfrcs 2023-01-15 v3.1.10 (3.1.10)
))
Package: pgf 2023-01-15 v3.1.10 (3.1.10)

(/usr/share/texlive/texmf-dist/tex/latex/pgf/basiclayer/pgfcore.sty
(/usr/share/texlive/texmf-dist/tex/latex/pgf/systemlayer/pgfsys.sty
(/usr/share/texlive/texmf-dist/tex/generic/pgf/systemlayer/pgfsys.code.tex
Package: pgfsys 2023-01-15 v3.1.10 (3.1.10)

(/usr/share/texlive/texmf-dist/tex/generic/pgf/utilities/pgfkeys.code.tex
\pgfkeys@pathtoks=\toks28
\pgfkeys@temptoks=\toks29

(/usr/share/texlive/texmf-dist/tex/generic/pgf/utilities/pgfkeyslibraryfiltered
.code.tex
\pgfkeys@tmptoks=\toks30
))
\pgf@x=\dimen189
\pgf@y=\dimen190
\pgf@xa=\dimen191
\pgf@ya=\dimen192
\pgf@xb=\dimen193
\pgf@yb=\dimen194
\pgf@xc=\dimen195
\pgf@yc=\dimen196
\pgf@xd=\dimen197
\pgf@yd=\dimen198
\w@pgf@writea=\write3
\r@pgf@reada=\read2
\c@pgf@counta=\count297
\c@pgf@countb=\count298
\c@pgf@countc=\count299
\c@pgf@countd=\count300
\t@pgf@toka=\toks31
\t@pgf@tokb=\toks32
\t@pgf@tokc=\toks33
\pgf@sys@id@count=\count301
 (/usr/share/texlive/texmf-dist/tex/generic/pgf/systemlayer/pgf.cfg
File: pgf.cfg 2023-01-15 v3.1.10 (3.1.10)
)
Driver file for pgf: pgfsys-pdftex.def
(/usr/share/texlive/texmf-dist/tex/generic/pgf/systemlayer/pgfsys-pdftex.def
File: pgfsys-pdftex.def 2023-01-15 v3.1.10 (3.1.10)

(/usr/share/texlive/texmf-dist/tex/generic/pgf/systemlayer/pgfsys-common-pdf.de
f
File: pgfsys-common-pdf.def 2023-01-15 v3.1.10 (3.1.10)
)))
(/usr/share/texlive/texmf-dist/tex/generic/pgf/systemlayer/pgfsyssoftpath.code.
tex
File: pgfsyssoftpath.code.tex 2023-01-15 v3.1.10 (3.1.10)
\pgfsyssoftpath@smallbuffer@items=\count302
\pgfsyssoftpath@bigbuffer@items=\count303
)
(/usr/share/texlive/texmf-dist/tex/generic/pgf/systemlayer/pgfsysprotocol.code.
tex
File: pgfsysprotocol.code.tex 2023-01-15 v3.1.10 (3.1.10)
))
(/usr/share/texlive/texmf-dist/tex/generic/pgf/basiclayer/pgfcore.code.tex
Package: pgfcore 2023-01-15 v3.1.10 (3.1.10)

(/usr/share/texlive/texmf-dist/tex/generic/pgf/math/pgfmath.code.tex
(/usr/share/texlive/texmf-dist/tex/generic/pgf/math/pgfmathutil.code.tex)
(/usr/share/texlive/texmf-dist/tex/generic/pgf/math/pgfmathparser.code.tex
\pgfmath@dimen=\dimen199
\pgfmath@count=\count304
\pgfmath@box=\box65
\pgfmath@toks=\toks34
\pgfmath@stack@operand=\toks35
\pgfmath@stack@operation=\toks36
)
(/usr/share/texlive/texmf-dist/tex/generic/pgf/math/pgfmathfunctions.code.tex)
(/usr/share/texlive/texmf-dist/tex/generic/pgf/math/pgfmathfunctions.basic.code
.tex)
(/usr/share/texlive/texmf-dist/tex/generic/pgf/math/pgfmathfunctions.trigonomet
ric.code.tex)
(/usr/share/texlive/texmf-dist/tex/generic/pgf/math/pgfmathfunctions.random.cod
e.tex)
(/usr/share/texlive/texmf-dist/tex/generic/pgf/math/pgfmathfunctions.comparison
.code.tex)
(/usr/share/texlive/texmf-dist/tex/generic/pgf/math/pgfmathfunctions.base.code.
tex)
(/usr/share/texlive/texmf-dist/tex/generic/pgf/math/pgfmathfunctions.round.code
.tex)
(/usr/share/texlive/texmf-dist/tex/generic/pgf/math/pgfmathfunctions.misc.code.
tex)
(/usr/share/texlive/texmf-dist/tex/generic/pgf/math/pgfmathfunctions.integerari
thmetics.code.tex)
(/usr/share/texlive/texmf-dist/tex/generic/pgf/math/pgfmathcalc.code.tex)
(/usr/share/texlive/texmf-dist/tex/generic/pgf/math/pgfmathfloat.code.tex
\c@pgfmathroundto@lastzeros=\count305
))
(/usr/share/texlive/texmf-dist/tex/generic/pgf/math/pgfint.code.tex)
(/usr/share/texlive/texmf-dist/tex/generic/pgf/basiclayer/pgfcorepoints.code.te
x
File: pgfcorepoints.code.tex 2023-01-15 v3.1.10 (3.1.10)
\pgf@picminx=\dimen256
\pgf@picmaxx=\dimen257
\pgf@picminy=\dimen258
\pgf@picmaxy=\dimen259
\pgf@pathminx=\dimen260
\pgf@pathmaxx=\dimen261
\pgf@pathminy=\dimen262
\pgf@pathmaxy=\dimen263
\pgf@xx=\dimen264
\pgf@xy=\dimen265
\pgf@yx=\dimen266
\pgf@yy=\dimen267
\pgf@zx=\dimen268
\pgf@zy=\dimen269
)
(/usr/share/texlive/texmf-dist/tex/generic/pgf/basiclayer/pgfcorepathconstruct.
code.tex
File: pgfcorepathconstruct.code.tex 2023-01-15 v3.1.10 (3.1.10)
\pgf@path@lastx=\dimen270
\pgf@path@lasty=\dimen271
)
(/usr/share/texlive/texmf-dist/tex/generic/pgf/basiclayer/pgfcorepathusage.code
.tex
File: pgfcorepathusage.code.tex 2023-01-15 v3.1.10 (3.1.10)
\pgf@shorten@end@additional=\dimen272
\pgf@shorten@start@additional=\dimen273
)
(/usr/share/texlive/texmf-dist/tex/generic/pgf/basiclayer/pgfcorescopes.code.te
x
File: pgfcorescopes.code.tex 2023-01-15 v3.1.10 (3.1.10)
\pgfpic=\box66
\pgf@hbox=\box67
\pgf@layerbox@main=\box68
\pgf@picture@serial@count=\count306
)
(/usr/share/texlive/texmf-dist/tex/generic/pgf/basiclayer/pgfcoregraphicstate.c
ode.tex
File: pgfcoregraphicstate.code.tex 2023-01-15 v3.1.10 (3.1.10)
\pgflinewidth=\dimen274
)
(/usr/share/texlive/texmf-dist/tex/generic/pgf/basiclayer/pgfcoretransformation
s.code.tex
File: pgfcoretransformations.code.tex 2023-01-15 v3.1.10 (3.1.10)
\pgf@pt@x=\dimen275
\pgf@pt@y=\dimen276
\pgf@pt@temp=\dimen277
)
(/usr/share/texlive/texmf-dist/tex/generic/pgf/basiclayer/pgfcorequick.code.tex
File: pgfcorequick.code.tex 2023-01-15 v3.1.10 (3.1.10)
)
(/usr/share/texlive/texmf-dist/tex/generic/pgf/basiclayer/pgfcoreobjects.code.t
ex
File: pgfcoreobjects.code.tex 2023-01-15 v3.1.10 (3.1.10)
)
(/usr/share/texlive/texmf-dist/tex/generic/pgf/basiclayer/pgfcorepathprocessing
.code.tex
File: pgfcorepathprocessing.code.tex 2023-01-15 v3.1.10 (3.1.10)
)
(/usr/share/texlive/texmf-dist/tex/generic/pgf/basiclayer/pgfcorearrows.code.te
x
File: pgfcorearrows.code.tex 2023-01-15 v3.1.10 (3.1.10)
\pgfarrowsep=\dimen278
)
(/usr/share/texlive/texmf-dist/tex/generic/pgf/basiclayer/pgfcoreshade.code.tex
File: pgfcoreshade.code.tex 2023-01-15 v3.1.10 (3.1.10)
\pgf@max=\dimen279
\pgf@sys@shading@range@num=\count307
\pgf@shadingcount=\count308
)
(/usr/share/texlive/texmf-dist/tex/generic/pgf/basiclayer/pgfcoreimage.code.tex
File: pgfcoreimage.code.tex 2023-01-15 v3.1.10 (3.1.10)
)
(/usr/share/texlive/texmf-dist/tex/generic/pgf/basiclayer/pgfcoreexternal.code.
tex
File: pgfcoreexternal.code.tex 2023-01-15 v3.1.10 (3.1.10)
\pgfexternal@startupbox=\box69
)
(/usr/share/texlive/texmf-dist/tex/generic/pgf/basiclayer/pgfcorelayers.code.te
x
File: pgfcorelayers.code.tex 2023-01-15 v3.1.10 (3.1.10)
)
(/usr/share/texlive/texmf-dist/tex/generic/pgf/basiclayer/pgfcoretransparency.c
ode.tex
File: pgfcoretransparency.code.tex 2023-01-15 v3.1.10 (3.1.10)
)
(/usr/share/texlive/texmf-dist/tex/generic/pgf/basiclayer/pgfcorepatterns.code.
tex
File: pgfcorepatterns.code.tex 2023-01-15 v3.1.10 (3.1.10)
)
(/usr/share/texlive/texmf-dist/tex/generic/pgf/basiclayer/pgfcorerdf.code.tex
File: pgfcorerdf.code.tex 2023-01-15 v3.1.10 (3.1.10)
)))
(/usr/share/texlive/texmf-dist/tex/generic/pgf/modules/pgfmoduleshapes.code.tex
File: pgfmoduleshapes.code.tex 2023-01-15 v3.1.10 (3.1.10)
\pgfnodeparttextbox=\box70
) (/usr/share/texlive/texmf-dist/tex/generic/pgf/modules/pgfmoduleplot.code.tex
File: pgfmoduleplot.code.tex 2023-01-15 v3.1.10 (3.1.10)
)
(/usr/share/texlive/texmf-dist/tex/latex/pgf/compatibility/pgfcomp-version-0-65
.sty
Package: pgfcomp-version-0-65 2023-01-15 v3.1.10 (3.1.10)
\pgf@nodesepstart=\dimen280
\pgf@nodesepend=\dimen281
)
(/usr/share/texlive/texmf-dist/tex/latex/pgf/compatibility/pgfcomp-version-1-18
.sty
Package: pgfcomp-version-1-18 2023-01-15 v3.1.10 (3.1.10)
)) (/usr/share/texlive/texmf-dist/tex/latex/pgf/utilities/pgffor.sty
(/usr/share/texlive/texmf-dist/tex/latex/pgf/utilities/pgfkeys.sty
(/usr/share/texlive/texmf-dist/tex/generic/pgf/utilities/pgfkeys.code.tex))
(/usr/share/texlive/texmf-dist/tex/latex/pgf/math/pgfmath.sty
(/usr/share/texlive/texmf-dist/tex/generic/pgf/math/pgfmath.code.tex))
(/usr/share/texlive/texmf-dist/tex/generic/pgf/utilities/pgffor.code.tex
Package: pgffor 2023-01-15 v3.1.10 (3.1.10)
\pgffor@iter=\dimen282
\pgffor@skip=\dimen283
\pgffor@stack=\toks37
\pgffor@toks=\toks38
))
(/usr/share/texlive/texmf-dist/tex/generic/pgf/frontendlayer/tikz/tikz.code.tex
Package: tikz 2023-01-15 v3.1.10 (3.1.10)

(/usr/share/texlive/texmf-dist/tex/generic/pgf/libraries/pgflibraryplothandlers
.code.tex
File: pgflibraryplothandlers.code.tex 2023-01-15 v3.1.10 (3.1.10)
\pgf@plot@mark@count=\count309
\pgfplotmarksize=\dimen284
)
\tikz@lastx=\dimen285
\tikz@lasty=\dimen286
\tikz@lastxsaved=\dimen287
\tikz@lastysaved=\dimen288
\tikz@lastmovetox=\dimen289
\tikz@lastmovetoy=\dimen290
\tikzleveldistance=\dimen291
\tikzsiblingdistance=\dimen292
\tikz@figbox=\box71
\tikz@figbox@bg=\box72
\tikz@tempbox=\box73
\tikz@tempbox@bg=\box74
\tikztreelevel=\count310
\tikznumberofchildren=\count311
\tikznumberofcurrentchild=\count312
\tikz@fig@count=\count313

(/usr/share/texlive/texmf-dist/tex/generic/pgf/modules/pgfmodulematrix.code.tex
File: pgfmodulematrix.code.tex 2023-01-15 v3.1.10 (3.1.10)
\pgfmatrixcurrentrow=\count314
\pgfmatrixcurrentcolumn=\count315
\pgf@matrix@numberofcolumns=\count316
)
\tikz@expandcount=\count317

(/usr/share/texlive/texmf-dist/tex/generic/pgf/frontendlayer/tikz/libraries/tik
zlibrarytopaths.code.tex
File: tikzlibrarytopaths.code.tex 2023-01-15 v3.1.10 (3.1.10)
)))
(/usr/share/texlive/texmf-dist/tex/generic/pgfplots/pgfplots.code.tex
(/usr/share/texlive/texmf-dist/tex/generic/pgfplots/pgfplotscore.code.tex
\t@pgfplots@toka=\toks39
\t@pgfplots@tokb=\toks40
\t@pgfplots@tokc=\toks41
\pgfplots@tmpa=\dimen293
\c@pgfplots@coordindex=\count318
\c@pgfplots@scanlineindex=\count319

(/usr/share/texlive/texmf-dist/tex/generic/pgfplots/sys/pgfplotssysgeneric.code
.tex))
(/usr/share/texlive/texmf-dist/tex/generic/pgfplots/libs/pgfplotslibrary.code.t
ex)
(/usr/share/texlive/texmf-dist/tex/generic/pgfplots/oldpgfcompatib/pgfplotsoldp
gfsupp_loader.code.tex
(/usr/share/texlive/texmf-dist/tex/generic/pgf/libraries/pgflibraryfpu.code.tex
)
Package pgfplots: loading complementary utilities for your pgf version...
\t@pgf@toka=\toks42
\t@pgf@tokb=\toks43
\t@pgf@tokc=\toks44

(/usr/share/texlive/texmf-dist/tex/generic/pgfplots/oldpgfcompatib/pgfplotsoldp
gfsupp_pgfutil-common-lists.tex))
(/usr/share/texlive/texmf-dist/tex/generic/pgfplots/util/pgfplotsutil.code.tex
(/usr/share/texlive/texmf-dist/tex/generic/pgfplots/liststructure/pgfplotslists
tructure.code.tex)
(/usr/share/texlive/texmf-dist/tex/generic/pgfplots/liststructure/pgfplotslists
tructureext.code.tex)
(/usr/share/texlive/texmf-dist/tex/generic/pgfplots/liststructure/pgfplotsarray
.code.tex
\c@pgfplotsarray@tmp=\count320
)
(/usr/share/texlive/texmf-dist/tex/generic/pgfplots/liststructure/pgfplotsmatri
x.code.tex)
(/usr/share/texlive/texmf-dist/tex/generic/pgfplots/numtable/pgfplotstableshare
d.code.tex
\c@pgfplotstable@counta=\count321
\t@pgfplotstable@a=\toks45
)
(/usr/share/texlive/texmf-dist/tex/generic/pgfplots/liststructure/pgfplotsdeque
.code.tex)
(/usr/share/texlive/texmf-dist/tex/generic/pgfplots/util/pgfplotsbinary.code.te
x
(/usr/share/texlive/texmf-dist/tex/generic/pgfplots/util/pgfplotsbinary.data.co
de.tex))
(/usr/share/texlive/texmf-dist/tex/generic/pgfplots/util/pgfplotsutil.verb.code
.tex)
(/usr/share/texlive/texmf-dist/tex/generic/pgfplots/libs/pgflibrarypgfplots.sur
fshading.code.tex
\c@pgfplotslibrarysurf@no=\count322

(/usr/share/texlive/texmf-dist/tex/generic/pgfplots/sys/pgflibrarypgfplots.surf
shading.pgfsys-pdftex.def)))
(/usr/share/texlive/texmf-dist/tex/generic/pgfplots/util/pgfplotscolormap.code.
tex
(/usr/share/texlive/texmf-dist/tex/generic/pgfplots/util/pgfplotscolor.code.tex
))
(/usr/share/texlive/texmf-dist/tex/generic/pgfplots/pgfplotsstackedplots.code.t
ex)
(/usr/share/texlive/texmf-dist/tex/generic/pgfplots/pgfplotsplothandlers.code.t
ex
(/usr/share/texlive/texmf-dist/tex/generic/pgfplots/pgfplotsmeshplothandler.cod
e.tex
(/usr/share/texlive/texmf-dist/tex/generic/pgfplots/pgfplotsmeshplotimage.code.
tex)))
(/usr/share/texlive/texmf-dist/tex/generic/pgfplots/pgfplots.scaling.code.tex)
(/usr/share/texlive/texmf-dist/tex/generic/pgfplots/pgfplotscoordprocessing.cod
e.tex)
(/usr/share/texlive/texmf-dist/tex/generic/pgfplots/pgfplots.errorbars.code.tex
) (/usr/share/texlive/texmf-dist/tex/generic/pgfplots/pgfplots.markers.code.tex
) (/usr/share/texlive/texmf-dist/tex/generic/pgfplots/pgfplotsticks.code.tex)
(/usr/share/texlive/texmf-dist/tex/generic/pgfplots/pgfplots.paths.code.tex)
(/usr/share/texlive/texmf-dist/tex/generic/pgf/frontendlayer/tikz/libraries/tik
zlibrarydecorations.code.tex
(/usr/share/texlive/texmf-dist/tex/generic/pgf/modules/pgfmoduledecorations.cod
e.tex
\pgfdecoratedcompleteddistance=\dimen294
\pgfdecoratedremainingdistance=\dimen295
\pgfdecoratedinputsegmentcompleteddistance=\dimen296
\pgfdecoratedinputsegmentremainingdistance=\dimen297
\pgf@decorate@distancetomove=\dimen298
\pgf@decorate@repeatstate=\count323
\pgfdecorationsegmentamplitude=\dimen299
\pgfdecorationsegmentlength=\dimen300
)
\tikz@lib@dec@box=\box75
)
(/usr/share/texlive/texmf-dist/tex/generic/pgf/frontendlayer/tikz/libraries/tik
zlibrarydecorations.pathmorphing.code.tex
(/usr/share/texlive/texmf-dist/tex/generic/pgf/libraries/decorations/pgflibrary
decorations.pathmorphing.code.tex))
(/usr/share/texlive/texmf-dist/tex/generic/pgf/frontendlayer/tikz/libraries/tik
zlibrarydecorations.pathreplacing.code.tex
(/usr/share/texlive/texmf-dist/tex/generic/pgf/libraries/decorations/pgflibrary
decorations.pathreplacing.code.tex))
(/usr/share/texlive/texmf-dist/tex/generic/pgfplots/libs/tikzlibrarypgfplots.co
ntourlua.code.tex)
\pgfplots@numplots=\count324
\pgfplots@xmin@reg=\dimen301
\pgfplots@xmax@reg=\dimen302
\pgfplots@ymin@reg=\dimen303
\pgfplots@ymax@reg=\dimen304
\pgfplots@zmin@reg=\dimen305
\pgfplots@zmax@reg=\dimen306
)
(/usr/share/texlive/texmf-dist/tex/generic/pgf/frontendlayer/tikz/libraries/tik
zlibraryplotmarks.code.tex
File: tikzlibraryplotmarks.code.tex 2023-01-15 v3.1.10 (3.1.10)

(/usr/share/texlive/texmf-dist/tex/generic/pgf/libraries/pgflibraryplotmarks.co
de.tex
File: pgflibraryplotmarks.code.tex 2023-01-15 v3.1.10 (3.1.10)
))) (/usr/share/texlive/texmf-dist/tex/latex/pgf-pie/pgf-pie.sty
Package: pgf-pie 2022/06/14 v0.7 Some LaTeX macros for pie chart by using PGF/T
ikz package.

(/usr/share/texlive/texmf-dist/tex/latex/pgf-pie/tikzlibrarypie.code.tex
(/usr/share/texlive/texmf-dist/tex/latex/carlisle/scalefnt.sty)
\pgfpie@angleEnd=\dimen307
\pgfpie@explodeLength=\count325
\pgfpie@colorLength=\count326
\pgfpie@sliceLength=\count327
))
(/usr/share/texlive/texmf-dist/tex/generic/pgf/frontendlayer/tikz/libraries/tik
zlibraryshadows.code.tex
File: tikzlibraryshadows.code.tex 2023-01-15 v3.1.10 (3.1.10)

(/usr/share/texlive/texmf-dist/tex/generic/pgf/frontendlayer/tikz/libraries/tik
zlibraryfadings.code.tex
File: tikzlibraryfadings.code.tex 2023-01-15 v3.1.10 (3.1.10)

(/usr/share/texlive/texmf-dist/tex/generic/pgf/libraries/pgflibraryfadings.code
.tex
File: pgflibraryfadings.code.tex 2023-01-15 v3.1.10 (3.1.10)
)))
(/usr/share/texlive/texmf-dist/tex/generic/pgf/frontendlayer/tikz/libraries/tik
zlibrarypositioning.code.tex
File: tikzlibrarypositioning.code.tex 2023-01-15 v3.1.10 (3.1.10)
)
\c@exhibitcounter=\count328

(/usr/share/texlive/texmf-dist/tex/latex/l3backend/l3backend-pdftex.def
File: l3backend-pdftex.def 2024-01-04 L3 backend support: PDF output (pdfTeX)
\l__color_backend_stack_int=\count329
\l__pdf_internal_box=\box76
)
(./ds_v5.aux)
\openout1 = `ds_v5.aux'.

LaTeX Font Info:    Checking defaults for OML/cmm/m/it on input line 53.
LaTeX Font Info:    ... okay on input line 53.
LaTeX Font Info:    Checking defaults for OMS/cmsy/m/n on input line 53.
LaTeX Font Info:    ... okay on input line 53.
LaTeX Font Info:    Checking defaults for OT1/cmr/m/n on input line 53.
LaTeX Font Info:    ... okay on input line 53.
LaTeX Font Info:    Checking defaults for T1/cmr/m/n on input line 53.
LaTeX Font Info:    ... okay on input line 53.
LaTeX Font Info:    Checking defaults for TS1/cmr/m/n on input line 53.
LaTeX Font Info:    ... okay on input line 53.
LaTeX Font Info:    Checking defaults for OMX/cmex/m/n on input line 53.
LaTeX Font Info:    ... okay on input line 53.
LaTeX Font Info:    Checking defaults for U/cmr/m/n on input line 53.
LaTeX Font Info:    ... okay on input line 53.
LaTeX Font Info:    Checking defaults for PD1/pdf/m/n on input line 53.
LaTeX Font Info:    ... okay on input line 53.
LaTeX Font Info:    Checking defaults for PU/pdf/m/n on input line 53.
LaTeX Font Info:    ... okay on input line 53.

(/usr/share/texlive/texmf-dist/tex/context/base/mkii/supp-pdf.mkii
[Loading MPS to PDF converter (version 2006.09.02).]
\scratchcounter=\count330
\scratchdimen=\dimen308
\scratchbox=\box77
\nofMPsegments=\count331
\nofMParguments=\count332
\everyMPshowfont=\toks46
\MPscratchCnt=\count333
\MPscratchDim=\dimen309
\MPnumerator=\count334
\makeMPintoPDFobject=\count335
\everyMPtoPDFconversion=\toks47
) (/usr/share/texlive/texmf-dist/tex/latex/epstopdf-pkg/epstopdf-base.sty
Package: epstopdf-base 2020-01-24 v2.11 Base part for package epstopdf
Package epstopdf-base Info: Redefining graphics rule for `.eps' on input line 4
85.

(/usr/share/texlive/texmf-dist/tex/latex/latexconfig/epstopdf-sys.cfg
File: epstopdf-sys.cfg 2010/07/13 v1.3 Configuration of (r)epstopdf for TeX Liv
e
))
Package hyperref Info: Link coloring OFF on input line 53.

(./ds_v5.out) (./ds_v5.out)
\@outlinefile=\write4
\openout4 = `ds_v5.out'.


*geometry* driver: auto-detecting
*geometry* detected driver: pdftex
*geometry* verbose mode - [ preamble ] result:
* driver: pdftex
* paper: a4paper
* layout: <same size as paper>
* layoutoffset:(h,v)=(0.0pt,0.0pt)
* modes: 
* h-part:(L,W,R)=(72.26999pt, 452.9679pt, 72.26999pt)
* v-part:(T,H,B)=(72.26999pt, 700.50687pt, 72.26999pt)
* \paperwidth=597.50787pt
* \paperheight=845.04684pt
* \textwidth=452.9679pt
* \textheight=700.50687pt
* \oddsidemargin=0.0pt
* \evensidemargin=0.0pt
* \topmargin=-31.8738pt
* \headheight=12.0pt
* \headsep=19.8738pt
* \topskip=12.0pt
* \footskip=30.0pt
* \marginparwidth=47.0pt
* \marginparsep=7.0pt
* \columnsep=10.0pt
* \skip\footins=10.8pt plus 4.0pt minus 2.0pt
* \hoffset=0.0pt
* \voffset=0.0pt
* \mag=1000
* \@twocolumnfalse
* \@twosidefalse
* \@mparswitchfalse
* \@reversemarginfalse
* (1in=72.27pt=25.4mm, 1cm=28.453pt)

(/usr/share/texlive/texmf-dist/tex/latex/pdflscape/pdflscape.sty
Package: pdflscape 2022-10-27 v0.13 Display of landscape pages in PDF

(/usr/share/texlive/texmf-dist/tex/latex/pdflscape/pdflscape-nometadata.sty
Package: pdflscape-nometadata 2022-10-28 v0.13 Display of landscape pages in PD
F (HO)

(/usr/share/texlive/texmf-dist/tex/latex/graphics/lscape.sty
Package: lscape 2020/05/28 v3.02 Landscape Pages (DPC)
)
Package pdflscape Info: Auto-detected driver: pdftex on input line 81.
))
Package pgfplots notification 'compat/show suggested version=true': document ha
s been generated with the most recent feature set (\pgfplotsset{compat=1.18}).

LaTeX Font Info:    External font `cmex10' loaded for size
(Font)              <14.4> on input line 60.
LaTeX Font Info:    External font `cmex10' loaded for size
(Font)              <7> on input line 60.
[1



{/var/lib/texmf/fonts/map/pdftex/updmap/pdftex.map}] (./ds_v5.toc
LaTeX Font Info:    External font `cmex10' loaded for size
(Font)              <12> on input line 3.
LaTeX Font Info:    External font `cmex10' loaded for size
(Font)              <8> on input line 3.
LaTeX Font Info:    External font `cmex10' loaded for size
(Font)              <6> on input line 3.

Overfull \hbox (1.40941pt too wide) in paragraph at lines 23--23
 [][] [][]\OT1/cmr/m/n/12 Initiative 2: Open-Source Re-search and Knowl-edge Di
s-sem-i-na-tion on Agen- 
 []


pdfTeX warning (ext4): destination with the same identifier (name{page.i}) has 
been already used, duplicate ignored
<to be read again> 
                   \relax 
l.49 ...utation and Cyber Security}{48}{chapter.4}
                                                  % [1

{/usr/share/texmf/fonts/enc/dvips/cm-super/cm-super-ts1.enc}] [2] [3])
\tf@toc=\write5
\openout5 = `ds_v5.toc'.

 [4]

pdfTeX warning: /usr/bin/pdflatex (file ./forms/i-907_v2.pdf): PDF inclusion: f
ound PDF version <1.7>, but at most version <1.5> allowed
<forms/i-907_v2.pdf, id=768, 614.295pt x 794.97pt>
File: forms/i-907_v2.pdf Graphic file (type pdf)
<use forms/i-907_v2.pdf>
Package pdftex.def Info: forms/i-907_v2.pdf  used on input line 66.
(pdftex.def)             Requested size: 614.29349pt x 794.96806pt.


pdfTeX warning: /usr/bin/pdflatex (file ./forms/i-907_v2.pdf): PDF inclusion: f
ound PDF version <1.7>, but at most version <1.5> allowed
File: forms/i-907_v2.pdf Graphic file (type pdf)
<use forms/i-907_v2.pdf>
Package pdftex.def Info: forms/i-907_v2.pdf  used on input line 66.
(pdftex.def)             Requested size: 614.29349pt x 794.96806pt.


pdfTeX warning: /usr/bin/pdflatex (file ./forms/i-907_v2.pdf): PDF inclusion: f
ound PDF version <1.7>, but at most version <1.5> allowed


pdfTeX warning: /usr/bin/pdflatex (file ./forms/i-907_v2.pdf): PDF inclusion: f
ound PDF version <1.7>, but at most version <1.5> allowed
<forms/i-907_v2.pdf, id=771, page=1, 614.295pt x 794.97pt>
File: forms/i-907_v2.pdf Graphic file (type pdf)
<use forms/i-907_v2.pdf, page 1>
Package pdftex.def Info: forms/i-907_v2.pdf , page1 used on input line 66.
(pdftex.def)             Requested size: 614.29349pt x 794.96806pt.
File: forms/i-907_v2.pdf Graphic file (type pdf)
<use forms/i-907_v2.pdf, page 1>
Package pdftex.def Info: forms/i-907_v2.pdf , page1 used on input line 66.
(pdftex.def)             Requested size: 614.58406pt x 795.3441pt.
[1


]
File: forms/i-907_v2.pdf Graphic file (type pdf)
<use forms/i-907_v2.pdf, page 1>
Package pdftex.def Info: forms/i-907_v2.pdf , page1 used on input line 66.
(pdftex.def)             Requested size: 614.58406pt x 795.3441pt.
File: forms/i-907_v2.pdf Graphic file (type pdf)
<use forms/i-907_v2.pdf, page 1>
Package pdftex.def Info: forms/i-907_v2.pdf , page1 used on input line 66.
(pdftex.def)             Requested size: 614.58406pt x 795.3441pt.


Package fancyhdr Warning: \headheight is too small (12.0pt): 
(fancyhdr)                Make it at least 14.49998pt, for example:
(fancyhdr)                \setlength{\headheight}{14.49998pt}.
(fancyhdr)                You might also make \topmargin smaller to compensate:

(fancyhdr)                \addtolength{\topmargin}{-2.49998pt}.

File: forms/i-907_v2.pdf Graphic file (type pdf)
<use forms/i-907_v2.pdf, page 1>
Package pdftex.def Info: forms/i-907_v2.pdf , page1 used on input line 66.
(pdftex.def)             Requested size: 614.58406pt x 795.3441pt.
[2

 <./forms/i-907_v2.pdf>]

pdfTeX warning: /usr/bin/pdflatex (file ./forms/i-907_v2.pdf): PDF inclusion: f
ound PDF version <1.7>, but at most version <1.5> allowed
<forms/i-907_v2.pdf, id=826, page=2, 614.295pt x 794.97pt>
File: forms/i-907_v2.pdf Graphic file (type pdf)
<use forms/i-907_v2.pdf, page 2>
Package pdftex.def Info: forms/i-907_v2.pdf , page2 used on input line 66.
(pdftex.def)             Requested size: 614.58406pt x 795.3441pt.
File: forms/i-907_v2.pdf Graphic file (type pdf)
<use forms/i-907_v2.pdf, page 2>
Package pdftex.def Info: forms/i-907_v2.pdf , page2 used on input line 66.
(pdftex.def)             Requested size: 614.58406pt x 795.3441pt.

Package fancyhdr Warning: \headheight is too small (12.0pt): 
(fancyhdr)                Make it at least 14.49998pt, for example:
(fancyhdr)                \setlength{\headheight}{14.49998pt}.
(fancyhdr)                You might also make \topmargin smaller to compensate:

(fancyhdr)                \addtolength{\topmargin}{-2.49998pt}.

File: forms/i-907_v2.pdf Graphic file (type pdf)
<use forms/i-907_v2.pdf, page 2>
Package pdftex.def Info: forms/i-907_v2.pdf , page2 used on input line 66.
(pdftex.def)             Requested size: 614.58406pt x 795.3441pt.
[3

 <./forms/i-907_v2.pdf>]

pdfTeX warning: /usr/bin/pdflatex (file ./forms/i-907_v2.pdf): PDF inclusion: f
ound PDF version <1.7>, but at most version <1.5> allowed
<forms/i-907_v2.pdf, id=831, page=3, 614.295pt x 794.97pt>
File: forms/i-907_v2.pdf Graphic file (type pdf)
<use forms/i-907_v2.pdf, page 3>
Package pdftex.def Info: forms/i-907_v2.pdf , page3 used on input line 66.
(pdftex.def)             Requested size: 614.58406pt x 795.3441pt.
File: forms/i-907_v2.pdf Graphic file (type pdf)
<use forms/i-907_v2.pdf, page 3>
Package pdftex.def Info: forms/i-907_v2.pdf , page3 used on input line 66.
(pdftex.def)             Requested size: 614.58406pt x 795.3441pt.

Package fancyhdr Warning: \headheight is too small (12.0pt): 
(fancyhdr)                Make it at least 14.49998pt, for example:
(fancyhdr)                \setlength{\headheight}{14.49998pt}.
(fancyhdr)                You might also make \topmargin smaller to compensate:

(fancyhdr)                \addtolength{\topmargin}{-2.49998pt}.

File: forms/i-907_v2.pdf Graphic file (type pdf)
<use forms/i-907_v2.pdf, page 3>
Package pdftex.def Info: forms/i-907_v2.pdf , page3 used on input line 66.
(pdftex.def)             Requested size: 614.58406pt x 795.3441pt.
[4

 <./forms/i-907_v2.pdf>]

pdfTeX warning: /usr/bin/pdflatex (file ./forms/i-907_v2.pdf): PDF inclusion: f
ound PDF version <1.7>, but at most version <1.5> allowed
<forms/i-907_v2.pdf, id=836, page=4, 614.295pt x 794.97pt>
File: forms/i-907_v2.pdf Graphic file (type pdf)
<use forms/i-907_v2.pdf, page 4>
Package pdftex.def Info: forms/i-907_v2.pdf , page4 used on input line 66.
(pdftex.def)             Requested size: 614.58406pt x 795.3441pt.
File: forms/i-907_v2.pdf Graphic file (type pdf)
<use forms/i-907_v2.pdf, page 4>
Package pdftex.def Info: forms/i-907_v2.pdf , page4 used on input line 66.
(pdftex.def)             Requested size: 614.58406pt x 795.3441pt.

Package fancyhdr Warning: \headheight is too small (12.0pt): 
(fancyhdr)                Make it at least 14.49998pt, for example:
(fancyhdr)                \setlength{\headheight}{14.49998pt}.
(fancyhdr)                You might also make \topmargin smaller to compensate:

(fancyhdr)                \addtolength{\topmargin}{-2.49998pt}.

File: forms/i-907_v2.pdf Graphic file (type pdf)
<use forms/i-907_v2.pdf, page 4>
Package pdftex.def Info: forms/i-907_v2.pdf , page4 used on input line 66.
(pdftex.def)             Requested size: 614.58406pt x 795.3441pt.
[5

 <./forms/i-907_v2.pdf>]

pdfTeX warning: /usr/bin/pdflatex (file ./forms/i-907_v2.pdf): PDF inclusion: f
ound PDF version <1.7>, but at most version <1.5> allowed
<forms/i-907_v2.pdf, id=841, page=5, 614.295pt x 794.97pt>
File: forms/i-907_v2.pdf Graphic file (type pdf)
<use forms/i-907_v2.pdf, page 5>
Package pdftex.def Info: forms/i-907_v2.pdf , page5 used on input line 66.
(pdftex.def)             Requested size: 614.58406pt x 795.3441pt.
File: forms/i-907_v2.pdf Graphic file (type pdf)
<use forms/i-907_v2.pdf, page 5>
Package pdftex.def Info: forms/i-907_v2.pdf , page5 used on input line 66.
(pdftex.def)             Requested size: 614.58406pt x 795.3441pt.

Package fancyhdr Warning: \headheight is too small (12.0pt): 
(fancyhdr)                Make it at least 14.49998pt, for example:
(fancyhdr)                \setlength{\headheight}{14.49998pt}.
(fancyhdr)                You might also make \topmargin smaller to compensate:

(fancyhdr)                \addtolength{\topmargin}{-2.49998pt}.

File: forms/i-907_v2.pdf Graphic file (type pdf)
<use forms/i-907_v2.pdf, page 5>
Package pdftex.def Info: forms/i-907_v2.pdf , page5 used on input line 66.
(pdftex.def)             Requested size: 614.58406pt x 795.3441pt.
[6

 <./forms/i-907_v2.pdf>]

pdfTeX warning: /usr/bin/pdflatex (file ./forms/i-907_v2.pdf): PDF inclusion: f
ound PDF version <1.7>, but at most version <1.5> allowed
<forms/i-907_v2.pdf, id=846, page=6, 614.295pt x 794.97pt>
File: forms/i-907_v2.pdf Graphic file (type pdf)
<use forms/i-907_v2.pdf, page 6>
Package pdftex.def Info: forms/i-907_v2.pdf , page6 used on input line 66.
(pdftex.def)             Requested size: 614.58406pt x 795.3441pt.
File: forms/i-907_v2.pdf Graphic file (type pdf)
<use forms/i-907_v2.pdf, page 6>
Package pdftex.def Info: forms/i-907_v2.pdf , page6 used on input line 66.
(pdftex.def)             Requested size: 614.58406pt x 795.3441pt.

Package fancyhdr Warning: \headheight is too small (12.0pt): 
(fancyhdr)                Make it at least 14.49998pt, for example:
(fancyhdr)                \setlength{\headheight}{14.49998pt}.
(fancyhdr)                You might also make \topmargin smaller to compensate:

(fancyhdr)                \addtolength{\topmargin}{-2.49998pt}.

File: forms/i-907_v2.pdf Graphic file (type pdf)
<use forms/i-907_v2.pdf, page 6>
Package pdftex.def Info: forms/i-907_v2.pdf , page6 used on input line 66.
(pdftex.def)             Requested size: 614.58406pt x 795.3441pt.
[7

 <./forms/i-907_v2.pdf>]

pdfTeX warning: /usr/bin/pdflatex (file ./forms/i-907_v2.pdf): PDF inclusion: f
ound PDF version <1.7>, but at most version <1.5> allowed
<forms/i-907_v2.pdf, id=851, page=7, 614.295pt x 794.97pt>
File: forms/i-907_v2.pdf Graphic file (type pdf)
<use forms/i-907_v2.pdf, page 7>
Package pdftex.def Info: forms/i-907_v2.pdf , page7 used on input line 66.
(pdftex.def)             Requested size: 614.58406pt x 795.3441pt.
File: forms/i-907_v2.pdf Graphic file (type pdf)
<use forms/i-907_v2.pdf, page 7>
Package pdftex.def Info: forms/i-907_v2.pdf , page7 used on input line 66.
(pdftex.def)             Requested size: 614.58406pt x 795.3441pt.

Package fancyhdr Warning: \headheight is too small (12.0pt): 
(fancyhdr)                Make it at least 14.49998pt, for example:
(fancyhdr)                \setlength{\headheight}{14.49998pt}.
(fancyhdr)                You might also make \topmargin smaller to compensate:

(fancyhdr)                \addtolength{\topmargin}{-2.49998pt}.

File: forms/i-907_v2.pdf Graphic file (type pdf)
<use forms/i-907_v2.pdf, page 7>
Package pdftex.def Info: forms/i-907_v2.pdf , page7 used on input line 66.
(pdftex.def)             Requested size: 614.58406pt x 795.3441pt.
[8

 <./forms/i-907_v2.pdf>]

pdfTeX warning: /usr/bin/pdflatex (file ./forms/i-140_v11.pdf): PDF inclusion: 
found PDF version <1.7>, but at most version <1.5> allowed
<forms/i-140_v11.pdf, id=858, 614.295pt x 794.97pt>
File: forms/i-140_v11.pdf Graphic file (type pdf)
<use forms/i-140_v11.pdf>
Package pdftex.def Info: forms/i-140_v11.pdf  used on input line 70.
(pdftex.def)             Requested size: 614.29349pt x 794.96806pt.


pdfTeX warning: /usr/bin/pdflatex (file ./forms/i-140_v11.pdf): PDF inclusion: 
found PDF version <1.7>, but at most version <1.5> allowed
File: forms/i-140_v11.pdf Graphic file (type pdf)
<use forms/i-140_v11.pdf>
Package pdftex.def Info: forms/i-140_v11.pdf  used on input line 70.
(pdftex.def)             Requested size: 614.29349pt x 794.96806pt.


pdfTeX warning: /usr/bin/pdflatex (file ./forms/i-140_v11.pdf): PDF inclusion: 
found PDF version <1.7>, but at most version <1.5> allowed


pdfTeX warning: /usr/bin/pdflatex (file ./forms/i-140_v11.pdf): PDF inclusion: 
found PDF version <1.7>, but at most version <1.5> allowed
<forms/i-140_v11.pdf, id=861, page=1, 614.295pt x 794.97pt>
File: forms/i-140_v11.pdf Graphic file (type pdf)
<use forms/i-140_v11.pdf, page 1>
Package pdftex.def Info: forms/i-140_v11.pdf , page1 used on input line 70.
(pdftex.def)             Requested size: 614.29349pt x 794.96806pt.
File: forms/i-140_v11.pdf Graphic file (type pdf)
<use forms/i-140_v11.pdf, page 1>
Package pdftex.def Info: forms/i-140_v11.pdf , page1 used on input line 70.
(pdftex.def)             Requested size: 614.58406pt x 795.3441pt.
[9

]
File: forms/i-140_v11.pdf Graphic file (type pdf)
<use forms/i-140_v11.pdf, page 1>
Package pdftex.def Info: forms/i-140_v11.pdf , page1 used on input line 70.
(pdftex.def)             Requested size: 614.58406pt x 795.3441pt.
File: forms/i-140_v11.pdf Graphic file (type pdf)
<use forms/i-140_v11.pdf, page 1>
Package pdftex.def Info: forms/i-140_v11.pdf , page1 used on input line 70.
(pdftex.def)             Requested size: 614.58406pt x 795.3441pt.


Package fancyhdr Warning: \headheight is too small (12.0pt): 
(fancyhdr)                Make it at least 14.49998pt, for example:
(fancyhdr)                \setlength{\headheight}{14.49998pt}.
(fancyhdr)                You might also make \topmargin smaller to compensate:

(fancyhdr)                \addtolength{\topmargin}{-2.49998pt}.

File: forms/i-140_v11.pdf Graphic file (type pdf)
<use forms/i-140_v11.pdf, page 1>
Package pdftex.def Info: forms/i-140_v11.pdf , page1 used on input line 70.
(pdftex.def)             Requested size: 614.58406pt x 795.3441pt.
[10

 <./forms/i-140_v11.pdf>]

pdfTeX warning: /usr/bin/pdflatex (file ./forms/i-140_v11.pdf): PDF inclusion: 
found PDF version <1.7>, but at most version <1.5> allowed
<forms/i-140_v11.pdf, id=915, page=2, 614.295pt x 794.97pt>
File: forms/i-140_v11.pdf Graphic file (type pdf)
<use forms/i-140_v11.pdf, page 2>
Package pdftex.def Info: forms/i-140_v11.pdf , page2 used on input line 70.
(pdftex.def)             Requested size: 614.58406pt x 795.3441pt.
File: forms/i-140_v11.pdf Graphic file (type pdf)
<use forms/i-140_v11.pdf, page 2>
Package pdftex.def Info: forms/i-140_v11.pdf , page2 used on input line 70.
(pdftex.def)             Requested size: 614.58406pt x 795.3441pt.

Package fancyhdr Warning: \headheight is too small (12.0pt): 
(fancyhdr)                Make it at least 14.49998pt, for example:
(fancyhdr)                \setlength{\headheight}{14.49998pt}.
(fancyhdr)                You might also make \topmargin smaller to compensate:

(fancyhdr)                \addtolength{\topmargin}{-2.49998pt}.

File: forms/i-140_v11.pdf Graphic file (type pdf)
<use forms/i-140_v11.pdf, page 2>
Package pdftex.def Info: forms/i-140_v11.pdf , page2 used on input line 70.
(pdftex.def)             Requested size: 614.58406pt x 795.3441pt.
[11

 <./forms/i-140_v11.pdf>]

pdfTeX warning: /usr/bin/pdflatex (file ./forms/i-140_v11.pdf): PDF inclusion: 
found PDF version <1.7>, but at most version <1.5> allowed
<forms/i-140_v11.pdf, id=920, page=3, 614.295pt x 794.97pt>
File: forms/i-140_v11.pdf Graphic file (type pdf)
<use forms/i-140_v11.pdf, page 3>
Package pdftex.def Info: forms/i-140_v11.pdf , page3 used on input line 70.
(pdftex.def)             Requested size: 614.58406pt x 795.3441pt.
File: forms/i-140_v11.pdf Graphic file (type pdf)
<use forms/i-140_v11.pdf, page 3>
Package pdftex.def Info: forms/i-140_v11.pdf , page3 used on input line 70.
(pdftex.def)             Requested size: 614.58406pt x 795.3441pt.

Package fancyhdr Warning: \headheight is too small (12.0pt): 
(fancyhdr)                Make it at least 14.49998pt, for example:
(fancyhdr)                \setlength{\headheight}{14.49998pt}.
(fancyhdr)                You might also make \topmargin smaller to compensate:

(fancyhdr)                \addtolength{\topmargin}{-2.49998pt}.

File: forms/i-140_v11.pdf Graphic file (type pdf)
<use forms/i-140_v11.pdf, page 3>
Package pdftex.def Info: forms/i-140_v11.pdf , page3 used on input line 70.
(pdftex.def)             Requested size: 614.58406pt x 795.3441pt.
[12

 <./forms/i-140_v11.pdf>]

pdfTeX warning: /usr/bin/pdflatex (file ./forms/i-140_v11.pdf): PDF inclusion: 
found PDF version <1.7>, but at most version <1.5> allowed
<forms/i-140_v11.pdf, id=925, page=4, 614.295pt x 794.97pt>
File: forms/i-140_v11.pdf Graphic file (type pdf)
<use forms/i-140_v11.pdf, page 4>
Package pdftex.def Info: forms/i-140_v11.pdf , page4 used on input line 70.
(pdftex.def)             Requested size: 614.58406pt x 795.3441pt.
File: forms/i-140_v11.pdf Graphic file (type pdf)
<use forms/i-140_v11.pdf, page 4>
Package pdftex.def Info: forms/i-140_v11.pdf , page4 used on input line 70.
(pdftex.def)             Requested size: 614.58406pt x 795.3441pt.

Package fancyhdr Warning: \headheight is too small (12.0pt): 
(fancyhdr)                Make it at least 14.49998pt, for example:
(fancyhdr)                \setlength{\headheight}{14.49998pt}.
(fancyhdr)                You might also make \topmargin smaller to compensate:

(fancyhdr)                \addtolength{\topmargin}{-2.49998pt}.

File: forms/i-140_v11.pdf Graphic file (type pdf)
<use forms/i-140_v11.pdf, page 4>
Package pdftex.def Info: forms/i-140_v11.pdf , page4 used on input line 70.
(pdftex.def)             Requested size: 614.58406pt x 795.3441pt.
[13

 <./forms/i-140_v11.pdf>]

pdfTeX warning: /usr/bin/pdflatex (file ./forms/i-140_v11.pdf): PDF inclusion: 
found PDF version <1.7>, but at most version <1.5> allowed
<forms/i-140_v11.pdf, id=930, page=5, 614.295pt x 794.97pt>
File: forms/i-140_v11.pdf Graphic file (type pdf)
<use forms/i-140_v11.pdf, page 5>
Package pdftex.def Info: forms/i-140_v11.pdf , page5 used on input line 70.
(pdftex.def)             Requested size: 614.58406pt x 795.3441pt.
File: forms/i-140_v11.pdf Graphic file (type pdf)
<use forms/i-140_v11.pdf, page 5>
Package pdftex.def Info: forms/i-140_v11.pdf , page5 used on input line 70.
(pdftex.def)             Requested size: 614.58406pt x 795.3441pt.

Package fancyhdr Warning: \headheight is too small (12.0pt): 
(fancyhdr)                Make it at least 14.49998pt, for example:
(fancyhdr)                \setlength{\headheight}{14.49998pt}.
(fancyhdr)                You might also make \topmargin smaller to compensate:

(fancyhdr)                \addtolength{\topmargin}{-2.49998pt}.

File: forms/i-140_v11.pdf Graphic file (type pdf)
<use forms/i-140_v11.pdf, page 5>
Package pdftex.def Info: forms/i-140_v11.pdf , page5 used on input line 70.
(pdftex.def)             Requested size: 614.58406pt x 795.3441pt.
[14

 <./forms/i-140_v11.pdf>]

pdfTeX warning: /usr/bin/pdflatex (file ./forms/i-140_v11.pdf): PDF inclusion: 
found PDF version <1.7>, but at most version <1.5> allowed
<forms/i-140_v11.pdf, id=936, page=6, 614.295pt x 794.97pt>
File: forms/i-140_v11.pdf Graphic file (type pdf)
<use forms/i-140_v11.pdf, page 6>
Package pdftex.def Info: forms/i-140_v11.pdf , page6 used on input line 70.
(pdftex.def)             Requested size: 614.58406pt x 795.3441pt.
File: forms/i-140_v11.pdf Graphic file (type pdf)
<use forms/i-140_v11.pdf, page 6>
Package pdftex.def Info: forms/i-140_v11.pdf , page6 used on input line 70.
(pdftex.def)             Requested size: 614.58406pt x 795.3441pt.

Package fancyhdr Warning: \headheight is too small (12.0pt): 
(fancyhdr)                Make it at least 14.49998pt, for example:
(fancyhdr)                \setlength{\headheight}{14.49998pt}.
(fancyhdr)                You might also make \topmargin smaller to compensate:

(fancyhdr)                \addtolength{\topmargin}{-2.49998pt}.

File: forms/i-140_v11.pdf Graphic file (type pdf)
<use forms/i-140_v11.pdf, page 6>
Package pdftex.def Info: forms/i-140_v11.pdf , page6 used on input line 70.
(pdftex.def)             Requested size: 614.58406pt x 795.3441pt.
[15

 <./forms/i-140_v11.pdf>]

pdfTeX warning: /usr/bin/pdflatex (file ./forms/i-140_v11.pdf): PDF inclusion: 
found PDF version <1.7>, but at most version <1.5> allowed
<forms/i-140_v11.pdf, id=941, page=7, 614.295pt x 794.97pt>
File: forms/i-140_v11.pdf Graphic file (type pdf)
<use forms/i-140_v11.pdf, page 7>
Package pdftex.def Info: forms/i-140_v11.pdf , page7 used on input line 70.
(pdftex.def)             Requested size: 614.58406pt x 795.3441pt.
File: forms/i-140_v11.pdf Graphic file (type pdf)
<use forms/i-140_v11.pdf, page 7>
Package pdftex.def Info: forms/i-140_v11.pdf , page7 used on input line 70.
(pdftex.def)             Requested size: 614.58406pt x 795.3441pt.

Package fancyhdr Warning: \headheight is too small (12.0pt): 
(fancyhdr)                Make it at least 14.49998pt, for example:
(fancyhdr)                \setlength{\headheight}{14.49998pt}.
(fancyhdr)                You might also make \topmargin smaller to compensate:

(fancyhdr)                \addtolength{\topmargin}{-2.49998pt}.

File: forms/i-140_v11.pdf Graphic file (type pdf)
<use forms/i-140_v11.pdf, page 7>
Package pdftex.def Info: forms/i-140_v11.pdf , page7 used on input line 70.
(pdftex.def)             Requested size: 614.58406pt x 795.3441pt.
[16

 <./forms/i-140_v11.pdf>]

pdfTeX warning: /usr/bin/pdflatex (file ./forms/i-140_v11.pdf): PDF inclusion: 
found PDF version <1.7>, but at most version <1.5> allowed
<forms/i-140_v11.pdf, id=946, page=8, 614.295pt x 794.97pt>
File: forms/i-140_v11.pdf Graphic file (type pdf)
<use forms/i-140_v11.pdf, page 8>
Package pdftex.def Info: forms/i-140_v11.pdf , page8 used on input line 70.
(pdftex.def)             Requested size: 614.58406pt x 795.3441pt.
File: forms/i-140_v11.pdf Graphic file (type pdf)
<use forms/i-140_v11.pdf, page 8>
Package pdftex.def Info: forms/i-140_v11.pdf , page8 used on input line 70.
(pdftex.def)             Requested size: 614.58406pt x 795.3441pt.

Package fancyhdr Warning: \headheight is too small (12.0pt): 
(fancyhdr)                Make it at least 14.49998pt, for example:
(fancyhdr)                \setlength{\headheight}{14.49998pt}.
(fancyhdr)                You might also make \topmargin smaller to compensate:

(fancyhdr)                \addtolength{\topmargin}{-2.49998pt}.

File: forms/i-140_v11.pdf Graphic file (type pdf)
<use forms/i-140_v11.pdf, page 8>
Package pdftex.def Info: forms/i-140_v11.pdf , page8 used on input line 70.
(pdftex.def)             Requested size: 614.58406pt x 795.3441pt.
[17

 <./forms/i-140_v11.pdf>]

pdfTeX warning: /usr/bin/pdflatex (file ./forms/g-1450.pdf): PDF inclusion: fou
nd PDF version <1.7>, but at most version <1.5> allowed
<forms/g-1450.pdf, id=951, 614.295pt x 794.97pt>
File: forms/g-1450.pdf Graphic file (type pdf)
<use forms/g-1450.pdf>
Package pdftex.def Info: forms/g-1450.pdf  used on input line 75.
(pdftex.def)             Requested size: 614.29349pt x 794.96806pt.


pdfTeX warning: /usr/bin/pdflatex (file ./forms/g-1450.pdf): PDF inclusion: fou
nd PDF version <1.7>, but at most version <1.5> allowed
File: forms/g-1450.pdf Graphic file (type pdf)
<use forms/g-1450.pdf>
Package pdftex.def Info: forms/g-1450.pdf  used on input line 75.
(pdftex.def)             Requested size: 614.29349pt x 794.96806pt.


pdfTeX warning: /usr/bin/pdflatex (file ./forms/g-1450.pdf): PDF inclusion: fou
nd PDF version <1.7>, but at most version <1.5> allowed


pdfTeX warning: /usr/bin/pdflatex (file ./forms/g-1450.pdf): PDF inclusion: fou
nd PDF version <1.7>, but at most version <1.5> allowed
<forms/g-1450.pdf, id=954, page=1, 614.295pt x 794.97pt>
File: forms/g-1450.pdf Graphic file (type pdf)
<use forms/g-1450.pdf, page 1>
Package pdftex.def Info: forms/g-1450.pdf , page1 used on input line 75.
(pdftex.def)             Requested size: 614.29349pt x 794.96806pt.
File: forms/g-1450.pdf Graphic file (type pdf)
<use forms/g-1450.pdf, page 1>
Package pdftex.def Info: forms/g-1450.pdf , page1 used on input line 75.
(pdftex.def)             Requested size: 614.58406pt x 795.3441pt.
[18

]
File: forms/g-1450.pdf Graphic file (type pdf)
<use forms/g-1450.pdf, page 1>
Package pdftex.def Info: forms/g-1450.pdf , page1 used on input line 75.
(pdftex.def)             Requested size: 614.58406pt x 795.3441pt.
File: forms/g-1450.pdf Graphic file (type pdf)
<use forms/g-1450.pdf, page 1>
Package pdftex.def Info: forms/g-1450.pdf , page1 used on input line 75.
(pdftex.def)             Requested size: 614.58406pt x 795.3441pt.


Package fancyhdr Warning: \headheight is too small (12.0pt): 
(fancyhdr)                Make it at least 14.49998pt, for example:
(fancyhdr)                \setlength{\headheight}{14.49998pt}.
(fancyhdr)                You might also make \topmargin smaller to compensate:

(fancyhdr)                \addtolength{\topmargin}{-2.49998pt}.

File: forms/g-1450.pdf Graphic file (type pdf)
<use forms/g-1450.pdf, page 1>
Package pdftex.def Info: forms/g-1450.pdf , page1 used on input line 75.
(pdftex.def)             Requested size: 614.58406pt x 795.3441pt.
[19

 <./forms/g-1450.pdf>]

pdfTeX warning: /usr/bin/pdflatex (file ./forms/g-1145.pdf): PDF inclusion: fou
nd PDF version <1.7>, but at most version <1.5> allowed
<forms/g-1145.pdf, id=996, 614.295pt x 794.97pt>
File: forms/g-1145.pdf Graphic file (type pdf)
<use forms/g-1145.pdf>
Package pdftex.def Info: forms/g-1145.pdf  used on input line 80.
(pdftex.def)             Requested size: 614.29349pt x 794.96806pt.


pdfTeX warning: /usr/bin/pdflatex (file ./forms/g-1145.pdf): PDF inclusion: fou
nd PDF version <1.7>, but at most version <1.5> allowed
File: forms/g-1145.pdf Graphic file (type pdf)
<use forms/g-1145.pdf>
Package pdftex.def Info: forms/g-1145.pdf  used on input line 80.
(pdftex.def)             Requested size: 614.29349pt x 794.96806pt.


pdfTeX warning: /usr/bin/pdflatex (file ./forms/g-1145.pdf): PDF inclusion: fou
nd PDF version <1.7>, but at most version <1.5> allowed


pdfTeX warning: /usr/bin/pdflatex (file ./forms/g-1145.pdf): PDF inclusion: fou
nd PDF version <1.7>, but at most version <1.5> allowed
<forms/g-1145.pdf, id=999, page=1, 614.295pt x 794.97pt>
File: forms/g-1145.pdf Graphic file (type pdf)
<use forms/g-1145.pdf, page 1>
Package pdftex.def Info: forms/g-1145.pdf , page1 used on input line 80.
(pdftex.def)             Requested size: 614.29349pt x 794.96806pt.
File: forms/g-1145.pdf Graphic file (type pdf)
<use forms/g-1145.pdf, page 1>
Package pdftex.def Info: forms/g-1145.pdf , page1 used on input line 80.
(pdftex.def)             Requested size: 614.58406pt x 795.3441pt.
[20

]
File: forms/g-1145.pdf Graphic file (type pdf)
<use forms/g-1145.pdf, page 1>
Package pdftex.def Info: forms/g-1145.pdf , page1 used on input line 80.
(pdftex.def)             Requested size: 614.58406pt x 795.3441pt.
File: forms/g-1145.pdf Graphic file (type pdf)
<use forms/g-1145.pdf, page 1>
Package pdftex.def Info: forms/g-1145.pdf , page1 used on input line 80.
(pdftex.def)             Requested size: 614.58406pt x 795.3441pt.


Package fancyhdr Warning: \headheight is too small (12.0pt): 
(fancyhdr)                Make it at least 14.49998pt, for example:
(fancyhdr)                \setlength{\headheight}{14.49998pt}.
(fancyhdr)                You might also make \topmargin smaller to compensate:

(fancyhdr)                \addtolength{\topmargin}{-2.49998pt}.

File: forms/g-1145.pdf Graphic file (type pdf)
<use forms/g-1145.pdf, page 1>
Package pdftex.def Info: forms/g-1145.pdf , page1 used on input line 80.
(pdftex.def)             Requested size: 614.58406pt x 795.3441pt.
[21

 <./forms/g-1145.pdf>]

pdfTeX warning: /usr/bin/pdflatex (file ./forms/ETA-9089_v2.pdf): PDF inclusion
: found PDF version <1.7>, but at most version <1.5> allowed
<forms/ETA-9089_v2.pdf, id=1016, 614.295pt x 794.97pt>
File: forms/ETA-9089_v2.pdf Graphic file (type pdf)
<use forms/ETA-9089_v2.pdf>
Package pdftex.def Info: forms/ETA-9089_v2.pdf  used on input line 85.
(pdftex.def)             Requested size: 614.29349pt x 794.96806pt.


pdfTeX warning: /usr/bin/pdflatex (file ./forms/ETA-9089_v2.pdf): PDF inclusion
: found PDF version <1.7>, but at most version <1.5> allowed
File: forms/ETA-9089_v2.pdf Graphic file (type pdf)
<use forms/ETA-9089_v2.pdf>
Package pdftex.def Info: forms/ETA-9089_v2.pdf  used on input line 85.
(pdftex.def)             Requested size: 614.29349pt x 794.96806pt.


pdfTeX warning: /usr/bin/pdflatex (file ./forms/ETA-9089_v2.pdf): PDF inclusion
: found PDF version <1.7>, but at most version <1.5> allowed


pdfTeX warning: /usr/bin/pdflatex (file ./forms/ETA-9089_v2.pdf): PDF inclusion
: found PDF version <1.7>, but at most version <1.5> allowed
<forms/ETA-9089_v2.pdf, id=1019, page=1, 614.295pt x 794.97pt>
File: forms/ETA-9089_v2.pdf Graphic file (type pdf)
<use forms/ETA-9089_v2.pdf, page 1>
Package pdftex.def Info: forms/ETA-9089_v2.pdf , page1 used on input line 85.
(pdftex.def)             Requested size: 614.29349pt x 794.96806pt.
File: forms/ETA-9089_v2.pdf Graphic file (type pdf)
<use forms/ETA-9089_v2.pdf, page 1>
Package pdftex.def Info: forms/ETA-9089_v2.pdf , page1 used on input line 85.
(pdftex.def)             Requested size: 614.58406pt x 795.3441pt.
[22

]
File: forms/ETA-9089_v2.pdf Graphic file (type pdf)
<use forms/ETA-9089_v2.pdf, page 1>
Package pdftex.def Info: forms/ETA-9089_v2.pdf , page1 used on input line 85.
(pdftex.def)             Requested size: 614.58406pt x 795.3441pt.
File: forms/ETA-9089_v2.pdf Graphic file (type pdf)
<use forms/ETA-9089_v2.pdf, page 1>
Package pdftex.def Info: forms/ETA-9089_v2.pdf , page1 used on input line 85.
(pdftex.def)             Requested size: 614.58406pt x 795.3441pt.


Package fancyhdr Warning: \headheight is too small (12.0pt): 
(fancyhdr)                Make it at least 14.49998pt, for example:
(fancyhdr)                \setlength{\headheight}{14.49998pt}.
(fancyhdr)                You might also make \topmargin smaller to compensate:

(fancyhdr)                \addtolength{\topmargin}{-2.49998pt}.

File: forms/ETA-9089_v2.pdf Graphic file (type pdf)
<use forms/ETA-9089_v2.pdf, page 1>
Package pdftex.def Info: forms/ETA-9089_v2.pdf , page1 used on input line 85.
(pdftex.def)             Requested size: 614.58406pt x 795.3441pt.
[23

 <./forms/ETA-9089_v2.pdf>]

pdfTeX warning: /usr/bin/pdflatex (file ./forms/ETA-9089_v2.pdf): PDF inclusion
: found PDF version <1.7>, but at most version <1.5> allowed
<forms/ETA-9089_v2.pdf, id=1085, page=2, 614.295pt x 794.97pt>
File: forms/ETA-9089_v2.pdf Graphic file (type pdf)
<use forms/ETA-9089_v2.pdf, page 2>
Package pdftex.def Info: forms/ETA-9089_v2.pdf , page2 used on input line 85.
(pdftex.def)             Requested size: 614.58406pt x 795.3441pt.
File: forms/ETA-9089_v2.pdf Graphic file (type pdf)
<use forms/ETA-9089_v2.pdf, page 2>
Package pdftex.def Info: forms/ETA-9089_v2.pdf , page2 used on input line 85.
(pdftex.def)             Requested size: 614.58406pt x 795.3441pt.

Package fancyhdr Warning: \headheight is too small (12.0pt): 
(fancyhdr)                Make it at least 14.49998pt, for example:
(fancyhdr)                \setlength{\headheight}{14.49998pt}.
(fancyhdr)                You might also make \topmargin smaller to compensate:

(fancyhdr)                \addtolength{\topmargin}{-2.49998pt}.

File: forms/ETA-9089_v2.pdf Graphic file (type pdf)
<use forms/ETA-9089_v2.pdf, page 2>
Package pdftex.def Info: forms/ETA-9089_v2.pdf , page2 used on input line 85.
(pdftex.def)             Requested size: 614.58406pt x 795.3441pt.
[24

 <./forms/ETA-9089_v2.pdf>]

pdfTeX warning: /usr/bin/pdflatex (file ./forms/ETA-9089_v2.pdf): PDF inclusion
: found PDF version <1.7>, but at most version <1.5> allowed
<forms/ETA-9089_v2.pdf, id=1091, page=3, 614.295pt x 794.97pt>
File: forms/ETA-9089_v2.pdf Graphic file (type pdf)
<use forms/ETA-9089_v2.pdf, page 3>
Package pdftex.def Info: forms/ETA-9089_v2.pdf , page3 used on input line 85.
(pdftex.def)             Requested size: 614.58406pt x 795.3441pt.
File: forms/ETA-9089_v2.pdf Graphic file (type pdf)
<use forms/ETA-9089_v2.pdf, page 3>
Package pdftex.def Info: forms/ETA-9089_v2.pdf , page3 used on input line 85.
(pdftex.def)             Requested size: 614.58406pt x 795.3441pt.

Package fancyhdr Warning: \headheight is too small (12.0pt): 
(fancyhdr)                Make it at least 14.49998pt, for example:
(fancyhdr)                \setlength{\headheight}{14.49998pt}.
(fancyhdr)                You might also make \topmargin smaller to compensate:

(fancyhdr)                \addtolength{\topmargin}{-2.49998pt}.

File: forms/ETA-9089_v2.pdf Graphic file (type pdf)
<use forms/ETA-9089_v2.pdf, page 3>
Package pdftex.def Info: forms/ETA-9089_v2.pdf , page3 used on input line 85.
(pdftex.def)             Requested size: 614.58406pt x 795.3441pt.
[25

 <./forms/ETA-9089_v2.pdf>]

pdfTeX warning: /usr/bin/pdflatex (file ./forms/ETA-9089_v2.pdf): PDF inclusion
: found PDF version <1.7>, but at most version <1.5> allowed
<forms/ETA-9089_v2.pdf, id=1097, page=4, 614.295pt x 794.97pt>
File: forms/ETA-9089_v2.pdf Graphic file (type pdf)
<use forms/ETA-9089_v2.pdf, page 4>
Package pdftex.def Info: forms/ETA-9089_v2.pdf , page4 used on input line 85.
(pdftex.def)             Requested size: 614.58406pt x 795.3441pt.
File: forms/ETA-9089_v2.pdf Graphic file (type pdf)
<use forms/ETA-9089_v2.pdf, page 4>
Package pdftex.def Info: forms/ETA-9089_v2.pdf , page4 used on input line 85.
(pdftex.def)             Requested size: 614.58406pt x 795.3441pt.

Package fancyhdr Warning: \headheight is too small (12.0pt): 
(fancyhdr)                Make it at least 14.49998pt, for example:
(fancyhdr)                \setlength{\headheight}{14.49998pt}.
(fancyhdr)                You might also make \topmargin smaller to compensate:

(fancyhdr)                \addtolength{\topmargin}{-2.49998pt}.

File: forms/ETA-9089_v2.pdf Graphic file (type pdf)
<use forms/ETA-9089_v2.pdf, page 4>
Package pdftex.def Info: forms/ETA-9089_v2.pdf , page4 used on input line 85.
(pdftex.def)             Requested size: 614.58406pt x 795.3441pt.
[26

 <./forms/ETA-9089_v2.pdf>]

pdfTeX warning: /usr/bin/pdflatex (file ./forms/ETA-9089_v2.pdf): PDF inclusion
: found PDF version <1.7>, but at most version <1.5> allowed
<forms/ETA-9089_v2.pdf, id=1104, page=5, 614.295pt x 794.97pt>
File: forms/ETA-9089_v2.pdf Graphic file (type pdf)
<use forms/ETA-9089_v2.pdf, page 5>
Package pdftex.def Info: forms/ETA-9089_v2.pdf , page5 used on input line 85.
(pdftex.def)             Requested size: 614.58406pt x 795.3441pt.
File: forms/ETA-9089_v2.pdf Graphic file (type pdf)
<use forms/ETA-9089_v2.pdf, page 5>
Package pdftex.def Info: forms/ETA-9089_v2.pdf , page5 used on input line 85.
(pdftex.def)             Requested size: 614.58406pt x 795.3441pt.

Package fancyhdr Warning: \headheight is too small (12.0pt): 
(fancyhdr)                Make it at least 14.49998pt, for example:
(fancyhdr)                \setlength{\headheight}{14.49998pt}.
(fancyhdr)                You might also make \topmargin smaller to compensate:

(fancyhdr)                \addtolength{\topmargin}{-2.49998pt}.

File: forms/ETA-9089_v2.pdf Graphic file (type pdf)
<use forms/ETA-9089_v2.pdf, page 5>
Package pdftex.def Info: forms/ETA-9089_v2.pdf , page5 used on input line 85.
(pdftex.def)             Requested size: 614.58406pt x 795.3441pt.
[27

 <./forms/ETA-9089_v2.pdf>]
Chapter 1.
(./intro.tex [28

] [29]
Chapter 2.

Package hyperref Warning: Difference (2) between bookmark levels is greater 
(hyperref)                than one, level fixed on input line 23.


LaTeX Warning: Reference `chap:education' on page 30 undefined on input line 24
.


Overfull \hbox (9.52974pt too wide) in paragraph at lines 31--31
[]\OT1/cmr/bx/n/17.28 International Gov-ern-ment and Quasi-Government
 []

[30

]
Overfull \hbox (0.44533pt too wide) in paragraph at lines 65--66
[]\OT1/cmr/bx/n/12 Citation\OT1/cmr/m/n/12 : Work cited in ar-ti-cle avail-able
 at: []$\OT1/cmtt/m/n/12 https : / / www . sciengine . com / BNSFC /
 []

[31]
Overfull \hbox (13.81682pt too wide) in paragraph at lines 82--83
[]\OT1/cmr/bx/n/12 Operator\OT1/cmr/m/n/12 : State Sci-en-tific and Tech-ni-cal
 Li-brary of Ukraine (DNTB) un-der Ukrainian
 []


Underfull \hbox (badness 10000) in paragraph at lines 111--111
[]|\OT1/cmr/bx/n/12 Government
 []


Underfull \hbox (badness 2027) in paragraph at lines 111--111
[]|\OT1/cmr/bx/n/12 Type of Recog-ni-
 []


Underfull \hbox (badness 10000) in paragraph at lines 111--112
[]|\OT1/cmr/bx/n/12 National Im-por-
 []


Underfull \hbox (badness 10000) in paragraph at lines 111--112
\OT1/cmr/bx/n/12 tance Demon-
 []


Underfull \hbox (badness 10000) in paragraph at lines 113--113
[]|\OT1/cmr/m/n/12 U.S. De-part-
 []


Underfull \hbox (badness 1931) in paragraph at lines 113--114
[]|\OT1/cmr/m/n/12 Relevance to fed-eral
 []


Underfull \hbox (badness 1838) in paragraph at lines 115--116
[]|\OT1/cmr/m/n/12 Impact on eco-nomic
 []


Underfull \hbox (badness 1275) in paragraph at lines 117--117
[]|\OT1/cmr/m/n/12 U.S. Bu-reau of
 []


Underfull \hbox (badness 10000) in paragraph at lines 119--119
[]|\OT1/cmr/m/n/12 China Sci-ence
 []


Underfull \hbox (badness 10000) in paragraph at lines 119--120
[]|\OT1/cmr/m/n/12 International schol-
 []


Underfull \hbox (badness 1365) in paragraph at lines 121--122
\OT1/cmr/m/n/12 pol-icy and aca-demic
 []


Underfull \hbox (badness 2384) in paragraph at lines 123--123
[]|\OT1/cmr/m/n/12 Ukrainian Gov-
 []


Underfull \hbox (badness 6173) in paragraph at lines 123--124
[]|\OT1/cmr/m/n/12 Global rel-e-vance in
 []


LaTeX Warning: `h' float specifier changed to `ht'.

[32]
Overfull \hbox (6.46593pt too wide) in paragraph at lines 142--142
[]\OT1/cmr/bx/n/17.28 Demonstrated In-flu-ence and Dis-sem-i-na-tion of Re-
 []

LaTeX Font Info:    External font `cmex10' loaded for size
(Font)              <5> on input line 151.
[33]) [34] [35]
Chapter 3.
(./endeavor_v2.tex [36

]
Underfull \hbox (badness 1264) in paragraph at lines 21--21
[][][]\OT1/cmr/m/n/10 S. Joshi, ``A Re-view of Gen-er-a-tive AI and De-vOps Pip
elines: CI/CD, Agen-tic Au-toma-
 []

[37] [38] [39]
Underfull \hbox (badness 2119) in paragraph at lines 69--69
\OT1/cmr/m/n/12 ini-tia-tive, im-ple-ment AI
 []


Underfull \hbox (badness 10000) in paragraph at lines 69--69
\OT1/cmr/m/n/12 SMC pro-to-col de-vel-op-
 []


Underfull \hbox (badness 1178) in paragraph at lines 73--73
\OT1/cmr/m/n/12 mil-i-tary threat de-tec-tion
 []


Overfull \hbox (10.42299pt too wide) in alignment at lines 65--79
 [] [] [] 
 []

[40] [41] [42]
Underfull \hbox (badness 3989) in paragraph at lines 187--187
[]|\OT1/cmr/bx/n/12 Peer-Reviewed Pub-li-
 []


Underfull \hbox (badness 1675) in paragraph at lines 197--198
\OT1/cmr/m/n/12 frame-works, AI fair-ness toolk-its, stress test-ing
 []


Underfull \hbox (badness 1509) in paragraph at lines 201--201
[]|\OT1/cmr/bx/n/12 Defense and Se-cu-rity
 []


Overfull \hbox (2.55019pt too wide) in alignment at lines 183--208
 [] [] 
 []


Underfull \hbox (badness 1173) in paragraph at lines 215--215
[]|\OT1/cmr/bx/n/12 Veterans in Fi-nan-cial
 []


Overfull \hbox (2.55019pt too wide) in alignment at lines 211--235
 [] [] 
 []

[43]
Underfull \hbox (badness 3746) in paragraph at lines 254--255
[]\OT1/cmr/m/n/12 Initial de-fense frame-work
 []


Underfull \hbox (badness 7047) in paragraph at lines 267--268
[]\OT1/cmr/m/n/12 20% re-duc-tion in fraud
 []


Underfull \hbox (badness 1210) in paragraph at lines 284--285
[]\OT1/cmr/m/n/12 30% re-duc-tion in com-pli-
 []


Underfull \hbox (badness 10000) in paragraph at lines 285--286
[]\OT1/cmr/m/n/12 15,000+ MOOC en-roll-
 []


Underfull \hbox (badness 3525) in paragraph at lines 301--302
[]\OT1/cmr/m/n/12 20,000+ train-ing com-ple-
 []


Underfull \hbox (badness 10000) in paragraph at lines 311--312
[]\OT1/cmr/m/n/12 Publish work-force re-train-ing
 []


Underfull \hbox (badness 3579) in paragraph at lines 312--313
[]\OT1/cmr/m/n/12 Critical in-fras-truc-ture pro-tec-
 []


Overfull \hbox (5.88889pt too wide) in alignment at lines 238--321
 [] [] [] 
 []

[44] [45]
Overfull \hbox (2.55019pt too wide) in alignment at lines 337--341
 [] [] 
 []


Overfull \hbox (2.55019pt too wide) in alignment at lines 341--348
 [] [] 
 []


LaTeX Warning: Reference `chap:exhibit_asif' on page 46 undefined on input line
 357.


LaTeX Warning: Reference `chap:exhibit_anjum' on page 46 undefined on input lin
e 357.


LaTeX Warning: Reference `chap:rozeia' on page 46 undefined on input line 359.


LaTeX Warning: Reference `chap:exhibit_malik' on page 46 undefined on input lin
e 359.


LaTeX Warning: Reference `chap:sheraz' on page 46 undefined on input line 361.


LaTeX Warning: Reference `chap:exhibit_kamran' on page 46 undefined on input li
ne 361.


LaTeX Warning: Reference `chap:exhibit_ankit' on page 46 undefined on input lin
e 363.


LaTeX Warning: Reference `chap:exhibit_gaurav' on page 46 undefined on input li
ne 363.


Underfull \hbox (badness 1596) in paragraph at lines 365--365
[]|\OT1/cmr/m/n/12 Defense and Na-tional Se-cu-rity
 []

[46]) [47]
Chapter 4.
(./defense.tex [48

] [49]) [50]
Chapter 5.
(./uniqueness.tex
Underfull \hbox (badness 10000) in paragraph at lines 14--14
[]|\OT1/cmr/bx/n/12 Conventional
 []


Underfull \hbox (badness 10000) in paragraph at lines 16--16
[]|\OT1/cmr/bx/n/12 GenAI + HPC-
 []


Underfull \hbox (badness 10000) in paragraph at lines 24--24
[]|\OT1/cmr/bx/n/12 AI-driven reg-u-la-
 []


Underfull \hbox (badness 10000) in paragraph at lines 27--28
[]\OT1/cmr/m/n/12 Real-time mon-i-tor-ing and
 []


Underfull \hbox (badness 1178) in paragraph at lines 32--32
[]|\OT1/cmr/bx/n/12 Generic AI train-
 []


Underfull \hbox (badness 10000) in paragraph at lines 32--32
[]|\OT1/cmr/bx/n/12 Veteran-focused
 []


Underfull \hbox (badness 10000) in paragraph at lines 37--38
[]\OT1/cmr/m/n/12 Direct align-ment with DOL
 []


Underfull \hbox (badness 10000) in paragraph at lines 40--40
[]|\OT1/cmr/bx/n/12 Proprietary in-sti-
 []


Underfull \hbox (badness 10000) in paragraph at lines 40--40
[]|\OT1/cmr/bx/n/12 Open-source re-
 []


Underfull \hbox (badness 1092) in paragraph at lines 44--45
[]\OT1/cmr/m/n/12 Adoption by aca-demic in-sti-tu-
 []


Underfull \hbox (badness 10000) in paragraph at lines 48--48
[]|\OT1/cmr/bx/n/12 Theoretical aca-
 []


Underfull \hbox (badness 5231) in paragraph at lines 48--48
[]|\OT1/cmr/bx/n/12 Applied industry-
 []


Underfull \hbox (badness 5302) in paragraph at lines 48--48
\OT1/cmr/bx/n/12 academia col-lab-o-
 []

[51

] [52] [53] [54]) [55]
Chapter 6.
(./ppi.tex [56

]
Overfull \hbox (3.86308pt too wide) in paragraph at lines 31--32
[]\OT1/cmr/bx/n/12 Tool Adop-tion: \OT1/cmr/m/n/12 Open-source FinRisk-AI toolk
it al-ready down-loaded 5,000+ times,
 []


Overfull \hbox (4.75371pt too wide) in paragraph at lines 33--34
[]\OT1/cmr/bx/n/12 Policy Con-tri-bu-tions: \OT1/cmr/m/n/12 2{3 com-men-tary le
t-ters an-nu-ally sub-mit-ted to SEC, CFPB,
 []

[57] [58]
Underfull \hbox (badness 10000) in paragraph at lines 97--97
[]|\OT1/cmr/m/n/12 15{25% im-proved risk
 []


Underfull \hbox (badness 10000) in paragraph at lines 99--99
[]|\OT1/cmr/bx/n/12 Workforce De-vel-op-
 []


Underfull \hbox (badness 10000) in paragraph at lines 99--99
[]|\OT1/cmr/m/n/12 5,000+ pro-fes-sion-als
 []


Underfull \hbox (badness 6063) in paragraph at lines 103--104
[]|\OT1/cmr/m/n/12 Contributes to na-tional
 []


Overfull \hbox (2.98372pt too wide) in paragraph at lines 128--129
[]\OT1/cmr/bx/n/12 Contingency: \OT1/cmr/m/n/12 On-go-ing re-search com-mit-men
t en-sur-ing method-olo-gies re-main state-
 []

[59]
Overfull \hbox (6.16978pt too wide) in paragraph at lines 131--131
[]\OT1/cmr/bx/n/17.28 International Govt / Quasi Govt Ci-ta-tion of Work 
 []


Overfull \hbox (2.42702pt too wide) in paragraph at lines 137--138
[]\OT1/cmr/m/n/12 For ref-er-ence, the ar-ti-cle cit-ing Mr. Joshi's work is av
ail-able at: []$\OT1/cmtt/m/n/12 https : / / www . sciengine .
 []


LaTeX Warning: Reference `chap:gov' on page 60 undefined on input line 152.

[60]) [61]
Chapter 7.
(./prong1_v2.tex [62

]

LaTeX Warning: Reference `chap:exhibit_asif' on page 63 undefined on input line
 47.


LaTeX Warning: Reference `chap:exhibit_anjum' on page 63 undefined on input lin
e 47.


LaTeX Warning: Reference `chap:exhibit_malik' on page 63 undefined on input lin
e 55.


LaTeX Warning: Reference `chap:rozeia' on page 63 undefined on input line 55.


LaTeX Warning: Reference `chap:sheraz' on page 63 undefined on input line 55.

[63]

LaTeX Warning: Reference `chap:exhibit_ankit' on page 64 undefined on input lin
e 59.


LaTeX Warning: Reference `chap:exhibit_gaurav' on page 64 undefined on input li
ne 63.


LaTeX Warning: Reference `chap:rozeia' on page 64 undefined on input line 72.

[64]

LaTeX Warning: Reference `chap:exhibit_sgov' on page 65 undefined on input line
 81.


LaTeX Warning: Reference `chap:exhibit_sgov' on page 65 undefined on input line
 93.

[65] [66]

LaTeX Warning: Reference `chap:exhibit_l_p' on page 67 undefined on input line 
140.


Overfull \hbox (0.36575pt too wide) in paragraph at lines 153--154
\OT1/cmr/m/n/12 Mr. Joshi is propos-ing to es-tab-lish a \OT1/cmr/bx/n/12 Cen-t
er for Re-spon-si-ble AI in Fi-nance (CRAF)\OT1/cmr/m/n/12 ,
 []


LaTeX Warning: Reference `chap:rozeia' on page 67 undefined on input line 171.

[67]
Underfull \hbox (badness 4013) in paragraph at lines 235--235
[]|\OT1/cmr/bx/n/12 1. Ad-vanced Risk
 []


LaTeX Warning: Reference `chap:exhibit_ankit' on page 68 undefined on input lin
e 241.


Underfull \hbox (badness 10000) in paragraph at lines 245--246
[]\OT1/cmr/m/n/12 Create \OT1/cmr/bx/n/12 real-time mon-i-tor-ing \OT1/cmr/m/n/
12 sys-tems us-ing
 []


Underfull \hbox (badness 2310) in paragraph at lines 245--246
\OT1/cmr/m/n/12 Spark/Kafka for early risk de-tec-tion at work as
 []


LaTeX Warning: Reference `chap:exhibit_l_p' on page 68 undefined on input line 
250.


Overfull \hbox (2.55019pt too wide) in alignment at lines 231--277
 [] [] 
 []

[68] [69] [70]

LaTeX Warning: Reference `chap:sheraz' on page 71 undefined on input line 322.

[71]

LaTeX Warning: Reference `chap:exhibit_anjum' on page 72 undefined on input lin
e 335.


Overfull \hbox (5.88889pt too wide) in alignment at lines 339--343
 [] [] [] 
 []


Underfull \hbox (badness 1817) in paragraph at lines 347--348
[]\OT1/cmr/m/n/12 Launch CRAF with FDIC/NYU
 []


Underfull \hbox (badness 10000) in paragraph at lines 350--351
[]\OT1/cmr/m/n/12 Begin col-lab-o-ra-tion with aca-
 []


Underfull \hbox (badness 5726) in paragraph at lines 351--352
[]\OT1/cmr/m/n/12 Implement AI-based credit risk
 []


Underfull \hbox (badness 1067) in paragraph at lines 371--372
[]\OT1/cmr/m/n/12 Propsoed 3 com-mu-nity bank
 []


Underfull \hbox (badness 2818) in paragraph at lines 381--382
[]\OT1/cmr/m/n/12 Participate in fed-eral AI safety
 []


Underfull \hbox (badness 2600) in paragraph at lines 399--400
[]\OT1/cmr/m/n/12 Toolkit used by 2+ fed-eral
 []


Underfull \hbox (badness 5787) in paragraph at lines 416--417
[]\OT1/cmr/m/n/12 Engagement with 5+ state
 []


Underfull \hbox (badness 10000) in paragraph at lines 422--423
[]\OT1/cmr/m/n/12 Full-scale port-fo-lio op-ti-miza-tion
 []


Overfull \hbox (5.88889pt too wide) in alignment at lines 343--436
 [] [] [] 
 []

[72]
Underfull \hbox (badness 3989) in paragraph at lines 447--447
[]|\OT1/cmr/bx/n/12 Peer-Reviewed Pub-li-
 []


Overfull \hbox (2.55019pt too wide) in alignment at lines 443--471
 [] [] 
 []

[73]
Underfull \hbox (badness 1173) in paragraph at lines 488--488
[]|\OT1/cmr/bx/n/12 Veterans in Fi-nan-cial
 []


Underfull \hbox (badness 10000) in paragraph at lines 500--500
[]|\OT1/cmr/bx/n/12 Open Course-ware:
 []


Overfull \hbox (2.55019pt too wide) in alignment at lines 484--511
 [] [] 
 []

[74]
Overfull \hbox (2.84743pt too wide) in paragraph at lines 526--527
\OT1/cmr/bx/n/12 Figure Anal-y-sis: \OT1/cmr/m/n/12 The pie chart ti-tled \OT1/
cmr/m/it/12 \Planned Con-tent Pro-duc-tion 2025{2030" \OT1/cmr/m/n/12 presents
 []


LaTeX Warning: Reference `chap:rozeia' on page 75 undefined on input line 568.

[75]

LaTeX Warning: Reference `chap:exhibit_l_p' on page 76 undefined on input line 
597.

[76]

LaTeX Warning: Reference `chap:exhibit_malik' on page 77 undefined on input lin
e 614.

[77] [78]
Package pgfplots info on input line 681: Using 'lua backend=false' for axis: x 
coord trafo unsupported.

Overfull \hbox (51.97089pt too wide) in paragraph at lines 732--733
\OT1/cmtt/m/n/12 policy-[]issues / financial-[]markets-[]policy / financial-[]s
tability-[]oversight-[]council$[]\OT1/cmr/m/n/12 .
 []

[79]

LaTeX Warning: Reference `chap:exhibit_udemy' on page 80 undefined on input lin
e 737.


Overfull \hbox (13.47185pt too wide) in paragraph at lines 753--753
[]\OT1/cmr/bx/n/17.28 Integrated Five-Year Im-ple-men-ta-tion Plan: Build-
 []


Overfull \hbox (6.5398pt too wide) in paragraph at lines 765--766
[]\OT1/cmr/bx/n/12 Academic In-te-gra-tion: \OT1/cmr/m/n/12 Work in-te-grated i
nto cur-ric-ula at Zuyd Uni-ver-sity (Nether-
 []

[80]
Underfull \hbox (badness 10000) in paragraph at lines 814--814
[]|\OT1/cmr/m/n/12 Cumulative Re-search
 []


Underfull \hbox (badness 1571) in paragraph at lines 818--819
[]|\OT1/cmr/m/n/12 Current adop-tion by com-mu-nity
 []


Overfull \hbox (14.95018pt too wide) in alignment at lines 810--822
 [] [] [] 
 []

[81]) [82]
Chapter 8.
(./prong2.tex

Package hyperref Warning: Difference (2) between bookmark levels is greater 
(hyperref)                than one, level fixed on input line 18.

[83

] [84] [85]

LaTeX Warning: Reference `chap:rg' on page 86 undefined on input line 108.


LaTeX Warning: Reference `chap:exhibit_malik' on page 86 undefined on input lin
e 111.


LaTeX Warning: Reference `chap:rozeia' on page 86 undefined on input line 111.


LaTeX Warning: Reference `chap:exhibit_asif' on page 86 undefined on input line
 111.


LaTeX Warning: Reference `chap:exhibit_kamran' on page 86 undefined on input li
ne 111.

) [86]
Chapter 9.
(./prong3.tex
Overfull \hbox (0.29156pt too wide) in paragraph at lines 15--16
[]\OT1/cmr/bx/n/12 Interdisciplinary Ex-per-tise\OT1/cmr/m/n/12 : Unique com-bi
-na-tion of ad-vanced quan-ti-ta-tive skills,
 []

[87

] [88]

LaTeX Warning: Reference `chap:exhibit_malik' on page 89 undefined on input lin
e 68.


LaTeX Warning: Reference `chap:rozeia' on page 89 undefined on input line 68.


LaTeX Warning: Reference `chap:exhibit_asif' on page 89 undefined on input line
 68.


LaTeX Warning: Reference `chap:exhibit_kamran' on page 89 undefined on input li
ne 68.


Overfull \hbox (7.9843pt too wide) in paragraph at lines 90--91
\OT1/cmr/bx/n/12 mit-i-ga-tion \OT1/cmr/m/n/12 ad-dresses CISA-designated \OT1/
cmr/bx/n/12 "crit-i-cal in-fras-truc-ture pri-or-i-ties"\OT1/cmr/m/n/12 .[][][]
 
 []

[89]
Overfull \hbox (2.42667pt too wide) in paragraph at lines 115--115
[]\OT1/cmr/bx/n/14.4 Peer-Reviewed Re-search Con-tri-bu-tions to Pol-icy Re-sea
rch
 []

[90] [91]

LaTeX Warning: Reference `chap:exhibit_ebooks' on page 92 undefined on input li
ne 195.

[92]
Overfull \hbox (2.55019pt too wide) in alignment at lines 227--240
 [] [] 
 []

) [93]
Chapter 10.
(./conclusion.tex [94

]
Overfull \hbox (14.03821pt too wide) in paragraph at lines 32--32
[]\OT1/cmr/bx/n/14.4 Clarification Re-gard-ing Au-thor-ship and Ev-i-dence In-t
egrity 
 []

[95] [96]) [97]
Chapter 11.
(./recent_contributions.tex
Underfull \hbox (badness 1264) in paragraph at lines 15--15
[][][]\OT1/cmr/m/n/10 S. Joshi, ``A Re-view of Gen-er-a-tive AI and De-vOps Pip
elines: CI/CD, Agen-tic Au-toma-
 []

[98

]
Underfull \hbox (badness 2384) in paragraph at lines 21--21
[][][]\OT1/cmr/m/n/10 S. Joshi, ``The Con-ver-gence of Ar-ti-fi-cial In-tel-li-
gence and Emo-tional In-tel-li-gence: Im-pli-
 []


Underfull \hbox (badness 2213) in paragraph at lines 21--21
\OT1/cmr/m/n/10 ca-tions for Lead-er-ship and Or-ga-ni-za-tional Be-hav-ior,'' 
\OT1/cmr/m/it/10 Preprints.org\OT1/cmr/m/n/10 , Apr. 30, 2025. doi:
 []

[99]
Overfull \hbox (2.75192pt too wide) in paragraph at lines 36--36
[]\OT1/cmr/bx/n/17.28 Public Dis-sem-i-na-tion: Schol-ars Repos-i-tory List-
 []


LaTeX Warning: Reference `chap:scholars-repo' on page 100 undefined on input li
ne 39.

[100]) [101]
Chapter 12.
(./exhibit_documentation_v2.tex

LaTeX Warning: Reference `chap:resume' on page 102 undefined on input line 9.


LaTeX Warning: Reference `chap:exhibit_ebooks' on page 102 undefined on input l
ine 11.


LaTeX Warning: Reference `chap:exhibit_l_p' on page 102 undefined on input line
 16.


LaTeX Warning: Reference `chap:exhibit_sgov' on page 102 undefined on input lin
e 18.


LaTeX Warning: Reference `chap:impacto' on page 102 undefined on input line 23.



LaTeX Warning: Reference `chap:reboot' on page 102 undefined on input line 25.

[102

]

LaTeX Warning: Reference `chap:llrx' on page 103 undefined on input line 27.


LaTeX Warning: Reference `chap:zuyd' on page 103 undefined on input line 32.


LaTeX Warning: Reference `chap:harrisburg' on page 103 undefined on input line 
34.


LaTeX Warning: Reference `chap:gov' on page 103 undefined on input line 39.


LaTeX Warning: Reference `chap:gov' on page 103 undefined on input line 41.


LaTeX Warning: Reference `chap:ici' on page 103 undefined on input line 46.


LaTeX Warning: Reference `chap:econ' on page 103 undefined on input line 48.


LaTeX Warning: Reference `chap:wos' on page 103 undefined on input line 50.


LaTeX Warning: Reference `chap:ssrn' on page 103 undefined on input line 52.


LaTeX Warning: Reference `chap:rg' on page 103 undefined on input line 54.


LaTeX Warning: Reference `chap:semantic' on page 103 undefined on input line 56
.

[103]

LaTeX Warning: Reference `chap:peerreview' on page 104 undefined on input line 
61.


LaTeX Warning: Reference `chap:ioasd' on page 104 undefined on input line 66.


Overfull \hbox (1.85956pt too wide) in paragraph at lines 66--67
\OT1/cmr/bx/n/12 Exhibit []: In-ter-na-tional Or-ga-ni-za-tion Fel-low-ship \OT
1/cmr/m/n/12 demon-strates pro-fes-sional recog-
 []


LaTeX Warning: Reference `chap:sas' on page 104 undefined on input line 68.


LaTeX Warning: Reference `chap:exhibit_ankit' on page 104 undefined on input li
ne 73.


LaTeX Warning: Reference `chap:exhibit_gaurav' on page 104 undefined on input l
ine 75.


LaTeX Warning: Reference `chap:education' on page 104 undefined on input line 8
0.


LaTeX Warning: Reference `chap:exhibit_udemy' on page 104 undefined on input li
ne 86.


LaTeX Warning: Reference `chap:exhibit_anjum' on page 104 undefined on input li
ne 92.


LaTeX Warning: Reference `chap:exhibit_asif' on page 104 undefined on input lin
e 94.

[104]

LaTeX Warning: Reference `chap:exhibit_malik' on page 105 undefined on input li
ne 96.


LaTeX Warning: Reference `chap:rozeia' on page 105 undefined on input line 98.


LaTeX Warning: Reference `chap:sheraz' on page 105 undefined on input line 100.



LaTeX Warning: Reference `chap:exhibit_kamran' on page 105 undefined on input l
ine 102.


LaTeX Warning: Reference `chap:exhibit_appreciations' on page 105 undefined on 
input line 111.

[105]) [106]
Chapter 13.
[107

] 
enddocument/afterlastpage: lastpage setting LastPage.
(./ds_v5.aux)
 ***********
LaTeX2e <2023-11-01> patch level 1
L3 programming layer <2024-01-22>
 ***********


LaTeX Warning: There were undefined references.

Package rerunfilecheck Info: File `ds_v5.out' has not changed.
(rerunfilecheck)             Checksum: 3DA57FD09A7173B9E02E3E8251AB8452;39033.
 ) 
Here is how much of TeX's memory you used:
 33008 strings out of 474222
 772863 string characters out of 5748732
 1949975 words of memory out of 5000000
 54249 multiletter control sequences out of 15000+600000
 566727 words of font info for 65 fonts, out of 8000000 for 9000
 1141 hyphenation exceptions out of 8191
 99i,19n,101p,1726b,2317s stack positions out of 10000i,1000n,20000p,200000b,200000s
</usr/share/texlive/texmf-dist/fonts/type1/public/amsfonts/cm/cmbx12.pfb></us
r/share/texlive/texmf-dist/fonts/type1/public/amsfonts/cm/cmmi12.pfb></usr/shar
e/texlive/texmf-dist/fonts/type1/public/amsfonts/cm/cmr10.pfb></usr/share/texli
ve/texmf-dist/fonts/type1/public/amsfonts/cm/cmr12.pfb></usr/share/texlive/texm
f-dist/fonts/type1/public/amsfonts/cm/cmr17.pfb></usr/share/texlive/texmf-dist/
fonts/type1/public/amsfonts/cm/cmr7.pfb></usr/share/texlive/texmf-dist/fonts/ty
pe1/public/amsfonts/cm/cmr8.pfb></usr/share/texlive/texmf-dist/fonts/type1/publ
ic/amsfonts/cm/cmti10.pfb></usr/share/texlive/texmf-dist/fonts/type1/public/ams
fonts/cm/cmti12.pfb></usr/share/texlive/texmf-dist/fonts/type1/public/amsfonts/
cm/cmtt10.pfb></usr/share/texlive/texmf-dist/fonts/type1/public/amsfonts/cm/cmt
t12.pfb></usr/share/texmf/fonts/type1/public/cm-super/sfbx1200.pfb></usr/share/
texmf/fonts/type1/public/cm-super/sfbx1440.pfb></usr/share/texmf/fonts/type1/pu
blic/cm-super/sfrm1200.pfb></usr/share/texmf/fonts/type1/public/cm-super/sfti12
00.pfb>
Output written on ds_v5.pdf (112 pages, 1606810 bytes).
PDF statistics:
 1961 PDF objects out of 2073 (max. 8388607)
 1673 compressed objects within 17 object streams
 460 named destinations out of 1000 (max. 500000)
 1414 words of extra memory for PDF output out of 10000 (max. 10000000)

