\BOOKMARK [0][-]{chapter.1}{\376\377\000I\000n\000t\000r\000o\000d\000u\000c\000t\000i\000o\000n\000\040\000a\000n\000d\000\040\000E\000x\000e\000c\000u\000t\000i\000v\000e\000\040\000S\000u\000m\000m\000a\000r\000y}{}% 1
\BOOKMARK [0][-]{chapter.2}{\376\377\000L\000e\000g\000a\000l\000\040\000C\000r\000i\000t\000e\000r\000i\000a\000\040\000a\000n\000d\000\040\000E\000l\000i\000g\000i\000b\000i\000l\000i\000t\000y}{}% 2
\BOOKMARK [1][-]{subsection.2.0.1}{\376\377\000A\000d\000v\000a\000n\000c\000e\000d\000\040\000D\000e\000g\000r\000e\000e\000\040\000a\000n\000d\000\040\000E\000q\000u\000i\000v\000a\000l\000e\000n\000t\000\040\000Q\000u\000a\000l\000i\000f\000i\000c\000a\000t\000i\000o\000n\000s\000\040\000\050\0008\000\040\000C\000F\000R\000\040\000\247\000\040\0002\0000\0004\000.\0005\000\050\000k\000\051\000\050\0002\000\051\000\051}{chapter.2}% 3
\BOOKMARK [1][-]{section.2.1}{\376\377\000I\000n\000t\000e\000r\000n\000a\000t\000i\000o\000n\000a\000l\000\040\000G\000o\000v\000e\000r\000n\000m\000e\000n\000t\000\040\000a\000n\000d\000\040\000Q\000u\000a\000s\000i\000-\000G\000o\000v\000e\000r\000n\000m\000e\000n\000t\000\040\000R\000e\000c\000o\000g\000n\000i\000t\000i\000o\000n\000\040\000o\000f\000\040\000R\000e\000s\000e\000a\000r\000c\000h}{chapter.2}% 4
\BOOKMARK [2][-]{subsection.2.1.1}{\376\377\000U\000n\000i\000t\000e\000d\000\040\000S\000t\000a\000t\000e\000s\000\040\000G\000o\000v\000e\000r\000n\000m\000e\000n\000t\000\040\000R\000e\000c\000o\000g\000n\000i\000t\000i\000o\000n\000\040\000o\000f\000\040\000M\000r\000\040\000J\000o\000s\000h\000i\000'\000s\000\040\000W\000o\000r\000k}{section.2.1}% 5
\BOOKMARK [2][-]{subsection.2.1.2}{\376\377\000I\000n\000t\000e\000r\000n\000a\000t\000i\000o\000n\000a\000l\000\040\000G\000o\000v\000e\000r\000n\000m\000e\000n\000t\000\040\000R\000e\000c\000o\000g\000n\000i\000t\000i\000o\000n}{section.2.1}% 6
\BOOKMARK [2][-]{subsection.2.1.3}{\376\377\000U\000.\000S\000.\000\040\000D\000e\000p\000a\000r\000t\000m\000e\000n\000t\000\040\000o\000f\000\040\000E\000d\000u\000c\000a\000t\000i\000o\000n\000\040\000-\000\040\000E\000R\000I\000C\000\040\000\050\000I\000n\000s\000t\000i\000t\000u\000t\000e\000\040\000o\000f\000\040\000E\000d\000u\000c\000a\000t\000i\000o\000n\000\040\000S\000c\000i\000e\000n\000c\000e\000s\000\051}{section.2.1}% 7
\BOOKMARK [2][-]{subsection.2.1.4}{\376\377\000Q\000u\000a\000s\000i\000-\000G\000o\000v\000e\000r\000n\000m\000e\000n\000t\000\040\000a\000n\000d\000\040\000I\000n\000s\000t\000i\000t\000u\000t\000i\000o\000n\000a\000l\000\040\000R\000e\000c\000o\000g\000n\000i\000t\000i\000o\000n}{section.2.1}% 8
\BOOKMARK [2][-]{subsection.2.1.5}{\376\377\000S\000u\000m\000m\000a\000r\000y\000\040\000o\000f\000\040\000G\000o\000v\000e\000r\000n\000m\000e\000n\000t\000\040\000R\000e\000c\000o\000g\000n\000i\000t\000i\000o\000n\000\040\000I\000m\000p\000a\000c\000t}{section.2.1}% 9
\BOOKMARK [2][-]{subsection.2.1.6}{\376\377\000C\000o\000n\000c\000l\000u\000s\000i\000o\000n\000\040\000o\000n\000\040\000G\000o\000v\000e\000r\000n\000m\000e\000n\000t\000\040\000R\000e\000c\000o\000g\000n\000i\000t\000i\000o\000n}{section.2.1}% 10
\BOOKMARK [1][-]{section.2.2}{\376\377\000D\000e\000m\000o\000n\000s\000t\000r\000a\000t\000e\000d\000\040\000I\000n\000f\000l\000u\000e\000n\000c\000e\000\040\000a\000n\000d\000\040\000D\000i\000s\000s\000e\000m\000i\000n\000a\000t\000i\000o\000n\000\040\000o\000f\000\040\000R\000e\000s\000e\000a\000r\000c\000h\000\040\000a\000t\000\040\000U\000S\000\040\000U\000n\000i\000v\000e\000r\000s\000i\000t\000i\000e\000s}{chapter.2}% 11
\BOOKMARK [2][-]{subsection.2.2.1}{\376\377\000C\000o\000n\000f\000e\000r\000e\000n\000c\000e\000\040\000P\000u\000b\000l\000i\000c\000a\000t\000i\000o\000n\000\040\000I\000n\000d\000e\000x\000i\000n\000g\000\040\000i\000n\000\040\000S\000t\000a\000n\000f\000o\000r\000d\000.\000e\000d\000u}{section.2.2}% 12
\BOOKMARK [0][-]{chapter.3}{\376\377\000P\000r\000o\000p\000o\000s\000e\000d\000\040\000E\000n\000d\000e\000a\000v\000o\000r\000:\000\040\000N\000a\000t\000i\000o\000n\000a\000l\000\040\000I\000n\000t\000e\000r\000e\000s\000t\000\040\000S\000t\000a\000t\000e\000m\000e\000n\000t}{}% 13
\BOOKMARK [1][-]{section.3.1}{\376\377\000O\000v\000e\000r\000v\000i\000e\000w}{chapter.3}% 14
\BOOKMARK [1][-]{section.3.2}{\376\377\000I\000n\000i\000t\000i\000a\000t\000i\000v\000e\000\040\0001\000:\000\040\000A\000d\000v\000a\000n\000c\000i\000n\000g\000\040\000A\000g\000e\000n\000t\000i\000c\000\040\000G\000e\000n\000\040\000A\000I\000\040\000i\000n\000\040\000F\000i\000n\000a\000n\000c\000i\000a\000l\000\040\000a\000n\000d\000\040\000E\000c\000o\000n\000o\000m\000i\000c\000\040\000R\000i\000s\000k}{chapter.3}% 15
\BOOKMARK [1][-]{section.3.3}{\376\377\000I\000n\000i\000t\000i\000a\000t\000i\000v\000e\000\040\0002\000:\000\040\000O\000p\000e\000n\000-\000S\000o\000u\000r\000c\000e\000\040\000R\000e\000s\000e\000a\000r\000c\000h\000\040\000a\000n\000d\000\040\000K\000n\000o\000w\000l\000e\000d\000g\000e\000\040\000D\000i\000s\000s\000e\000m\000i\000n\000a\000t\000i\000o\000n\000\040\000o\000n\000\040\000A\000g\000e\000n\000t\000i\000c\000\040\000G\000e\000n\000\040\000A\000I}{chapter.3}% 16
\BOOKMARK [1][-]{section.3.4}{\376\377\000I\000n\000i\000t\000i\000a\000t\000i\000v\000e\000\040\0003\000:\000\040\000W\000o\000r\000k\000f\000o\000r\000c\000e\000\040\000D\000e\000v\000e\000l\000o\000p\000m\000e\000n\000t\000\040\000a\000n\000d\000\040\000T\000r\000a\000i\000n\000i\000n\000g\000,\000\040\000T\000h\000o\000u\000g\000h\000t\000\040\000L\000e\000a\000d\000e\000r\000s\000h\000i\000p\000\040\000o\000f\000\040\000G\000e\000n\000\040\000A\000I\000\040\000A\000p\000p\000l\000i\000c\000a\000t\000i\000o\000n\000\040\000i\000n\000\040\000E\000d\000u\000c\000a\000t\000i\000o\000n\000\040\000a\000n\000d\000\040\000H\000e\000a\000l\000t\000h}{chapter.3}% 17
\BOOKMARK [1][-]{section.3.5}{\376\377\000I\000n\000i\000t\000i\000a\000t\000i\000v\000e\000\040\0004\000:\000\040\000D\000e\000f\000e\000n\000s\000e\000\040\000a\000n\000d\000\040\000N\000a\000t\000i\000o\000n\000a\000l\000\040\000S\000e\000c\000u\000r\000i\000t\000y\000\040\000A\000p\000p\000l\000i\000c\000a\000t\000i\000o\000n\000s\000\040\000o\000f\000\040\000A\000I}{chapter.3}% 18
\BOOKMARK [1][-]{section.3.6}{\376\377\000I\000n\000i\000t\000i\000a\000t\000i\000v\000e\000\040\0005\000:\000\040\000A\000d\000v\000a\000n\000c\000e\000d\000\040\000A\000I\000\040\000R\000e\000s\000e\000a\000r\000c\000h\000\040\000a\000n\000d\000\040\000T\000e\000c\000h\000n\000i\000c\000a\000l\000\040\000I\000n\000n\000o\000v\000a\000t\000i\000o\000n}{chapter.3}% 19
\BOOKMARK [1][-]{section.3.7}{\376\377\000N\000o\000n\000p\000r\000o\000f\000i\000t\000\040\000S\000t\000a\000r\000t\000u\000p\000\040\000E\000n\000d\000e\000a\000v\000o\000r\000\040\000a\000n\000d\000\040\000R\000e\000l\000e\000v\000a\000n\000t\000\040\000E\000x\000p\000e\000r\000t\000i\000s\000e}{chapter.3}% 20
\BOOKMARK [2][-]{subsection.3.7.1}{\376\377\000I\000n\000t\000e\000r\000n\000a\000t\000i\000o\000n\000a\000l\000\040\000S\000t\000a\000r\000t\000u\000p\000\040\000M\000B\000A\000\040\000i\000n\000\040\000I\000s\000r\000a\000e\000l\000\040\000a\000n\000d\000\040\000C\000u\000r\000r\000e\000n\000t\000\040\000L\000o\000c\000a\000t\000i\000o\000n\000\040\000i\000n\000\040\000N\000Y\000C}{section.3.7}% 21
\BOOKMARK [1][-]{section.3.8}{\376\377\000F\000i\000v\000e\000-\000Y\000e\000a\000r\000\040\000T\000i\000m\000e\000l\000i\000n\000e\000\040\000a\000n\000d\000\040\000M\000i\000l\000e\000s\000t\000o\000n\000e\000s}{chapter.3}% 22
\BOOKMARK [2][-]{subsection.3.8.1}{\376\377\000A\000d\000v\000a\000n\000c\000i\000n\000g\000\040\000A\000g\000e\000n\000t\000i\000c\000\040\000G\000e\000n\000\040\000A\000I\000\040\000S\000y\000s\000t\000e\000m\000\040\000R\000e\000s\000i\000l\000i\000e\000n\000c\000e\000\040\000t\000h\000r\000o\000u\000g\000h\000\040\000A\000I}{section.3.8}% 23
\BOOKMARK [2][-]{subsection.3.8.2}{\376\377\000R\000e\000s\000e\000a\000r\000c\000h\000\040\000a\000n\000d\000\040\000K\000n\000o\000w\000l\000e\000d\000g\000e\000\040\000D\000i\000s\000s\000e\000m\000i\000n\000a\000t\000i\000o\000n}{section.3.8}% 24
\BOOKMARK [2][-]{subsection.3.8.3}{\376\377\000W\000o\000r\000k\000f\000o\000r\000c\000e\000\040\000D\000e\000v\000e\000l\000o\000p\000m\000e\000n\000t\000\040\000a\000n\000d\000\040\000E\000d\000u\000c\000a\000t\000i\000o\000n}{section.3.8}% 25
\BOOKMARK [2][-]{subsection.3.8.4}{\376\377\000D\000e\000f\000e\000n\000s\000e\000\040\000a\000n\000d\000\040\000N\000a\000t\000i\000o\000n\000a\000l\000\040\000S\000e\000c\000u\000r\000i\000t\000y\000\040\000A\000p\000p\000l\000i\000c\000a\000t\000i\000o\000n\000s}{section.3.8}% 26
\BOOKMARK [1][-]{section.3.9}{\376\377\000S\000u\000b\000s\000t\000a\000n\000t\000i\000a\000l\000\040\000M\000e\000r\000i\000t\000\040\000a\000n\000d\000\040\000N\000a\000t\000i\000o\000n\000a\000l\000\040\000I\000m\000p\000o\000r\000t\000a\000n\000c\000e}{chapter.3}% 27
\BOOKMARK [2][-]{subsection.3.9.1}{\376\377\000A\000l\000i\000g\000n\000m\000e\000n\000t\000\040\000w\000i\000t\000h\000\040\000N\000a\000t\000i\000o\000n\000a\000l\000\040\000P\000r\000i\000o\000r\000i\000t\000i\000e\000s}{section.3.9}% 28
\BOOKMARK [2][-]{subsection.3.9.2}{\376\377\000E\000v\000i\000d\000e\000n\000c\000e\000\040\000o\000f\000\040\000I\000m\000p\000a\000c\000t\000\040\000a\000n\000d\000\040\000R\000e\000c\000o\000g\000n\000i\000t\000i\000o\000n}{section.3.9}% 29
\BOOKMARK [1][-]{section.3.10}{\376\377\000F\000u\000t\000u\000r\000e\000\040\000P\000l\000a\000n\000s\000\040\000a\000n\000d\000\040\000P\000r\000o\000j\000e\000c\000t\000e\000d\000\040\000I\000m\000p\000a\000c\000t}{chapter.3}% 30
\BOOKMARK [2][-]{subsection.3.10.1}{\376\377\000R\000e\000s\000e\000a\000r\000c\000h\000\040\000a\000n\000d\000\040\000D\000e\000v\000e\000l\000o\000p\000m\000e\000n\000t\000\040\000G\000o\000a\000l\000s}{section.3.10}% 31
\BOOKMARK [2][-]{subsection.3.10.2}{\376\377\000W\000o\000r\000k\000f\000o\000r\000c\000e\000\040\000D\000e\000v\000e\000l\000o\000p\000m\000e\000n\000t\000\040\000I\000n\000i\000t\000i\000a\000t\000i\000v\000e\000s}{section.3.10}% 32
\BOOKMARK [2][-]{subsection.3.10.3}{\376\377\000F\000i\000v\000e\000-\000Y\000e\000a\000r\000\040\000I\000m\000p\000a\000c\000t\000\040\000P\000r\000o\000j\000e\000c\000t\000i\000o\000n}{section.3.10}% 33
\BOOKMARK [1][-]{section.3.11}{\376\377\000C\000o\000n\000c\000l\000u\000s\000i\000o\000n}{chapter.3}% 34
\BOOKMARK [1][-]{section.3.12}{\376\377\000R\000e\000f\000e\000r\000e\000n\000c\000i\000n\000g\000\040\000E\000v\000i\000d\000e\000n\000c\000e\000s\000\040\000r\000e\000l\000a\000t\000e\000d\000\040\000t\000o\000\040\000t\000h\000i\000s\000\040\000C\000h\000a\000p\000t\000e\000r}{chapter.3}% 35
\BOOKMARK [0][-]{chapter.4}{\376\377\000P\000r\000o\000v\000e\000n\000\040\000C\000o\000n\000t\000r\000i\000b\000u\000t\000i\000o\000n\000s\000\040\000t\000o\000\040\000D\000e\000f\000e\000n\000s\000e\000,\000\040\000S\000e\000c\000u\000r\000e\000\040\000M\000u\000l\000t\000i\000\040\000P\000a\000r\000t\000y\000\040\000C\000o\000m\000p\000u\000t\000a\000t\000i\000o\000n\000\040\000a\000n\000d\000\040\000C\000y\000b\000e\000r\000\040\000S\000e\000c\000u\000r\000i\000t\000y}{}% 36
\BOOKMARK [1][-]{section.4.1}{\376\377\000N\000a\000t\000i\000o\000n\000a\000l\000\040\000I\000m\000p\000o\000r\000t\000a\000n\000c\000e\000:\000\040\000C\000r\000i\000t\000i\000c\000a\000l\000\040\000C\000o\000n\000t\000r\000i\000b\000u\000t\000i\000o\000n\000s\000\040\000t\000o\000\040\000U\000.\000S\000.\000\040\000D\000e\000f\000e\000n\000s\000e\000\040\000a\000n\000d\000\040\000C\000y\000b\000e\000r\000s\000e\000c\000u\000r\000i\000t\000y}{chapter.4}% 37
\BOOKMARK [2][-]{subsection.4.1.1}{\376\377\000S\000e\000c\000u\000r\000i\000n\000g\000\040\000M\000i\000l\000i\000t\000a\000r\000y\000\040\000O\000p\000e\000r\000a\000t\000i\000o\000n\000s\000\040\000w\000i\000t\000h\000\040\000A\000d\000v\000a\000n\000c\000e\000d\000\040\000C\000r\000y\000p\000t\000o\000g\000r\000a\000p\000h\000y}{section.4.1}% 38
\BOOKMARK [2][-]{subsection.4.1.2}{\376\377\000A\000d\000v\000a\000n\000c\000i\000n\000g\000\040\000C\000y\000b\000e\000r\000s\000e\000c\000u\000r\000i\000t\000y\000\040\000t\000h\000r\000o\000u\000g\000h\000\040\000A\000g\000e\000n\000t\000i\000c\000\040\000A\000I\000\040\000a\000n\000d\000\040\000H\000P\000C}{section.4.1}% 39
\BOOKMARK [2][-]{subsection.4.1.3}{\376\377\000S\000t\000r\000a\000t\000e\000g\000i\000c\000\040\000A\000n\000a\000l\000y\000s\000i\000s\000\040\000o\000f\000\040\000D\000e\000f\000e\000n\000s\000e\000\040\000P\000a\000r\000t\000n\000e\000r\000s\000h\000i\000p\000s}{section.4.1}% 40
\BOOKMARK [2][-]{subsection.4.1.4}{\376\377\000A\000l\000i\000g\000n\000m\000e\000n\000t\000\040\000w\000i\000t\000h\000\040\000U\000.\000S\000.\000\040\000D\000e\000f\000e\000n\000s\000e\000\040\000P\000r\000i\000o\000r\000i\000t\000i\000e\000s}{section.4.1}% 41
\BOOKMARK [2][-]{subsection.4.1.5}{\376\377\000C\000o\000n\000c\000l\000u\000s\000i\000o\000n\000\040\000o\000n\000\040\000D\000e\000f\000e\000n\000s\000e\000\040\000C\000r\000i\000t\000i\000c\000a\000l\000i\000t\000y}{section.4.1}% 42
\BOOKMARK [0][-]{chapter.5}{\376\377\000U\000n\000i\000q\000u\000e\000n\000e\000s\000s\000\040\000a\000n\000d\000\040\000I\000n\000n\000o\000v\000a\000t\000i\000o\000n\000\040\000o\000f\000\040\000P\000r\000o\000p\000o\000s\000e\000d\000\040\000M\000e\000t\000h\000o\000d\000o\000l\000o\000g\000y}{}% 43
\BOOKMARK [1][-]{section.5.1}{\376\377\000C\000o\000m\000p\000a\000r\000a\000t\000i\000v\000e\000\040\000A\000n\000a\000l\000y\000s\000i\000s\000:\000\040\000C\000o\000n\000v\000e\000n\000t\000i\000o\000n\000a\000l\000\040\000v\000s\000.\000\040\000I\000n\000n\000o\000v\000a\000t\000i\000v\000e\000\040\000A\000p\000p\000r\000o\000a\000c\000h\000e\000s}{chapter.5}% 44
\BOOKMARK [1][-]{section.5.2}{\376\377\000E\000v\000i\000d\000e\000n\000c\000e\000\040\000o\000f\000\040\000I\000n\000n\000o\000v\000a\000t\000i\000o\000n\000\040\000a\000n\000d\000\040\000U\000n\000i\000q\000u\000e\000n\000e\000s\000s}{chapter.5}% 45
\BOOKMARK [2][-]{subsection.5.2.1}{\376\377\000F\000e\000d\000e\000r\000a\000l\000\040\000R\000e\000c\000o\000g\000n\000i\000t\000i\000o\000n\000\040\000a\000n\000d\000\040\000A\000d\000o\000p\000t\000i\000o\000n}{section.5.2}% 46
\BOOKMARK [2][-]{subsection.5.2.2}{\376\377\000Q\000u\000a\000n\000t\000i\000f\000i\000a\000b\000l\000e\000\040\000I\000m\000p\000a\000c\000t\000\040\000M\000e\000t\000r\000i\000c\000s}{section.5.2}% 47
\BOOKMARK [1][-]{section.5.3}{\376\377\000S\000n\000o\000w\000b\000a\000l\000l\000\040\000E\000f\000f\000e\000c\000t\000:\000\040\000G\000r\000o\000w\000i\000n\000g\000\040\000N\000a\000t\000i\000o\000n\000a\000l\000\040\000I\000m\000p\000a\000c\000t}{chapter.5}% 48
\BOOKMARK [2][-]{subsection.5.3.1}{\376\377\000R\000e\000s\000e\000a\000r\000c\000h\000\040\000D\000i\000s\000s\000e\000m\000i\000n\000a\000t\000i\000o\000n\000\040\000G\000r\000o\000w\000t\000h}{section.5.3}% 49
\BOOKMARK [2][-]{subsection.5.3.2}{\376\377\000W\000o\000r\000k\000f\000o\000r\000c\000e\000\040\000D\000e\000v\000e\000l\000o\000p\000m\000e\000n\000t\000\040\000E\000x\000p\000a\000n\000s\000i\000o\000n}{section.5.3}% 50
\BOOKMARK [2][-]{subsection.5.3.3}{\376\377\000P\000o\000l\000i\000c\000y\000\040\000I\000n\000f\000l\000u\000e\000n\000c\000e\000\040\000T\000r\000a\000j\000e\000c\000t\000o\000r\000y}{section.5.3}% 51
\BOOKMARK [1][-]{section.5.4}{\376\377\000A\000l\000i\000g\000n\000m\000e\000n\000t\000\040\000w\000i\000t\000h\000\040\000N\000a\000t\000i\000o\000n\000a\000l\000\040\000P\000r\000i\000o\000r\000i\000t\000i\000e\000s}{chapter.5}% 52
\BOOKMARK [1][-]{section.5.5}{\376\377\000C\000o\000n\000c\000l\000u\000s\000i\000o\000n\000:\000\040\000D\000e\000m\000o\000n\000s\000t\000r\000a\000t\000e\000d\000\040\000I\000n\000n\000o\000v\000a\000t\000i\000o\000n\000\040\000w\000i\000t\000h\000\040\000N\000a\000t\000i\000o\000n\000a\000l\000\040\000I\000m\000p\000a\000c\000t}{chapter.5}% 53
\BOOKMARK [0][-]{chapter.6}{\376\377\000P\000o\000t\000e\000n\000t\000i\000a\000l\000\040\000P\000r\000o\000s\000p\000e\000c\000t\000i\000v\000e\000\040\000I\000m\000p\000a\000c\000t\000\040\000\050\000P\000P\000I\000\051}{}% 54
\BOOKMARK [1][-]{section.6.1}{\376\377\000Q\000u\000a\000n\000t\000i\000f\000i\000e\000d\000\040\000I\000m\000p\000a\000c\000t\000\040\000P\000r\000o\000j\000e\000c\000t\000i\000o\000n\000s}{chapter.6}% 55
\BOOKMARK [2][-]{subsection.6.1.1}{\376\377\000P\000r\000o\000p\000o\000s\000e\000d\000\040\000P\000o\000s\000s\000i\000b\000l\000e\000\040\000E\000c\000o\000n\000o\000m\000i\000c\000\040\000I\000m\000p\000a\000c\000t}{section.6.1}% 56
\BOOKMARK [2][-]{subsection.6.1.2}{\376\377\000P\000r\000o\000p\000o\000s\000e\000d\000\040\000P\000o\000s\000s\000i\000b\000l\000e\000\040\000W\000o\000r\000k\000f\000o\000r\000c\000e\000\040\000I\000m\000p\000a\000c\000t}{section.6.1}% 57
\BOOKMARK [2][-]{subsection.6.1.3}{\376\377\000P\000r\000o\000p\000o\000s\000e\000d\000\040\000P\000o\000s\000s\000i\000b\000l\000e\000\040\000R\000e\000g\000u\000l\000a\000t\000o\000r\000y\000\040\000a\000n\000d\000\040\000P\000o\000l\000i\000c\000y\000\040\000I\000m\000p\000a\000c\000t}{section.6.1}% 58
\BOOKMARK [2][-]{subsection.6.1.4}{\376\377\000P\000r\000o\000p\000o\000s\000e\000d\000\040\000P\000o\000s\000s\000i\000b\000l\000e\000\040\000R\000e\000s\000e\000a\000r\000c\000h\000\040\000a\000n\000d\000\040\000K\000n\000o\000w\000l\000e\000d\000g\000e\000\040\000D\000i\000s\000s\000e\000m\000i\000n\000a\000t\000i\000o\000n}{section.6.1}% 59
\BOOKMARK [1][-]{section.6.2}{\376\377\000V\000a\000l\000i\000d\000a\000t\000i\000o\000n\000\040\000b\000y\000\040\000I\000n\000d\000e\000p\000e\000n\000d\000e\000n\000t\000\040\000E\000x\000p\000e\000r\000t\000s}{chapter.6}% 60
\BOOKMARK [2][-]{subsection.6.2.1}{\376\377\000D\000r\000.\000\040\000M\000o\000h\000d\000\040\000A\000n\000j\000u\000m}{section.6.2}% 61
\BOOKMARK [2][-]{subsection.6.2.2}{\376\377\000D\000r\000.\000\040\000M\000a\000l\000i\000k\000\040\000M\000i\000s\000s\000a\000n\000\040}{section.6.2}% 62
\BOOKMARK [2][-]{subsection.6.2.3}{\376\377\000D\000r\000.\000\040\000A\000s\000i\000f\000\040\000U\000m\000e\000r\000\040}{section.6.2}% 63
\BOOKMARK [1][-]{section.6.3}{\376\377\000E\000v\000i\000d\000e\000n\000c\000e\000-\000B\000a\000s\000e\000d\000\040\000P\000r\000o\000j\000e\000c\000t\000i\000o\000n\000\040\000M\000e\000t\000h\000o\000d\000o\000l\000o\000g\000y}{chapter.6}% 64
\BOOKMARK [2][-]{subsection.6.3.1}{\376\377\000H\000i\000s\000t\000o\000r\000i\000c\000a\000l\000\040\000G\000r\000o\000w\000t\000h\000\040\000T\000r\000e\000n\000d\000s}{section.6.3}% 65
\BOOKMARK [2][-]{subsection.6.3.2}{\376\377\000M\000a\000r\000k\000e\000t\000\040\000D\000e\000m\000a\000n\000d\000\040\000I\000n\000d\000i\000c\000a\000t\000o\000r\000s}{section.6.3}% 66
\BOOKMARK [2][-]{subsection.6.3.3}{\376\377\000G\000o\000v\000e\000r\000n\000m\000e\000n\000t\000\040\000P\000r\000i\000o\000r\000i\000t\000y\000\040\000A\000l\000i\000g\000n\000m\000e\000n\000t}{section.6.3}% 67
\BOOKMARK [1][-]{section.6.4}{\376\377\000C\000o\000m\000p\000a\000r\000a\000t\000i\000v\000e\000\040\000I\000m\000p\000a\000c\000t\000\040\000A\000s\000s\000e\000s\000s\000m\000e\000n\000t}{chapter.6}% 68
\BOOKMARK [1][-]{section.6.5}{\376\377\000R\000i\000s\000k\000\040\000M\000i\000t\000i\000g\000a\000t\000i\000o\000n\000\040\000a\000n\000d\000\040\000C\000o\000n\000t\000i\000n\000g\000e\000n\000c\000y\000\040\000P\000l\000a\000n\000n\000i\000n\000g}{chapter.6}% 69
\BOOKMARK [2][-]{subsection.6.5.1}{\376\377\000F\000u\000n\000d\000i\000n\000g\000\040\000V\000a\000r\000i\000a\000b\000i\000l\000i\000t\000y}{section.6.5}% 70
\BOOKMARK [2][-]{subsection.6.5.2}{\376\377\000R\000e\000g\000u\000l\000a\000t\000o\000r\000y\000\040\000C\000h\000a\000n\000g\000e\000s}{section.6.5}% 71
\BOOKMARK [2][-]{subsection.6.5.3}{\376\377\000T\000e\000c\000h\000n\000o\000l\000o\000g\000y\000\040\000E\000v\000o\000l\000u\000t\000i\000o\000n}{section.6.5}% 72
\BOOKMARK [1][-]{section.6.6}{\376\377\000I\000n\000t\000e\000r\000n\000a\000t\000i\000o\000n\000a\000l\000\040\000G\000o\000v\000t\000\040\000/\000\040\000Q\000u\000a\000s\000i\000\040\000G\000o\000v\000t\000\040\000C\000i\000t\000a\000t\000i\000o\000n\000\040\000o\000f\000\040\000W\000o\000r\000k}{chapter.6}% 73
\BOOKMARK [1][-]{section.6.7}{\376\377\000C\000o\000n\000c\000l\000u\000s\000i\000o\000n\000:\000\040\000C\000o\000m\000p\000e\000l\000l\000i\000n\000g\000\040\000E\000v\000i\000d\000e\000n\000c\000e\000\040\000o\000f\000\040\000N\000a\000t\000i\000o\000n\000a\000l\000\040\000I\000m\000p\000a\000c\000t}{chapter.6}% 74
\BOOKMARK [0][-]{chapter.7}{\376\377\000P\000r\000o\000n\000g\000\040\0001\000:\000\040\000S\000u\000b\000s\000t\000a\000n\000t\000i\000a\000l\000\040\000M\000e\000r\000i\000t\000\040\000a\000n\000d\000\040\000N\000a\000t\000i\000o\000n\000a\000l\000\040\000I\000m\000p\000o\000r\000t\000a\000n\000c\000e}{}% 75
\BOOKMARK [1][-]{section.7.1}{\376\377\000U\000S\000C\000I\000S\000\040\000a\000n\000d\000\040\000D\000h\000a\000n\000a\000s\000a\000r\000\040\000F\000r\000a\000m\000e\000w\000o\000r\000k\000\040\000D\000e\000f\000i\000n\000i\000t\000i\000o\000n}{chapter.7}% 76
\BOOKMARK [1][-]{section.7.2}{\376\377\000E\000v\000i\000d\000e\000n\000c\000e\000\040\000o\000f\000\040\000S\000u\000b\000s\000t\000a\000n\000t\000i\000a\000l\000\040\000M\000e\000r\000i\000t}{chapter.7}% 77
\BOOKMARK [1][-]{section.7.3}{\376\377\000N\000a\000t\000i\000o\000n\000a\000l\000\040\000I\000m\000p\000o\000r\000t\000a\000n\000c\000e\000:\000\040\000A\000l\000i\000g\000n\000m\000e\000n\000t\000\040\000w\000i\000t\000h\000\040\000U\000S\000\040\000P\000o\000l\000i\000c\000y\000\040\000a\000n\000d\000\040\000E\000c\000o\000n\000o\000m\000i\000c\000\040\000N\000e\000e\000d\000s}{chapter.7}% 78
\BOOKMARK [1][-]{section.7.4}{\376\377\000E\000x\000t\000e\000r\000n\000a\000l\000\040\000V\000a\000l\000i\000d\000a\000t\000i\000o\000n\000\040\000a\000n\000d\000\040\000B\000r\000o\000a\000d\000e\000r\000\040\000I\000m\000p\000a\000c\000t}{chapter.7}% 79
\BOOKMARK [2][-]{subsection.7.4.1}{\376\377\000U\000.\000S\000.\000\040\000T\000r\000a\000i\000n\000i\000n\000g\000\040\000I\000n\000i\000t\000i\000a\000t\000i\000v\000e\000s\000\040\000b\000y\000\040\000O\000p\000e\000n\000\040\000N\000o\000n\000-\000P\000r\000o\000f\000i\000t\000\040\000a\000n\000d\000\040\000R\000e\000s\000e\000a\000r\000c\000h\000\040\000C\000e\000n\000t\000e\000r}{section.7.4}% 80
\BOOKMARK [2][-]{subsection.7.4.2}{\376\377\000N\000o\000n\000-\000P\000r\000o\000f\000i\000t\000\040\000P\000o\000l\000i\000c\000y\000\040\000R\000e\000s\000e\000a\000r\000c\000h\000\040\000C\000e\000n\000t\000e\000r\000\040\000f\000o\000r\000\040\000F\000i\000n\000a\000n\000c\000i\000a\000l\000\040\000A\000I}{section.7.4}% 81
\BOOKMARK [2][-]{subsection.7.4.3}{\376\377\000D\000e\000t\000a\000i\000l\000e\000d\000\040\000P\000r\000o\000p\000o\000s\000e\000d\000\040\000E\000n\000d\000e\000a\000v\000o\000r\000\040\000i\000n\000\040\000T\000h\000r\000e\000e\000\040\000D\000o\000m\000a\000i\000n\000s}{section.7.4}% 82
\BOOKMARK [1][-]{section.7.5}{\376\377\000P\000r\000o\000j\000e\000c\000t\000e\000d\000\040\000F\000i\000v\000e\000-\000Y\000e\000a\000r\000\040\000E\000n\000d\000e\000a\000v\000o\000r\000\040\000a\000n\000d\000\040\000N\000a\000t\000i\000o\000n\000a\000l\000\040\000E\000c\000o\000n\000o\000m\000i\000c\000\040\000I\000m\000p\000a\000c\000t}{chapter.7}% 83
\BOOKMARK [2][-]{subsection.7.5.1}{\376\377\000F\000i\000v\000e\000-\000Y\000e\000a\000r\000\040\000P\000l\000a\000n\000\040\000f\000o\000r\000\040\000A\000d\000v\000a\000n\000c\000i\000n\000g\000\040\000F\000i\000n\000a\000n\000c\000i\000a\000l\000\040\000A\000I\000\040\000\050\0002\0000\0002\0005\000-\0002\0000\0003\0000\000\051}{section.7.5}% 84
\BOOKMARK [2][-]{subsection.7.5.2}{\376\377\000E\000n\000d\000e\000a\000v\000o\000r\000\040\000O\000p\000e\000n\000\040\000S\000o\000u\000r\000c\000e\000\040\000F\000r\000e\000e\000\040\000C\000o\000u\000r\000s\000e\000\040\000a\000n\000d\000\040\000T\000r\000a\000i\000n\000i\000n\000g\000\040\000C\000o\000n\000t\000e\000n\000t\000\040\000P\000r\000o\000d\000u\000c\000t\000i\000o\000n\000\040\000R\000o\000a\000d\000m\000a\000p}{section.7.5}% 85
\BOOKMARK [2][-]{subsection.7.5.3}{\376\377\000F\000u\000t\000u\000r\000e\000\040\000E\000n\000d\000e\000a\000v\000o\000r\000\040\000a\000n\000d\000\040\000R\000e\000s\000e\000a\000r\000c\000h\000\040\000D\000i\000s\000s\000e\000m\000i\000n\000a\000t\000i\000o\000n\000\040\000S\000t\000r\000a\000t\000e\000g\000y\000\040\0002\0000\0002\0005\000-\0002\0000\0003\0000}{section.7.5}% 86
\BOOKMARK [2][-]{subsection.7.5.4}{\376\377\000E\000n\000d\000e\000a\000v\000o\000r\000\040\000O\000n\000g\000o\000i\000n\000g\000\040\000a\000n\000d\000\040\000F\000u\000t\000u\000r\000e\000\040\000C\000o\000n\000t\000r\000i\000b\000u\000t\000i\000o\000n\000s\000\040\000a\000s\000\040\000P\000e\000e\000r\000\040\000R\000e\000v\000i\000e\000w\000e\000r\000\040\000a\000n\000d\000\040\000S\000u\000b\000j\000e\000c\000t\000-\000M\000a\000t\000t\000e\000r\000\040\000E\000x\000p\000e\000r\000t\000\040\000\050\0002\0000\0002\0005\000-\0003\0000\0002\0000\000\051}{section.7.5}% 87
\BOOKMARK [2][-]{subsection.7.5.5}{\376\377\000F\000i\000n\000a\000l\000\040\000w\000o\000r\000d\000s\000\040\000o\000n\000\040\000P\000r\000o\000n\000g\000\040\0001\000:\000\040\000A\000l\000i\000g\000n\000m\000e\000n\000t\000\040\000w\000i\000t\000h\000\040\000N\000a\000t\000i\000o\000n\000a\000l\000\040\000I\000n\000t\000e\000r\000e\000s\000t}{section.7.5}% 88
\BOOKMARK [1][-]{section.7.6}{\376\377\000I\000n\000t\000e\000g\000r\000a\000t\000e\000d\000\040\000F\000i\000v\000e\000-\000Y\000e\000a\000r\000\040\000I\000m\000p\000l\000e\000m\000e\000n\000t\000a\000t\000i\000o\000n\000\040\000P\000l\000a\000n\000:\000\040\000B\000u\000i\000l\000d\000i\000n\000g\000\040\000o\000n\000\040\000P\000r\000o\000v\000e\000n\000\040\000I\000m\000p\000a\000c\000t}{chapter.7}% 89
\BOOKMARK [2][-]{subsection.7.6.1}{\376\377\000F\000o\000u\000n\000d\000a\000t\000i\000o\000n\000:\000\040\000C\000u\000r\000r\000e\000n\000t\000\040\000A\000c\000h\000i\000e\000v\000e\000m\000e\000n\000t\000s\000\040\000a\000n\000d\000\040\000M\000o\000m\000e\000n\000t\000u\000m}{section.7.6}% 90
\BOOKMARK [2][-]{subsection.7.6.2}{\376\377\000Y\000e\000a\000r\000-\000b\000y\000-\000Y\000e\000a\000r\000\040\000I\000m\000p\000l\000e\000m\000e\000n\000t\000a\000t\000i\000o\000n\000\040\000T\000i\000m\000e\000l\000i\000n\000e}{section.7.6}% 91
\BOOKMARK [2][-]{subsection.7.6.3}{\376\377\000Q\000u\000a\000n\000t\000i\000f\000i\000e\000d\000\040\000I\000m\000p\000a\000c\000t\000\040\000P\000r\000o\000j\000e\000c\000t\000i\000o\000n\000s}{section.7.6}% 92
\BOOKMARK [2][-]{subsection.7.6.4}{\376\377\000R\000i\000s\000k\000\040\000M\000i\000t\000i\000g\000a\000t\000i\000o\000n\000\040\000a\000n\000d\000\040\000C\000o\000n\000t\000i\000n\000g\000e\000n\000c\000y\000\040\000P\000l\000a\000n\000n\000i\000n\000g}{section.7.6}% 93
\BOOKMARK [2][-]{subsection.7.6.5}{\376\377\000C\000o\000n\000c\000l\000u\000s\000i\000o\000n\000:\000\040\000A\000\040\000N\000a\000t\000u\000r\000a\000l\000\040\000T\000r\000a\000j\000e\000c\000t\000o\000r\000y\000\040\000o\000f\000\040\000N\000a\000t\000i\000o\000n\000a\000l\000\040\000B\000e\000n\000e\000f\000i\000t}{section.7.6}% 94
\BOOKMARK [0][-]{chapter.8}{\376\377\000P\000r\000o\000n\000g\000\040\0002\000:\000\040\000W\000e\000l\000l\000-\000P\000o\000s\000i\000t\000i\000o\000n\000e\000d\000\040\000t\000o\000\040\000A\000d\000v\000a\000n\000c\000e\000\040\000t\000h\000e\000\040\000E\000n\000d\000e\000a\000v\000o\000r}{}% 95
\BOOKMARK [1][-]{subsection.8.0.1}{\376\377\000P\000r\000o\000f\000e\000s\000s\000i\000o\000n\000a\000l\000\040\000E\000x\000p\000e\000r\000i\000e\000n\000c\000e\000\040\000\050\0008\000\040\000C\000F\000R\000\040\000\247\000\040\0002\0000\0004\000.\0005\000\050\000k\000\051\000\050\0002\000\051\000\051}{chapter.8}% 96
\BOOKMARK [1][-]{section.8.1}{\376\377\000W\000e\000l\000l\000-\000P\000o\000s\000i\000t\000i\000o\000n\000e\000d\000\040\000t\000o\000\040\000A\000d\000v\000a\000n\000c\000e\000\040\000t\000h\000e\000\040\000E\000n\000d\000e\000a\000v\000o\000r}{chapter.8}% 97
\BOOKMARK [2][-]{subsection.8.1.1}{\376\377\000T\000e\000c\000h\000n\000i\000c\000a\000l\000\040\000E\000x\000p\000e\000r\000t\000i\000s\000e\000\040\000a\000n\000d\000\040\000S\000p\000e\000c\000i\000a\000l\000i\000z\000e\000d\000\040\000K\000n\000o\000w\000l\000e\000d\000g\000e}{section.8.1}% 98
\BOOKMARK [2][-]{subsection.8.1.2}{\376\377\000P\000r\000o\000v\000e\000n\000\040\000T\000r\000a\000c\000k\000\040\000R\000e\000c\000o\000r\000d\000\040\000o\000f\000\040\000S\000u\000c\000c\000e\000s\000s}{section.8.1}% 99
\BOOKMARK [2][-]{subsection.8.1.3}{\376\377\000R\000e\000s\000e\000a\000r\000c\000h\000\040\000a\000n\000d\000\040\000P\000u\000b\000l\000i\000c\000a\000t\000i\000o\000n\000\040\000R\000e\000c\000o\000r\000d}{section.8.1}% 100
\BOOKMARK [2][-]{subsection.8.1.4}{\376\377\000P\000r\000o\000f\000e\000s\000s\000i\000o\000n\000a\000l\000\040\000N\000e\000t\000w\000o\000r\000k\000\040\000a\000n\000d\000\040\000C\000o\000l\000l\000a\000b\000o\000r\000a\000t\000i\000o\000n\000s}{section.8.1}% 101
\BOOKMARK [0][-]{chapter.9}{\376\377\000P\000r\000o\000n\000g\000\040\0003\000:\000\040\000B\000a\000l\000a\000n\000c\000i\000n\000g\000\040\000F\000a\000c\000t\000o\000r\000s}{}% 102
\BOOKMARK [1][-]{section.9.1}{\376\377\000N\000a\000t\000i\000o\000n\000a\000l\000\040\000B\000e\000n\000e\000f\000i\000t\000\040\000o\000f\000\040\000W\000a\000i\000v\000i\000n\000g\000\040\000J\000o\000b\000\040\000O\000f\000f\000e\000r\000\040\000R\000e\000q\000u\000i\000r\000e\000m\000e\000n\000t}{chapter.9}% 103
\BOOKMARK [2][-]{subsection.9.1.1}{\376\377\000U\000n\000i\000q\000u\000e\000\040\000Q\000u\000a\000l\000i\000f\000i\000c\000a\000t\000i\000o\000n\000s\000\040\000a\000n\000d\000\040\000S\000p\000e\000c\000i\000a\000l\000i\000z\000e\000d\000\040\000E\000x\000p\000e\000r\000t\000i\000s\000e}{section.9.1}% 104
\BOOKMARK [2][-]{subsection.9.1.2}{\376\377\000U\000r\000g\000e\000n\000t\000\040\000N\000a\000t\000i\000o\000n\000a\000l\000\040\000N\000e\000e\000d\000s}{section.9.1}% 105
\BOOKMARK [2][-]{subsection.9.1.3}{\376\377\000B\000e\000n\000e\000f\000i\000t\000s\000\040\000B\000e\000y\000o\000n\000d\000\040\000a\000\040\000S\000i\000n\000g\000l\000e\000\040\000E\000m\000p\000l\000o\000y\000e\000r}{section.9.1}% 106
\BOOKMARK [2][-]{subsection.9.1.4}{\376\377\000I\000m\000p\000r\000a\000c\000t\000i\000c\000a\000l\000i\000t\000y\000\040\000o\000f\000\040\000L\000a\000b\000o\000r\000\040\000C\000e\000r\000t\000i\000f\000i\000c\000a\000t\000i\000o\000n}{section.9.1}% 107
\BOOKMARK [2][-]{subsection.9.1.5}{\376\377\000N\000a\000t\000i\000o\000n\000a\000l\000\040\000I\000n\000t\000e\000r\000e\000s\000t\000\040\000J\000u\000s\000t\000i\000f\000i\000c\000a\000t\000i\000o\000n\000\040\000f\000o\000r\000\040\000P\000E\000R\000M\000\040\000W\000a\000i\000v\000e\000r}{section.9.1}% 108
\BOOKMARK [2][-]{subsection.9.1.6}{\376\377\000P\000e\000e\000r\000-\000R\000e\000v\000i\000e\000w\000e\000d\000\040\000R\000e\000s\000e\000a\000r\000c\000h\000\040\000C\000o\000n\000t\000r\000i\000b\000u\000t\000i\000o\000n\000s\000\040\000t\000o\000\040\000P\000o\000l\000i\000c\000y\000\040\000R\000e\000s\000e\000a\000r\000c\000h\000\040\000f\000o\000r\000\040\000U\000.\000S\000.\000\040\000N\000a\000t\000i\000o\000n\000a\000l\000\040\000I\000n\000t\000e\000r\000e\000s\000t}{section.9.1}% 109
\BOOKMARK [2][-]{subsection.9.1.7}{\376\377\000O\000p\000e\000n\000\040\000E\000b\000o\000o\000k\000\040\000P\000u\000b\000l\000i\000c\000a\000t\000i\000o\000n\000s\000\040\000S\000u\000p\000p\000o\000r\000t\000i\000n\000g\000\040\000P\000o\000l\000i\000c\000y\000\040\000a\000n\000d\000\040\000W\000o\000r\000k\000f\000o\000r\000c\000e\000\040\000I\000n\000n\000o\000v\000a\000t\000i\000o\000n}{section.9.1}% 110
\BOOKMARK [2][-]{subsection.9.1.8}{\376\377\000C\000o\000n\000c\000l\000u\000s\000i\000o\000n}{section.9.1}% 111
\BOOKMARK [1][-]{section.9.2}{\376\377\000C\000o\000n\000c\000l\000u\000s\000i\000o\000n}{chapter.9}% 112
\BOOKMARK [0][-]{chapter.10}{\376\377\000C\000o\000n\000c\000l\000u\000s\000i\000o\000n\000:\000\040\000C\000o\000m\000p\000r\000e\000h\000e\000n\000s\000i\000v\000e\000\040\000R\000e\000s\000p\000o\000n\000s\000e\000\040\000t\000o\000\040\000U\000S\000C\000I\000S\000\040\000P\000a\000s\000t\000\040\000D\000e\000n\000i\000a\000l}{}% 113
\BOOKMARK [1][-]{section.10.1}{\376\377\000D\000i\000r\000e\000c\000t\000\040\000R\000e\000s\000p\000o\000n\000s\000e\000\040\000t\000o\000\040\000U\000S\000C\000I\000S\000\040\000C\000o\000n\000c\000e\000r\000n\000s}{chapter.10}% 114
\BOOKMARK [2][-]{subsection.10.1.1}{\376\377\000R\000e\000s\000p\000o\000n\000s\000e\000\040\000t\000o\000\040\000P\000r\000i\000o\000r\000\040\000U\000S\000C\000I\000S\000\040\000D\000e\000c\000i\000s\000i\000o\000n}{section.10.1}% 115
\BOOKMARK [2][-]{subsection.10.1.2}{\376\377\000C\000l\000a\000r\000i\000f\000i\000c\000a\000t\000i\000o\000n\000\040\000R\000e\000g\000a\000r\000d\000i\000n\000g\000\040\000A\000u\000t\000h\000o\000r\000s\000h\000i\000p\000\040\000a\000n\000d\000\040\000E\000v\000i\000d\000e\000n\000c\000e\000\040\000I\000n\000t\000e\000g\000r\000i\000t\000y}{section.10.1}% 116
\BOOKMARK [2][-]{subsection.10.1.3}{\376\377\000N\000a\000t\000i\000o\000n\000a\000l\000\040\000I\000m\000p\000o\000r\000t\000a\000n\000c\000e\000\040\000a\000n\000d\000\040\000U\000n\000i\000q\000u\000e\000\040\000M\000e\000t\000h\000o\000d\000o\000l\000o\000g\000y}{section.10.1}% 117
\BOOKMARK [2][-]{subsection.10.1.4}{\376\377\000P\000o\000t\000e\000n\000t\000i\000a\000l\000\040\000P\000r\000o\000s\000p\000e\000c\000t\000i\000v\000e\000\040\000I\000m\000p\000a\000c\000t\000\040\000B\000e\000y\000o\000n\000d\000\040\000I\000m\000m\000e\000d\000i\000a\000t\000e\000\040\000R\000o\000l\000e}{section.10.1}% 118
\BOOKMARK [2][-]{subsection.10.1.5}{\376\377\000N\000a\000t\000i\000o\000n\000a\000l\000\040\000B\000e\000n\000e\000f\000i\000t\000\040\000o\000f\000\040\000W\000a\000i\000v\000i\000n\000g\000\040\000L\000a\000b\000o\000r\000\040\000C\000e\000r\000t\000i\000f\000i\000c\000a\000t\000i\000o\000n}{section.10.1}% 119
\BOOKMARK [1][-]{section.10.2}{\376\377\000S\000a\000t\000i\000s\000f\000a\000c\000t\000i\000o\000n\000\040\000o\000f\000\040\000D\000h\000a\000n\000a\000s\000a\000r\000\040\000F\000r\000a\000m\000e\000w\000o\000r\000k}{chapter.10}% 120
\BOOKMARK [2][-]{subsection.10.2.1}{\376\377\000P\000r\000o\000n\000g\000\040\0001\000:\000\040\000S\000u\000b\000s\000t\000a\000n\000t\000i\000a\000l\000\040\000M\000e\000r\000i\000t\000\040\000a\000n\000d\000\040\000N\000a\000t\000i\000o\000n\000a\000l\000\040\000I\000m\000p\000o\000r\000t\000a\000n\000c\000e}{section.10.2}% 121
\BOOKMARK [2][-]{subsection.10.2.2}{\376\377\000P\000r\000o\000n\000g\000\040\0002\000:\000\040\000W\000e\000l\000l\000-\000P\000o\000s\000i\000t\000i\000o\000n\000e\000d\000\040\000t\000o\000\040\000A\000d\000v\000a\000n\000c\000e\000\040\000t\000h\000e\000\040\000E\000n\000d\000e\000a\000v\000o\000r}{section.10.2}% 122
\BOOKMARK [2][-]{subsection.10.2.3}{\376\377\000P\000r\000o\000n\000g\000\040\0003\000:\000\040\000N\000a\000t\000i\000o\000n\000a\000l\000\040\000B\000e\000n\000e\000f\000i\000t\000\040\000o\000f\000\040\000W\000a\000i\000v\000i\000n\000g\000\040\000R\000e\000q\000u\000i\000r\000e\000m\000e\000n\000t\000s}{section.10.2}% 123
\BOOKMARK [1][-]{section.10.3}{\376\377\000C\000o\000n\000c\000l\000u\000s\000i\000o\000n}{chapter.10}% 124
\BOOKMARK [0][-]{chapter.11}{\376\377\000R\000e\000c\000e\000n\000t\000\040\000C\000o\000n\000t\000r\000i\000b\000u\000t\000i\000o\000n\000s}{}% 125
\BOOKMARK [1][-]{section.11.1}{\376\377\000R\000e\000c\000e\000n\000t\000\040\000R\000e\000s\000e\000a\000r\000c\000h\000\040\000C\000o\000n\000t\000r\000i\000b\000u\000t\000i\000o\000n\000s\000\040\000D\000e\000m\000o\000n\000s\000t\000r\000a\000t\000i\000n\000g\000\040\000N\000a\000t\000i\000o\000n\000a\000l\000\040\000I\000m\000p\000a\000c\000t}{chapter.11}% 126
\BOOKMARK [2][-]{subsection.11.1.1}{\376\377\000E\000d\000u\000c\000a\000t\000i\000o\000n\000\040\000P\000o\000l\000i\000c\000y\000\040\000a\000n\000d\000\040\000A\000I\000\040\000I\000n\000t\000e\000g\000r\000a\000t\000i\000o\000n}{section.11.1}% 127
\BOOKMARK [2][-]{subsection.11.1.2}{\376\377\000F\000i\000n\000a\000n\000c\000i\000a\000l\000\040\000S\000y\000s\000t\000e\000m\000\040\000I\000n\000n\000o\000v\000a\000t\000i\000o\000n}{section.11.1}% 128
\BOOKMARK [2][-]{subsection.11.1.3}{\376\377\000W\000o\000r\000k\000f\000o\000r\000c\000e\000\040\000D\000e\000v\000e\000l\000o\000p\000m\000e\000n\000t\000\040\000a\000n\000d\000\040\000A\000I\000\040\000T\000r\000a\000i\000n\000i\000n\000g}{section.11.1}% 129
\BOOKMARK [2][-]{subsection.11.1.4}{\376\377\000A\000d\000v\000a\000n\000c\000e\000d\000\040\000A\000I\000\040\000T\000e\000c\000h\000n\000i\000c\000a\000l\000\040\000F\000r\000a\000m\000e\000w\000o\000r\000k\000s}{section.11.1}% 130
\BOOKMARK [2][-]{subsection.11.1.5}{\376\377\000R\000i\000s\000k\000\040\000M\000a\000n\000a\000g\000e\000m\000e\000n\000t\000\040\000a\000n\000d\000\040\000F\000i\000n\000a\000n\000c\000i\000a\000l\000\040\000S\000t\000a\000b\000i\000l\000i\000t\000y}{section.11.1}% 131
\BOOKMARK [2][-]{subsection.11.1.6}{\376\377\000A\000I\000\040\000L\000e\000a\000d\000e\000r\000s\000h\000i\000p\000\040\000a\000n\000d\000\040\000O\000r\000g\000a\000n\000i\000z\000a\000t\000i\000o\000n\000a\000l\000\040\000I\000m\000p\000a\000c\000t}{section.11.1}% 132
\BOOKMARK [2][-]{subsection.11.1.7}{\376\377\000T\000e\000c\000h\000n\000i\000c\000a\000l\000\040\000A\000I\000\040\000M\000e\000t\000h\000o\000d\000o\000l\000o\000g\000i\000e\000s}{section.11.1}% 133
\BOOKMARK [2][-]{subsection.11.1.8}{\376\377\000F\000i\000n\000a\000n\000c\000i\000a\000l\000\040\000M\000a\000r\000k\000e\000t\000\040\000A\000p\000p\000l\000i\000c\000a\000t\000i\000o\000n\000s}{section.11.1}% 134
\BOOKMARK [2][-]{subsection.11.1.9}{\376\377\000C\000o\000m\000p\000r\000e\000h\000e\000n\000s\000i\000v\000e\000\040\000A\000I\000\040\000R\000e\000v\000i\000e\000w\000s}{section.11.1}% 135
\BOOKMARK [2][-]{subsection.11.1.10}{\376\377\000A\000I\000\040\000I\000n\000f\000r\000a\000s\000t\000r\000u\000c\000t\000u\000r\000e\000\040\000a\000n\000d\000\040\000E\000n\000g\000i\000n\000e\000e\000r\000i\000n\000g}{section.11.1}% 136
\BOOKMARK [1][-]{section.11.2}{\376\377\000P\000u\000b\000l\000i\000c\000\040\000D\000i\000s\000s\000e\000m\000i\000n\000a\000t\000i\000o\000n\000:\000\040\000S\000c\000h\000o\000l\000a\000r\000s\000\040\000R\000e\000p\000o\000s\000i\000t\000o\000r\000y\000\040\000L\000i\000s\000t\000i\000n\000g}{chapter.11}% 137
\BOOKMARK [1][-]{section.11.3}{\376\377\000R\000e\000s\000e\000a\000r\000c\000h\000\040\000I\000m\000p\000a\000c\000t\000\040\000a\000n\000d\000\040\000D\000i\000s\000s\000e\000m\000i\000n\000a\000t\000i\000o\000n}{chapter.11}% 138
\BOOKMARK [2][-]{subsection.11.3.1}{\376\377\000P\000o\000l\000i\000c\000y\000\040\000R\000e\000l\000e\000v\000a\000n\000c\000e\000\040\000a\000n\000d\000\040\000I\000m\000p\000l\000e\000m\000e\000n\000t\000a\000t\000i\000o\000n}{section.11.3}% 139
\BOOKMARK [0][-]{chapter.12}{\376\377\000E\000x\000h\000i\000b\000i\000t\000s\000\040\000D\000o\000c\000u\000m\000e\000n\000t\000a\000t\000i\000o\000n}{}% 140
\BOOKMARK [0][-]{chapter.13}{\376\377\000E\000x\000h\000i\000b\000i\000t\000s}{}% 141
\BOOKMARK [0][-]{chapter.1}{\376\377\000E\000x\000h\000i\000b\000i\000t\000s\000\040\000:\000\040\000R\000e\000s\000u\000m\000e}{}% 142
\BOOKMARK [0][-]{chapter.2}{\376\377\000E\000x\000h\000i\000b\000i\000t\000s\000\040\000:\000\040\000T\000w\000o\000\040\000O\000p\000e\000n\000\040\000a\000c\000c\000e\000s\000s\000\040\000b\000o\000o\000k\000s\000\040}{}% 143
\BOOKMARK [0][-]{chapter.3}{\376\377\000E\000x\000h\000i\000b\000i\000t\000\040\000:\000\040\000I\000m\000p\000a\000c\000t\000o\000\040\000T\000I\000C}{}% 144
\BOOKMARK [0][-]{chapter.4}{\376\377\000E\000x\000h\000i\000b\000i\000t\000\040\000:\000\040\000R\000e\000b\000o\000o\000t\000\040\000S\000o\000c\000i\000e\000t\000y\000\040\000P\000o\000d\000c\000a\000s\000t}{}% 145
\BOOKMARK [0][-]{chapter.5}{\376\377\000E\000x\000h\000i\000b\000i\000t\000\040\000:\000\040\000L\000L\000R\000X\000.\000c\000o\000m}{}% 146
\BOOKMARK [0][-]{chapter.6}{\376\377\000E\000x\000h\000i\000b\000i\000t\000\040\000:\000\040\000Z\000u\000y\000d\000\040\000U\000n\000i\000v\000e\000r\000s\000i\000t\000y\000\040\000o\000f\000\040\000A\000p\000p\000l\000i\000e\000d\000\040\000S\000c\000i\000e\000n\000c\000e\000s\000\040\000L\000i\000b\000G\000u\000i\000d\000e\000s\000\040\000\050\000N\000e\000t\000h\000e\000r\000l\000a\000n\000d\000s\000\051}{}% 147
\BOOKMARK [0][-]{chapter.7}{\376\377\000E\000x\000h\000i\000b\000i\000t\000\040\000:\000\040\000H\000a\000r\000r\000i\000s\000b\000u\000r\000g\000\040\000U\000n\000i\000v\000e\000r\000s\000i\000t\000y\000\040\000D\000i\000g\000i\000t\000a\000l\000\040\000C\000o\000m\000m\000o\000n\000s}{}% 148
\BOOKMARK [0][-]{chapter.8}{\376\377\000E\000x\000h\000i\000b\000i\000t\000\040\000:\000\040\000W\000o\000r\000k\000\040\000u\000s\000e\000d\000\040\000/\000\040\000c\000i\000t\000e\000d\000\040\000b\000y\000\040\000G\000o\000v\000e\000r\000n\000m\000e\000n\000t\000\040\000A\000g\000e\000n\000c\000i\000e\000s\000\040\000.\000g\000o\000v}{}% 149
\BOOKMARK [0][-]{chapter.9}{\376\377\000E\000x\000h\000i\000b\000i\000t\000\040\000:\000\040\000I\000n\000d\000e\000x\000\040\000C\000o\000p\000e\000r\000n\000i\000c\000u\000s\000\040\000\050\000I\000C\000I\000\051\000\040\000R\000e\000c\000o\000g\000n\000i\000t\000i\000o\000n}{}% 150
\BOOKMARK [0][-]{chapter.10}{\376\377\000E\000x\000h\000i\000b\000i\000t\000\040\000:\000\040\000O\000p\000e\000n\000\040\000U\000k\000r\000a\000i\000n\000i\000a\000n\000\040\000C\000i\000t\000a\000t\000i\000o\000n\000\040\000I\000n\000d\000e\000x\000\040\000\050\000O\000U\000C\000I\000\051\000\040\000R\000e\000c\000o\000g\000n\000i\000t\000i\000o\000n}{}% 151
\BOOKMARK [0][-]{chapter.11}{\376\377\000E\000x\000h\000i\000b\000i\000t\000\040\000:\000\040\000E\000c\000o\000n\000\040\000P\000a\000p\000e\000r\000s}{}% 152
\BOOKMARK [0][-]{chapter.12}{\376\377\000E\000x\000h\000i\000b\000i\000t\000\040\000:\000\040\000W\000O\000S}{}% 153
\BOOKMARK [0][-]{chapter.13}{\376\377\000E\000x\000h\000i\000b\000i\000t\000\040\000:\000\040\000R\000e\000s\000e\000a\000r\000c\000h\000\040\000C\000o\000m\000m\000o\000n\000s}{}% 154
\BOOKMARK [0][-]{chapter.14}{\376\377\000E\000x\000h\000i\000b\000i\000t\000\040\000:\000S\000S\000R\000N}{}% 155
\BOOKMARK [0][-]{chapter.15}{\376\377\000E\000x\000h\000i\000b\000i\000t\000\040\000:\000R\000G}{}% 156
\BOOKMARK [0][-]{chapter.16}{\376\377\000E\000x\000h\000i\000b\000i\000t\000\040\000:\000S\000e\000m\000a\000n\000t\000i\000c\000\040\000S\000c\000h\000o\000l\000a\000r}{}% 157
\BOOKMARK [0][-]{chapter.17}{\376\377\000E\000x\000h\000i\000b\000i\000t\000\040\000:\000\040\000S\000c\000h\000o\000l\000a\000r\000s\000\040\000R\000e\000p\000o\000s\000i\000t\000o\000r\000y\000\040\000L\000i\000s\000t\000i\000n\000g}{}% 158
\BOOKMARK [0][-]{chapter.18}{\376\377\000E\000x\000h\000i\000b\000i\000t\000\040\000:\000\040\000P\000e\000e\000r\000\040\000R\000e\000v\000i\000e\000w}{}% 159
\BOOKMARK [0][-]{chapter.19}{\376\377\000E\000x\000h\000i\000b\000i\000t\000s\000\040\000:\000\040\000T\000e\000s\000t\000i\000m\000o\000n\000i\000a\000l\000\040\000b\000y\000\040\000M\000r\000\040\000A\000n\000k\000i\000t\000\040}{}% 160
\BOOKMARK [0][-]{chapter.20}{\376\377\000E\000x\000h\000i\000b\000i\000t\000s\000\040\000:\000\040\000T\000e\000s\000t\000i\000m\000o\000n\000i\000a\000l\000\040\000b\000y\000\040\000M\000r\000\040\000G\000a\000u\000r\000a\000v\000\040}{}% 161
\BOOKMARK [0][-]{chapter.21}{\376\377\000E\000x\000h\000i\000b\000i\000t\000s\000\040\000:\000\040\000A\000c\000a\000d\000e\000m\000i\000c\000\040\000D\000e\000g\000r\000e\000e\000s\000\040\000a\000n\000d\000\040\000E\000v\000a\000l\000u\000a\000t\000i\000o\000n\000s}{}% 162
\BOOKMARK [0][-]{chapter.22}{\376\377\000E\000x\000h\000i\000b\000i\000t\000s\000\040\000:\000\040\000U\000d\000e\000m\000y\000\040\000C\000o\000u\000r\000s\000e\000\040\000E\000n\000r\000o\000l\000l\000m\000e\000n\000t\000\040\000f\000o\000r\000\040\000V\000e\000t\000e\000r\000a\000n\000s\000\040}{}% 163
\BOOKMARK [0][-]{chapter.23}{\376\377\000E\000x\000h\000i\000b\000i\000t\000s\000\040\000:\000\040\000E\000x\000p\000e\000r\000t\000\040\000O\000p\000i\000n\000i\000o\000n\000\040\000b\000y\000\040\000D\000r\000\040\000A\000n\000j\000u\000m\000\040}{}% 164
\BOOKMARK [0][-]{chapter.24}{\376\377\000E\000x\000h\000i\000b\000i\000t\000s\000\040\000:\000\040\000E\000x\000p\000e\000r\000t\000\040\000O\000p\000i\000n\000i\000o\000n\000\040\000b\000y\000\040\000D\000r\000\040\000A\000s\000i\000f\000\040}{}% 165
\BOOKMARK [0][-]{chapter.25}{\376\377\000E\000x\000h\000i\000b\000i\000t\000s\000\040\000:\000\040\000E\000x\000p\000e\000r\000t\000\040\000O\000p\000i\000n\000i\000o\000n\000\040\000b\000y\000\040\000D\000r\000\040\000M\000a\000l\000i\000k\000\040}{}% 166
\BOOKMARK [0][-]{chapter.26}{\376\377\000E\000x\000h\000i\000b\000i\000t\000s\000\040\000:\000\040\000I\000n\000d\000e\000p\000e\000n\000d\000e\000n\000t\000\040\000O\000p\000i\000n\000i\000o\000n\000\040\000L\000e\000t\000t\000e\000r\000\040\000b\000y\000\040\000D\000r\000.\000\040\000R\000o\000z\000e\000i\000a\000\040\000M\000u\000s\000t\000a\000f\000a\000\040}{}% 167
\BOOKMARK [0][-]{chapter.27}{\376\377\000E\000x\000h\000i\000b\000i\000t\000s\000\040\000:\000\040\000I\000n\000d\000e\000p\000e\000n\000d\000e\000n\000t\000\040\000O\000p\000i\000n\000i\000o\000n\000\040\000L\000e\000t\000t\000e\000r\000\040\000b\000y\000\040\000D\000r\000.\000\040\000S\000h\000e\000r\000a\000z\000\040\000A\000h\000m\000e\000d}{}% 168
\BOOKMARK [0][-]{chapter.28}{\376\377\000E\000x\000h\000i\000b\000i\000t\000s\000\040\000:\000\040\000I\000n\000d\000e\000p\000e\000n\000d\000e\000n\000t\000\040\000O\000p\000i\000n\000i\000o\000n\000\040\000L\000e\000t\000t\000e\000r\000\040\000b\000y\000\040\000D\000r\000\040\000K\000a\000m\000r\000a\000n\000\040}{}% 169
\BOOKMARK [0][-]{chapter.29}{\376\377\000E\000x\000h\000i\000b\000i\000t\000s\000:\000\040\000O\000r\000g\000a\000n\000i\000c\000\040\000U\000n\000s\000o\000l\000i\000c\000i\000t\000e\000d\000\040\000A\000p\000p\000r\000e\000c\000i\000a\000t\000i\000o\000n\000s\000\040\000a\000n\000d\000\040\000R\000e\000c\000o\000m\000m\000e\000n\000d\000a\000t\000i\000o\000n\000\040}{}% 170
