This is pdfTeX, Version 3.141592653-2.6-1.40.25 (TeX Live 2023/Debian) (preloaded format=pdflatex 2025.3.18)  2 SEP 2025 20:46
entering extended mode
 restricted \write18 enabled.
 %&-line parsing enabled.
**master_v14.tex
(./master_v14.tex
LaTeX2e <2023-11-01> patch level 1
L3 programming layer <2024-01-22>
(/usr/share/texlive/texmf-dist/tex/latex/base/book.cls
Document Class: book 2023/05/17 v1.4n Standard LaTeX document class
(/usr/share/texlive/texmf-dist/tex/latex/base/bk12.clo
File: bk12.clo 2023/05/17 v1.4n Standard LaTeX file (size option)
)
\c@part=\count187
\c@chapter=\count188
\c@section=\count189
\c@subsection=\count190
\c@subsubsection=\count191
\c@paragraph=\count192
\c@subparagraph=\count193
\c@figure=\count194
\c@table=\count195
\abovecaptionskip=\skip48
\belowcaptionskip=\skip49
\bibindent=\dimen140
)
(/usr/share/texlive/texmf-dist/tex/latex/graphics/graphicx.sty
Package: graphicx 2021/09/16 v1.2d Enhanced LaTeX Graphics (DPC,SPQR)

(/usr/share/texlive/texmf-dist/tex/latex/graphics/keyval.sty
Package: keyval 2022/05/29 v1.15 key=value parser (DPC)
\KV@toks@=\toks17
)
(/usr/share/texlive/texmf-dist/tex/latex/graphics/graphics.sty
Package: graphics 2022/03/10 v1.4e Standard LaTeX Graphics (DPC,SPQR)

(/usr/share/texlive/texmf-dist/tex/latex/graphics/trig.sty
Package: trig 2021/08/11 v1.11 sin cos tan (DPC)
)
(/usr/share/texlive/texmf-dist/tex/latex/graphics-cfg/graphics.cfg
File: graphics.cfg 2016/06/04 v1.11 sample graphics configuration
)
Package graphics Info: Driver file: pdftex.def on input line 107.

(/usr/share/texlive/texmf-dist/tex/latex/graphics-def/pdftex.def
File: pdftex.def 2022/09/22 v1.2b Graphics/color driver for pdftex
))
\Gin@req@height=\dimen141
\Gin@req@width=\dimen142
)
(/usr/share/texlive/texmf-dist/tex/latex/hyperref/hyperref.sty
Package: hyperref 2024-01-20 v7.01h Hypertext links for LaTeX

(/usr/share/texlive/texmf-dist/tex/generic/iftex/iftex.sty
Package: iftex 2022/02/03 v1.0f TeX engine tests
)
(/usr/share/texlive/texmf-dist/tex/latex/kvsetkeys/kvsetkeys.sty
Package: kvsetkeys 2022-10-05 v1.19 Key value parser (HO)
)
(/usr/share/texlive/texmf-dist/tex/generic/kvdefinekeys/kvdefinekeys.sty
Package: kvdefinekeys 2019-12-19 v1.6 Define keys (HO)
)
(/usr/share/texlive/texmf-dist/tex/generic/pdfescape/pdfescape.sty
Package: pdfescape 2019/12/09 v1.15 Implements pdfTeX's escape features (HO)

(/usr/share/texlive/texmf-dist/tex/generic/ltxcmds/ltxcmds.sty
Package: ltxcmds 2023-12-04 v1.26 LaTeX kernel commands for general use (HO)
)
(/usr/share/texlive/texmf-dist/tex/generic/pdftexcmds/pdftexcmds.sty
Package: pdftexcmds 2020-06-27 v0.33 Utility functions of pdfTeX for LuaTeX (HO
)

(/usr/share/texlive/texmf-dist/tex/generic/infwarerr/infwarerr.sty
Package: infwarerr 2019/12/03 v1.5 Providing info/warning/error messages (HO)
)
Package pdftexcmds Info: \pdf@primitive is available.
Package pdftexcmds Info: \pdf@ifprimitive is available.
Package pdftexcmds Info: \pdfdraftmode found.
))
(/usr/share/texlive/texmf-dist/tex/latex/hycolor/hycolor.sty
Package: hycolor 2020-01-27 v1.10 Color options for hyperref/bookmark (HO)
)
(/usr/share/texlive/texmf-dist/tex/latex/auxhook/auxhook.sty
Package: auxhook 2019-12-17 v1.6 Hooks for auxiliary files (HO)
)
(/usr/share/texlive/texmf-dist/tex/latex/hyperref/nameref.sty
Package: nameref 2023-11-26 v2.56 Cross-referencing by name of section

(/usr/share/texlive/texmf-dist/tex/latex/refcount/refcount.sty
Package: refcount 2019/12/15 v3.6 Data extraction from label references (HO)
)
(/usr/share/texlive/texmf-dist/tex/generic/gettitlestring/gettitlestring.sty
Package: gettitlestring 2019/12/15 v1.6 Cleanup title references (HO)

(/usr/share/texlive/texmf-dist/tex/latex/kvoptions/kvoptions.sty
Package: kvoptions 2022-06-15 v3.15 Key value format for package options (HO)
))
\c@section@level=\count196
)
(/usr/share/texlive/texmf-dist/tex/latex/etoolbox/etoolbox.sty
Package: etoolbox 2020/10/05 v2.5k e-TeX tools for LaTeX (JAW)
\etb@tempcnta=\count197
)
\@linkdim=\dimen143
\Hy@linkcounter=\count198
\Hy@pagecounter=\count199

(/usr/share/texlive/texmf-dist/tex/latex/hyperref/pd1enc.def
File: pd1enc.def 2024-01-20 v7.01h Hyperref: PDFDocEncoding definition (HO)
Now handling font encoding PD1 ...
... no UTF-8 mapping file for font encoding PD1
)
(/usr/share/texlive/texmf-dist/tex/generic/intcalc/intcalc.sty
Package: intcalc 2019/12/15 v1.3 Expandable calculations with integers (HO)
)
\Hy@SavedSpaceFactor=\count266

(/usr/share/texlive/texmf-dist/tex/latex/hyperref/puenc.def
File: puenc.def 2024-01-20 v7.01h Hyperref: PDF Unicode definition (HO)
Now handling font encoding PU ...
... no UTF-8 mapping file for font encoding PU
)
Package hyperref Info: Hyper figures OFF on input line 4179.
Package hyperref Info: Link nesting OFF on input line 4184.
Package hyperref Info: Hyper index ON on input line 4187.
Package hyperref Info: Plain pages OFF on input line 4194.
Package hyperref Info: Backreferencing OFF on input line 4199.
Package hyperref Info: Implicit mode ON; LaTeX internals redefined.
Package hyperref Info: Bookmarks ON on input line 4446.
\c@Hy@tempcnt=\count267

(/usr/share/texlive/texmf-dist/tex/latex/url/url.sty
\Urlmuskip=\muskip16
Package: url 2013/09/16  ver 3.4  Verb mode for urls, etc.
)
LaTeX Info: Redefining \url on input line 4784.
\XeTeXLinkMargin=\dimen144

(/usr/share/texlive/texmf-dist/tex/generic/bitset/bitset.sty
Package: bitset 2019/12/09 v1.3 Handle bit-vector datatype (HO)

(/usr/share/texlive/texmf-dist/tex/generic/bigintcalc/bigintcalc.sty
Package: bigintcalc 2019/12/15 v1.5 Expandable calculations on big integers (HO
)
))
\Fld@menulength=\count268
\Field@Width=\dimen145
\Fld@charsize=\dimen146
Package hyperref Info: Hyper figures OFF on input line 6063.
Package hyperref Info: Link nesting OFF on input line 6068.
Package hyperref Info: Hyper index ON on input line 6071.
Package hyperref Info: backreferencing OFF on input line 6078.
Package hyperref Info: Link coloring OFF on input line 6083.
Package hyperref Info: Link coloring with OCG OFF on input line 6088.
Package hyperref Info: PDF/A mode OFF on input line 6093.

(/usr/share/texlive/texmf-dist/tex/latex/base/atbegshi-ltx.sty
Package: atbegshi-ltx 2021/01/10 v1.0c Emulation of the original atbegshi
package with kernel methods
)
\Hy@abspage=\count269
\c@Item=\count270
\c@Hfootnote=\count271
)
Package hyperref Info: Driver (autodetected): hpdftex.

(/usr/share/texlive/texmf-dist/tex/latex/hyperref/hpdftex.def
File: hpdftex.def 2024-01-20 v7.01h Hyperref driver for pdfTeX

(/usr/share/texlive/texmf-dist/tex/latex/base/atveryend-ltx.sty
Package: atveryend-ltx 2020/08/19 v1.0a Emulation of the original atveryend pac
kage
with kernel methods
)
\Fld@listcount=\count272
\c@bookmark@seq@number=\count273

(/usr/share/texlive/texmf-dist/tex/latex/rerunfilecheck/rerunfilecheck.sty
Package: rerunfilecheck 2022-07-10 v1.10 Rerun checks for auxiliary files (HO)

(/usr/share/texlive/texmf-dist/tex/generic/uniquecounter/uniquecounter.sty
Package: uniquecounter 2019/12/15 v1.4 Provide unlimited unique counter (HO)
)
Package uniquecounter Info: New unique counter `rerunfilecheck' on input line 2
85.
)
\Hy@SectionHShift=\skip50
)
(/usr/share/texlive/texmf-dist/tex/latex/geometry/geometry.sty
Package: geometry 2020/01/02 v5.9 Page Geometry

(/usr/share/texlive/texmf-dist/tex/generic/iftex/ifvtex.sty
Package: ifvtex 2019/10/25 v1.7 ifvtex legacy package. Use iftex instead.
)
\Gm@cnth=\count274
\Gm@cntv=\count275
\c@Gm@tempcnt=\count276
\Gm@bindingoffset=\dimen147
\Gm@wd@mp=\dimen148
\Gm@odd@mp=\dimen149
\Gm@even@mp=\dimen150
\Gm@layoutwidth=\dimen151
\Gm@layoutheight=\dimen152
\Gm@layouthoffset=\dimen153
\Gm@layoutvoffset=\dimen154
\Gm@dimlist=\toks18
)
(/usr/share/texlive/texmf-dist/tex/latex/enumitem/enumitem.sty
Package: enumitem 2019/06/20 v3.9 Customized lists
\labelindent=\skip51
\enit@outerparindent=\dimen155
\enit@toks=\toks19
\enit@inbox=\box51
\enit@count@id=\count277
\enitdp@description=\count278
)
(/usr/share/texlive/texmf-dist/tex/latex/tools/array.sty
Package: array 2023/10/16 v2.5g Tabular extension package (FMi)
\col@sep=\dimen156
\ar@mcellbox=\box52
\extrarowheight=\dimen157
\NC@list=\toks20
\extratabsurround=\skip52
\backup@length=\skip53
\ar@cellbox=\box53
)
(/usr/share/texlive/texmf-dist/tex/latex/tools/longtable.sty
Package: longtable 2023-11-01 v4.19 Multi-page Table package (DPC)
\LTleft=\skip54
\LTright=\skip55
\LTpre=\skip56
\LTpost=\skip57
\LTchunksize=\count279
\LTcapwidth=\dimen158
\LT@head=\box54
\LT@firsthead=\box55
\LT@foot=\box56
\LT@lastfoot=\box57
\LT@gbox=\box58
\LT@cols=\count280
\LT@rows=\count281
\c@LT@tables=\count282
\c@LT@chunks=\count283
\LT@p@ftn=\toks21
)
(/usr/share/texlive/texmf-dist/tex/latex/pdfpages/pdfpages.sty
Package: pdfpages 2024/01/21 v0.5y Insert pages of external PDF documents (AM)

(/usr/share/texlive/texmf-dist/tex/latex/base/ifthen.sty
Package: ifthen 2022/04/13 v1.1d Standard LaTeX ifthen package (DPC)
)
(/usr/share/texlive/texmf-dist/tex/latex/tools/calc.sty
Package: calc 2023/07/08 v4.3 Infix arithmetic (KKT,FJ)
\calc@Acount=\count284
\calc@Bcount=\count285
\calc@Adimen=\dimen159
\calc@Bdimen=\dimen160
\calc@Askip=\skip58
\calc@Bskip=\skip59
LaTeX Info: Redefining \setlength on input line 80.
LaTeX Info: Redefining \addtolength on input line 81.
\calc@Ccount=\count286
\calc@Cskip=\skip60
)
(/usr/share/texlive/texmf-dist/tex/latex/eso-pic/eso-pic.sty
Package: eso-pic 2023/05/03 v3.0c eso-pic (RN)
\ESO@tempdima=\dimen161
\ESO@tempdimb=\dimen162

(/usr/share/texlive/texmf-dist/tex/latex/xcolor/xcolor.sty
Package: xcolor 2023/11/15 v3.01 LaTeX color extensions (UK)

(/usr/share/texlive/texmf-dist/tex/latex/graphics-cfg/color.cfg
File: color.cfg 2016/01/02 v1.6 sample color configuration
)
Package xcolor Info: Driver file: pdftex.def on input line 274.

(/usr/share/texlive/texmf-dist/tex/latex/graphics/mathcolor.ltx)
Package xcolor Info: Model `cmy' substituted by `cmy0' on input line 1350.
Package xcolor Info: Model `hsb' substituted by `rgb' on input line 1354.
Package xcolor Info: Model `RGB' extended on input line 1366.
Package xcolor Info: Model `HTML' substituted by `rgb' on input line 1368.
Package xcolor Info: Model `Hsb' substituted by `hsb' on input line 1369.
Package xcolor Info: Model `tHsb' substituted by `hsb' on input line 1370.
Package xcolor Info: Model `HSB' substituted by `hsb' on input line 1371.
Package xcolor Info: Model `Gray' substituted by `gray' on input line 1372.
Package xcolor Info: Model `wave' substituted by `hsb' on input line 1373.
))
\AM@pagewidth=\dimen163
\AM@pageheight=\dimen164
\AM@fboxrule=\dimen165

(/usr/share/texlive/texmf-dist/tex/latex/pdfpages/pppdftex.def
File: pppdftex.def 2024/01/21 v0.5y Pdfpages driver for pdfTeX (AM)
)
\pdfpages@includegraphics@status=\count287
\AM@pagebox=\box59
\AM@global@opts=\toks22
\AM@pagecnt=\count288
\AM@toc@title=\toks23
\AM@lof@heading=\toks24
\c@AM@survey=\count289
\AM@templatesizebox=\box60
)
(/usr/share/texlive/texmf-dist/tex/latex/tools/tabularx.sty
Package: tabularx 2023/07/08 v2.11c `tabularx' package (DPC)
\TX@col@width=\dimen166
\TX@old@table=\dimen167
\TX@old@col=\dimen168
\TX@target=\dimen169
\TX@delta=\dimen170
\TX@cols=\count290
\TX@ftn=\toks25
)
(/usr/share/texlive/texmf-dist/tex/latex/booktabs/booktabs.sty
Package: booktabs 2020/01/12 v1.61803398 Publication quality tables
\heavyrulewidth=\dimen171
\lightrulewidth=\dimen172
\cmidrulewidth=\dimen173
\belowrulesep=\dimen174
\belowbottomsep=\dimen175
\aboverulesep=\dimen176
\abovetopsep=\dimen177
\cmidrulesep=\dimen178
\cmidrulekern=\dimen179
\defaultaddspace=\dimen180
\@cmidla=\count291
\@cmidlb=\count292
\@aboverulesep=\dimen181
\@belowrulesep=\dimen182
\@thisruleclass=\count293
\@lastruleclass=\count294
\@thisrulewidth=\dimen183
)
(/usr/share/texlive/texmf-dist/tex/latex/fancyhdr/fancyhdr.sty
Package: fancyhdr 2022/11/09 v4.1 Extensive control of page headers and footers

\f@nch@headwidth=\skip61
\f@nch@O@elh=\skip62
\f@nch@O@erh=\skip63
\f@nch@O@olh=\skip64
\f@nch@O@orh=\skip65
\f@nch@O@elf=\skip66
\f@nch@O@erf=\skip67
\f@nch@O@olf=\skip68
\f@nch@O@orf=\skip69
)
(/usr/share/texlive/texmf-dist/tex/latex/lastpage/lastpage.sty
Package: lastpage 2023/10/14 v2.0e lastpage: 2.09 or 2e? (HMM)

(/usr/share/texlive/texmf-dist/tex/latex/lastpage/lastpage2e.sty
Package: lastpage2e 2023/10/14 v2.0e Decide which 2e lastpage version to use (H
MM)

(/usr/share/texlive/texmf-dist/tex/latex/lastpage/lastpagemodern.sty
Package: lastpagemodern 2023-10-14 v2.0e Refers to last page's name (HMM; JPG)
\c@lastpagecount=\count295
) 
)) (/usr/share/texlive/texmf-dist/tex/latex/parskip/parskip.sty
Package: parskip 2021-03-14 v2.0h non-zero parskip adjustments
)
(/usr/share/texlive/texmf-dist/tex/generic/ulem/ulem.sty
\UL@box=\box61
\UL@hyphenbox=\box62
\UL@skip=\skip70
\UL@hook=\toks26
\UL@height=\dimen184
\UL@pe=\count296
\UL@pixel=\dimen185
\ULC@box=\box63
Package: ulem 2019/11/18
\ULdepth=\dimen186
)
(/usr/share/texlive/texmf-dist/tex/latex/pgfplots/pgfplots.sty
(/usr/share/texlive/texmf-dist/tex/generic/pgfplots/pgfplots.revision.tex)
Package: pgfplots 2021/05/15 v1.18.1 Data Visualization (1.18.1)

(/usr/share/texlive/texmf-dist/tex/latex/pgf/frontendlayer/tikz.sty
(/usr/share/texlive/texmf-dist/tex/latex/pgf/basiclayer/pgf.sty
(/usr/share/texlive/texmf-dist/tex/latex/pgf/utilities/pgfrcs.sty
(/usr/share/texlive/texmf-dist/tex/generic/pgf/utilities/pgfutil-common.tex
\pgfutil@everybye=\toks27
\pgfutil@tempdima=\dimen187
\pgfutil@tempdimb=\dimen188
)
(/usr/share/texlive/texmf-dist/tex/generic/pgf/utilities/pgfutil-latex.def
\pgfutil@abb=\box64
)
(/usr/share/texlive/texmf-dist/tex/generic/pgf/utilities/pgfrcs.code.tex
(/usr/share/texlive/texmf-dist/tex/generic/pgf/pgf.revision.tex)
Package: pgfrcs 2023-01-15 v3.1.10 (3.1.10)
))
Package: pgf 2023-01-15 v3.1.10 (3.1.10)

(/usr/share/texlive/texmf-dist/tex/latex/pgf/basiclayer/pgfcore.sty
(/usr/share/texlive/texmf-dist/tex/latex/pgf/systemlayer/pgfsys.sty
(/usr/share/texlive/texmf-dist/tex/generic/pgf/systemlayer/pgfsys.code.tex
Package: pgfsys 2023-01-15 v3.1.10 (3.1.10)

(/usr/share/texlive/texmf-dist/tex/generic/pgf/utilities/pgfkeys.code.tex
\pgfkeys@pathtoks=\toks28
\pgfkeys@temptoks=\toks29

(/usr/share/texlive/texmf-dist/tex/generic/pgf/utilities/pgfkeyslibraryfiltered
.code.tex
\pgfkeys@tmptoks=\toks30
))
\pgf@x=\dimen189
\pgf@y=\dimen190
\pgf@xa=\dimen191
\pgf@ya=\dimen192
\pgf@xb=\dimen193
\pgf@yb=\dimen194
\pgf@xc=\dimen195
\pgf@yc=\dimen196
\pgf@xd=\dimen197
\pgf@yd=\dimen198
\w@pgf@writea=\write3
\r@pgf@reada=\read2
\c@pgf@counta=\count297
\c@pgf@countb=\count298
\c@pgf@countc=\count299
\c@pgf@countd=\count300
\t@pgf@toka=\toks31
\t@pgf@tokb=\toks32
\t@pgf@tokc=\toks33
\pgf@sys@id@count=\count301
 (/usr/share/texlive/texmf-dist/tex/generic/pgf/systemlayer/pgf.cfg
File: pgf.cfg 2023-01-15 v3.1.10 (3.1.10)
)
Driver file for pgf: pgfsys-pdftex.def
(/usr/share/texlive/texmf-dist/tex/generic/pgf/systemlayer/pgfsys-pdftex.def
File: pgfsys-pdftex.def 2023-01-15 v3.1.10 (3.1.10)

(/usr/share/texlive/texmf-dist/tex/generic/pgf/systemlayer/pgfsys-common-pdf.de
f
File: pgfsys-common-pdf.def 2023-01-15 v3.1.10 (3.1.10)
)))
(/usr/share/texlive/texmf-dist/tex/generic/pgf/systemlayer/pgfsyssoftpath.code.
tex
File: pgfsyssoftpath.code.tex 2023-01-15 v3.1.10 (3.1.10)
\pgfsyssoftpath@smallbuffer@items=\count302
\pgfsyssoftpath@bigbuffer@items=\count303
)
(/usr/share/texlive/texmf-dist/tex/generic/pgf/systemlayer/pgfsysprotocol.code.
tex
File: pgfsysprotocol.code.tex 2023-01-15 v3.1.10 (3.1.10)
))
(/usr/share/texlive/texmf-dist/tex/generic/pgf/basiclayer/pgfcore.code.tex
Package: pgfcore 2023-01-15 v3.1.10 (3.1.10)

(/usr/share/texlive/texmf-dist/tex/generic/pgf/math/pgfmath.code.tex
(/usr/share/texlive/texmf-dist/tex/generic/pgf/math/pgfmathutil.code.tex)
(/usr/share/texlive/texmf-dist/tex/generic/pgf/math/pgfmathparser.code.tex
\pgfmath@dimen=\dimen199
\pgfmath@count=\count304
\pgfmath@box=\box65
\pgfmath@toks=\toks34
\pgfmath@stack@operand=\toks35
\pgfmath@stack@operation=\toks36
)
(/usr/share/texlive/texmf-dist/tex/generic/pgf/math/pgfmathfunctions.code.tex)
(/usr/share/texlive/texmf-dist/tex/generic/pgf/math/pgfmathfunctions.basic.code
.tex)
(/usr/share/texlive/texmf-dist/tex/generic/pgf/math/pgfmathfunctions.trigonomet
ric.code.tex)
(/usr/share/texlive/texmf-dist/tex/generic/pgf/math/pgfmathfunctions.random.cod
e.tex)
(/usr/share/texlive/texmf-dist/tex/generic/pgf/math/pgfmathfunctions.comparison
.code.tex)
(/usr/share/texlive/texmf-dist/tex/generic/pgf/math/pgfmathfunctions.base.code.
tex)
(/usr/share/texlive/texmf-dist/tex/generic/pgf/math/pgfmathfunctions.round.code
.tex)
(/usr/share/texlive/texmf-dist/tex/generic/pgf/math/pgfmathfunctions.misc.code.
tex)
(/usr/share/texlive/texmf-dist/tex/generic/pgf/math/pgfmathfunctions.integerari
thmetics.code.tex)
(/usr/share/texlive/texmf-dist/tex/generic/pgf/math/pgfmathcalc.code.tex)
(/usr/share/texlive/texmf-dist/tex/generic/pgf/math/pgfmathfloat.code.tex
\c@pgfmathroundto@lastzeros=\count305
))
(/usr/share/texlive/texmf-dist/tex/generic/pgf/math/pgfint.code.tex)
(/usr/share/texlive/texmf-dist/tex/generic/pgf/basiclayer/pgfcorepoints.code.te
x
File: pgfcorepoints.code.tex 2023-01-15 v3.1.10 (3.1.10)
\pgf@picminx=\dimen256
\pgf@picmaxx=\dimen257
\pgf@picminy=\dimen258
\pgf@picmaxy=\dimen259
\pgf@pathminx=\dimen260
\pgf@pathmaxx=\dimen261
\pgf@pathminy=\dimen262
\pgf@pathmaxy=\dimen263
\pgf@xx=\dimen264
\pgf@xy=\dimen265
\pgf@yx=\dimen266
\pgf@yy=\dimen267
\pgf@zx=\dimen268
\pgf@zy=\dimen269
)
(/usr/share/texlive/texmf-dist/tex/generic/pgf/basiclayer/pgfcorepathconstruct.
code.tex
File: pgfcorepathconstruct.code.tex 2023-01-15 v3.1.10 (3.1.10)
\pgf@path@lastx=\dimen270
\pgf@path@lasty=\dimen271
)
(/usr/share/texlive/texmf-dist/tex/generic/pgf/basiclayer/pgfcorepathusage.code
.tex
File: pgfcorepathusage.code.tex 2023-01-15 v3.1.10 (3.1.10)
\pgf@shorten@end@additional=\dimen272
\pgf@shorten@start@additional=\dimen273
)
(/usr/share/texlive/texmf-dist/tex/generic/pgf/basiclayer/pgfcorescopes.code.te
x
File: pgfcorescopes.code.tex 2023-01-15 v3.1.10 (3.1.10)
\pgfpic=\box66
\pgf@hbox=\box67
\pgf@layerbox@main=\box68
\pgf@picture@serial@count=\count306
)
(/usr/share/texlive/texmf-dist/tex/generic/pgf/basiclayer/pgfcoregraphicstate.c
ode.tex
File: pgfcoregraphicstate.code.tex 2023-01-15 v3.1.10 (3.1.10)
\pgflinewidth=\dimen274
)
(/usr/share/texlive/texmf-dist/tex/generic/pgf/basiclayer/pgfcoretransformation
s.code.tex
File: pgfcoretransformations.code.tex 2023-01-15 v3.1.10 (3.1.10)
\pgf@pt@x=\dimen275
\pgf@pt@y=\dimen276
\pgf@pt@temp=\dimen277
)
(/usr/share/texlive/texmf-dist/tex/generic/pgf/basiclayer/pgfcorequick.code.tex
File: pgfcorequick.code.tex 2023-01-15 v3.1.10 (3.1.10)
)
(/usr/share/texlive/texmf-dist/tex/generic/pgf/basiclayer/pgfcoreobjects.code.t
ex
File: pgfcoreobjects.code.tex 2023-01-15 v3.1.10 (3.1.10)
)
(/usr/share/texlive/texmf-dist/tex/generic/pgf/basiclayer/pgfcorepathprocessing
.code.tex
File: pgfcorepathprocessing.code.tex 2023-01-15 v3.1.10 (3.1.10)
)
(/usr/share/texlive/texmf-dist/tex/generic/pgf/basiclayer/pgfcorearrows.code.te
x
File: pgfcorearrows.code.tex 2023-01-15 v3.1.10 (3.1.10)
\pgfarrowsep=\dimen278
)
(/usr/share/texlive/texmf-dist/tex/generic/pgf/basiclayer/pgfcoreshade.code.tex
File: pgfcoreshade.code.tex 2023-01-15 v3.1.10 (3.1.10)
\pgf@max=\dimen279
\pgf@sys@shading@range@num=\count307
\pgf@shadingcount=\count308
)
(/usr/share/texlive/texmf-dist/tex/generic/pgf/basiclayer/pgfcoreimage.code.tex
File: pgfcoreimage.code.tex 2023-01-15 v3.1.10 (3.1.10)
)
(/usr/share/texlive/texmf-dist/tex/generic/pgf/basiclayer/pgfcoreexternal.code.
tex
File: pgfcoreexternal.code.tex 2023-01-15 v3.1.10 (3.1.10)
\pgfexternal@startupbox=\box69
)
(/usr/share/texlive/texmf-dist/tex/generic/pgf/basiclayer/pgfcorelayers.code.te
x
File: pgfcorelayers.code.tex 2023-01-15 v3.1.10 (3.1.10)
)
(/usr/share/texlive/texmf-dist/tex/generic/pgf/basiclayer/pgfcoretransparency.c
ode.tex
File: pgfcoretransparency.code.tex 2023-01-15 v3.1.10 (3.1.10)
)
(/usr/share/texlive/texmf-dist/tex/generic/pgf/basiclayer/pgfcorepatterns.code.
tex
File: pgfcorepatterns.code.tex 2023-01-15 v3.1.10 (3.1.10)
)
(/usr/share/texlive/texmf-dist/tex/generic/pgf/basiclayer/pgfcorerdf.code.tex
File: pgfcorerdf.code.tex 2023-01-15 v3.1.10 (3.1.10)
)))
(/usr/share/texlive/texmf-dist/tex/generic/pgf/modules/pgfmoduleshapes.code.tex
File: pgfmoduleshapes.code.tex 2023-01-15 v3.1.10 (3.1.10)
\pgfnodeparttextbox=\box70
) (/usr/share/texlive/texmf-dist/tex/generic/pgf/modules/pgfmoduleplot.code.tex
File: pgfmoduleplot.code.tex 2023-01-15 v3.1.10 (3.1.10)
)
(/usr/share/texlive/texmf-dist/tex/latex/pgf/compatibility/pgfcomp-version-0-65
.sty
Package: pgfcomp-version-0-65 2023-01-15 v3.1.10 (3.1.10)
\pgf@nodesepstart=\dimen280
\pgf@nodesepend=\dimen281
)
(/usr/share/texlive/texmf-dist/tex/latex/pgf/compatibility/pgfcomp-version-1-18
.sty
Package: pgfcomp-version-1-18 2023-01-15 v3.1.10 (3.1.10)
)) (/usr/share/texlive/texmf-dist/tex/latex/pgf/utilities/pgffor.sty
(/usr/share/texlive/texmf-dist/tex/latex/pgf/utilities/pgfkeys.sty
(/usr/share/texlive/texmf-dist/tex/generic/pgf/utilities/pgfkeys.code.tex))
(/usr/share/texlive/texmf-dist/tex/latex/pgf/math/pgfmath.sty
(/usr/share/texlive/texmf-dist/tex/generic/pgf/math/pgfmath.code.tex))
(/usr/share/texlive/texmf-dist/tex/generic/pgf/utilities/pgffor.code.tex
Package: pgffor 2023-01-15 v3.1.10 (3.1.10)
\pgffor@iter=\dimen282
\pgffor@skip=\dimen283
\pgffor@stack=\toks37
\pgffor@toks=\toks38
))
(/usr/share/texlive/texmf-dist/tex/generic/pgf/frontendlayer/tikz/tikz.code.tex
Package: tikz 2023-01-15 v3.1.10 (3.1.10)

(/usr/share/texlive/texmf-dist/tex/generic/pgf/libraries/pgflibraryplothandlers
.code.tex
File: pgflibraryplothandlers.code.tex 2023-01-15 v3.1.10 (3.1.10)
\pgf@plot@mark@count=\count309
\pgfplotmarksize=\dimen284
)
\tikz@lastx=\dimen285
\tikz@lasty=\dimen286
\tikz@lastxsaved=\dimen287
\tikz@lastysaved=\dimen288
\tikz@lastmovetox=\dimen289
\tikz@lastmovetoy=\dimen290
\tikzleveldistance=\dimen291
\tikzsiblingdistance=\dimen292
\tikz@figbox=\box71
\tikz@figbox@bg=\box72
\tikz@tempbox=\box73
\tikz@tempbox@bg=\box74
\tikztreelevel=\count310
\tikznumberofchildren=\count311
\tikznumberofcurrentchild=\count312
\tikz@fig@count=\count313

(/usr/share/texlive/texmf-dist/tex/generic/pgf/modules/pgfmodulematrix.code.tex
File: pgfmodulematrix.code.tex 2023-01-15 v3.1.10 (3.1.10)
\pgfmatrixcurrentrow=\count314
\pgfmatrixcurrentcolumn=\count315
\pgf@matrix@numberofcolumns=\count316
)
\tikz@expandcount=\count317

(/usr/share/texlive/texmf-dist/tex/generic/pgf/frontendlayer/tikz/libraries/tik
zlibrarytopaths.code.tex
File: tikzlibrarytopaths.code.tex 2023-01-15 v3.1.10 (3.1.10)
)))
(/usr/share/texlive/texmf-dist/tex/generic/pgfplots/pgfplots.code.tex
(/usr/share/texlive/texmf-dist/tex/generic/pgfplots/pgfplotscore.code.tex
\t@pgfplots@toka=\toks39
\t@pgfplots@tokb=\toks40
\t@pgfplots@tokc=\toks41
\pgfplots@tmpa=\dimen293
\c@pgfplots@coordindex=\count318
\c@pgfplots@scanlineindex=\count319

(/usr/share/texlive/texmf-dist/tex/generic/pgfplots/sys/pgfplotssysgeneric.code
.tex))
(/usr/share/texlive/texmf-dist/tex/generic/pgfplots/libs/pgfplotslibrary.code.t
ex)
(/usr/share/texlive/texmf-dist/tex/generic/pgfplots/oldpgfcompatib/pgfplotsoldp
gfsupp_loader.code.tex
(/usr/share/texlive/texmf-dist/tex/generic/pgf/libraries/pgflibraryfpu.code.tex
)
Package pgfplots: loading complementary utilities for your pgf version...
\t@pgf@toka=\toks42
\t@pgf@tokb=\toks43
\t@pgf@tokc=\toks44

(/usr/share/texlive/texmf-dist/tex/generic/pgfplots/oldpgfcompatib/pgfplotsoldp
gfsupp_pgfutil-common-lists.tex))
(/usr/share/texlive/texmf-dist/tex/generic/pgfplots/util/pgfplotsutil.code.tex
(/usr/share/texlive/texmf-dist/tex/generic/pgfplots/liststructure/pgfplotslists
tructure.code.tex)
(/usr/share/texlive/texmf-dist/tex/generic/pgfplots/liststructure/pgfplotslists
tructureext.code.tex)
(/usr/share/texlive/texmf-dist/tex/generic/pgfplots/liststructure/pgfplotsarray
.code.tex
\c@pgfplotsarray@tmp=\count320
)
(/usr/share/texlive/texmf-dist/tex/generic/pgfplots/liststructure/pgfplotsmatri
x.code.tex)
(/usr/share/texlive/texmf-dist/tex/generic/pgfplots/numtable/pgfplotstableshare
d.code.tex
\c@pgfplotstable@counta=\count321
\t@pgfplotstable@a=\toks45
)
(/usr/share/texlive/texmf-dist/tex/generic/pgfplots/liststructure/pgfplotsdeque
.code.tex)
(/usr/share/texlive/texmf-dist/tex/generic/pgfplots/util/pgfplotsbinary.code.te
x
(/usr/share/texlive/texmf-dist/tex/generic/pgfplots/util/pgfplotsbinary.data.co
de.tex))
(/usr/share/texlive/texmf-dist/tex/generic/pgfplots/util/pgfplotsutil.verb.code
.tex)
(/usr/share/texlive/texmf-dist/tex/generic/pgfplots/libs/pgflibrarypgfplots.sur
fshading.code.tex
\c@pgfplotslibrarysurf@no=\count322

(/usr/share/texlive/texmf-dist/tex/generic/pgfplots/sys/pgflibrarypgfplots.surf
shading.pgfsys-pdftex.def)))
(/usr/share/texlive/texmf-dist/tex/generic/pgfplots/util/pgfplotscolormap.code.
tex
(/usr/share/texlive/texmf-dist/tex/generic/pgfplots/util/pgfplotscolor.code.tex
))
(/usr/share/texlive/texmf-dist/tex/generic/pgfplots/pgfplotsstackedplots.code.t
ex)
(/usr/share/texlive/texmf-dist/tex/generic/pgfplots/pgfplotsplothandlers.code.t
ex
(/usr/share/texlive/texmf-dist/tex/generic/pgfplots/pgfplotsmeshplothandler.cod
e.tex
(/usr/share/texlive/texmf-dist/tex/generic/pgfplots/pgfplotsmeshplotimage.code.
tex)))
(/usr/share/texlive/texmf-dist/tex/generic/pgfplots/pgfplots.scaling.code.tex)
(/usr/share/texlive/texmf-dist/tex/generic/pgfplots/pgfplotscoordprocessing.cod
e.tex)
(/usr/share/texlive/texmf-dist/tex/generic/pgfplots/pgfplots.errorbars.code.tex
) (/usr/share/texlive/texmf-dist/tex/generic/pgfplots/pgfplots.markers.code.tex
) (/usr/share/texlive/texmf-dist/tex/generic/pgfplots/pgfplotsticks.code.tex)
(/usr/share/texlive/texmf-dist/tex/generic/pgfplots/pgfplots.paths.code.tex)
(/usr/share/texlive/texmf-dist/tex/generic/pgf/frontendlayer/tikz/libraries/tik
zlibrarydecorations.code.tex
(/usr/share/texlive/texmf-dist/tex/generic/pgf/modules/pgfmoduledecorations.cod
e.tex
\pgfdecoratedcompleteddistance=\dimen294
\pgfdecoratedremainingdistance=\dimen295
\pgfdecoratedinputsegmentcompleteddistance=\dimen296
\pgfdecoratedinputsegmentremainingdistance=\dimen297
\pgf@decorate@distancetomove=\dimen298
\pgf@decorate@repeatstate=\count323
\pgfdecorationsegmentamplitude=\dimen299
\pgfdecorationsegmentlength=\dimen300
)
\tikz@lib@dec@box=\box75
)
(/usr/share/texlive/texmf-dist/tex/generic/pgf/frontendlayer/tikz/libraries/tik
zlibrarydecorations.pathmorphing.code.tex
(/usr/share/texlive/texmf-dist/tex/generic/pgf/libraries/decorations/pgflibrary
decorations.pathmorphing.code.tex))
(/usr/share/texlive/texmf-dist/tex/generic/pgf/frontendlayer/tikz/libraries/tik
zlibrarydecorations.pathreplacing.code.tex
(/usr/share/texlive/texmf-dist/tex/generic/pgf/libraries/decorations/pgflibrary
decorations.pathreplacing.code.tex))
(/usr/share/texlive/texmf-dist/tex/generic/pgfplots/libs/tikzlibrarypgfplots.co
ntourlua.code.tex)
\pgfplots@numplots=\count324
\pgfplots@xmin@reg=\dimen301
\pgfplots@xmax@reg=\dimen302
\pgfplots@ymin@reg=\dimen303
\pgfplots@ymax@reg=\dimen304
\pgfplots@zmin@reg=\dimen305
\pgfplots@zmax@reg=\dimen306
)
(/usr/share/texlive/texmf-dist/tex/generic/pgf/frontendlayer/tikz/libraries/tik
zlibraryplotmarks.code.tex
File: tikzlibraryplotmarks.code.tex 2023-01-15 v3.1.10 (3.1.10)

(/usr/share/texlive/texmf-dist/tex/generic/pgf/libraries/pgflibraryplotmarks.co
de.tex
File: pgflibraryplotmarks.code.tex 2023-01-15 v3.1.10 (3.1.10)
))) (/usr/share/texlive/texmf-dist/tex/latex/pgf-pie/pgf-pie.sty
Package: pgf-pie 2022/06/14 v0.7 Some LaTeX macros for pie chart by using PGF/T
ikz package.

(/usr/share/texlive/texmf-dist/tex/latex/pgf-pie/tikzlibrarypie.code.tex
(/usr/share/texlive/texmf-dist/tex/latex/carlisle/scalefnt.sty)
\pgfpie@angleEnd=\dimen307
\pgfpie@explodeLength=\count325
\pgfpie@colorLength=\count326
\pgfpie@sliceLength=\count327
))
(/usr/share/texlive/texmf-dist/tex/generic/pgf/frontendlayer/tikz/libraries/tik
zlibraryshadows.code.tex
File: tikzlibraryshadows.code.tex 2023-01-15 v3.1.10 (3.1.10)

(/usr/share/texlive/texmf-dist/tex/generic/pgf/frontendlayer/tikz/libraries/tik
zlibraryfadings.code.tex
File: tikzlibraryfadings.code.tex 2023-01-15 v3.1.10 (3.1.10)

(/usr/share/texlive/texmf-dist/tex/generic/pgf/libraries/pgflibraryfadings.code
.tex
File: pgflibraryfadings.code.tex 2023-01-15 v3.1.10 (3.1.10)
)))
(/usr/share/texlive/texmf-dist/tex/generic/pgf/frontendlayer/tikz/libraries/tik
zlibrarypositioning.code.tex
File: tikzlibrarypositioning.code.tex 2023-01-15 v3.1.10 (3.1.10)
)
(/usr/share/texlive/texmf-dist/tex/latex/l3backend/l3backend-pdftex.def
File: l3backend-pdftex.def 2024-01-04 L3 backend support: PDF output (pdfTeX)
\l__color_backend_stack_int=\count328
\l__pdf_internal_box=\box76
)
(./master_v14.aux)
\openout1 = `master_v14.aux'.

LaTeX Font Info:    Checking defaults for OML/cmm/m/it on input line 50.
LaTeX Font Info:    ... okay on input line 50.
LaTeX Font Info:    Checking defaults for OMS/cmsy/m/n on input line 50.
LaTeX Font Info:    ... okay on input line 50.
LaTeX Font Info:    Checking defaults for OT1/cmr/m/n on input line 50.
LaTeX Font Info:    ... okay on input line 50.
LaTeX Font Info:    Checking defaults for T1/cmr/m/n on input line 50.
LaTeX Font Info:    ... okay on input line 50.
LaTeX Font Info:    Checking defaults for TS1/cmr/m/n on input line 50.
LaTeX Font Info:    ... okay on input line 50.
LaTeX Font Info:    Checking defaults for OMX/cmex/m/n on input line 50.
LaTeX Font Info:    ... okay on input line 50.
LaTeX Font Info:    Checking defaults for U/cmr/m/n on input line 50.
LaTeX Font Info:    ... okay on input line 50.
LaTeX Font Info:    Checking defaults for PD1/pdf/m/n on input line 50.
LaTeX Font Info:    ... okay on input line 50.
LaTeX Font Info:    Checking defaults for PU/pdf/m/n on input line 50.
LaTeX Font Info:    ... okay on input line 50.

(/usr/share/texlive/texmf-dist/tex/context/base/mkii/supp-pdf.mkii
[Loading MPS to PDF converter (version 2006.09.02).]
\scratchcounter=\count329
\scratchdimen=\dimen308
\scratchbox=\box77
\nofMPsegments=\count330
\nofMParguments=\count331
\everyMPshowfont=\toks46
\MPscratchCnt=\count332
\MPscratchDim=\dimen309
\MPnumerator=\count333
\makeMPintoPDFobject=\count334
\everyMPtoPDFconversion=\toks47
) (/usr/share/texlive/texmf-dist/tex/latex/epstopdf-pkg/epstopdf-base.sty
Package: epstopdf-base 2020-01-24 v2.11 Base part for package epstopdf
Package epstopdf-base Info: Redefining graphics rule for `.eps' on input line 4
85.

(/usr/share/texlive/texmf-dist/tex/latex/latexconfig/epstopdf-sys.cfg
File: epstopdf-sys.cfg 2010/07/13 v1.3 Configuration of (r)epstopdf for TeX Liv
e
))
Package hyperref Info: Link coloring OFF on input line 50.

(./master_v14.out) (./master_v14.out)
\@outlinefile=\write4
\openout4 = `master_v14.out'.


*geometry* driver: auto-detecting
*geometry* detected driver: pdftex
*geometry* verbose mode - [ preamble ] result:
* driver: pdftex
* paper: a4paper
* layout: <same size as paper>
* layoutoffset:(h,v)=(0.0pt,0.0pt)
* modes: 
* h-part:(L,W,R)=(72.26999pt, 452.9679pt, 72.26999pt)
* v-part:(T,H,B)=(72.26999pt, 700.50687pt, 72.26999pt)
* \paperwidth=597.50787pt
* \paperheight=845.04684pt
* \textwidth=452.9679pt
* \textheight=700.50687pt
* \oddsidemargin=0.0pt
* \evensidemargin=0.0pt
* \topmargin=-31.8738pt
* \headheight=12.0pt
* \headsep=19.8738pt
* \topskip=12.0pt
* \footskip=30.0pt
* \marginparwidth=47.0pt
* \marginparsep=7.0pt
* \columnsep=10.0pt
* \skip\footins=10.8pt plus 4.0pt minus 2.0pt
* \hoffset=0.0pt
* \voffset=0.0pt
* \mag=1000
* \@twocolumnfalse
* \@twosidefalse
* \@mparswitchfalse
* \@reversemarginfalse
* (1in=72.27pt=25.4mm, 1cm=28.453pt)

(/usr/share/texlive/texmf-dist/tex/latex/pdflscape/pdflscape.sty
Package: pdflscape 2022-10-27 v0.13 Display of landscape pages in PDF

(/usr/share/texlive/texmf-dist/tex/latex/pdflscape/pdflscape-nometadata.sty
Package: pdflscape-nometadata 2022-10-28 v0.13 Display of landscape pages in PD
F (HO)

(/usr/share/texlive/texmf-dist/tex/latex/graphics/lscape.sty
Package: lscape 2020/05/28 v3.02 Landscape Pages (DPC)
)
Package pdflscape Info: Auto-detected driver: pdftex on input line 81.
))
Package pgfplots notification 'compat/show suggested version=true': document ha
s been generated with the most recent feature set (\pgfplotsset{compat=1.18}).

LaTeX Font Info:    External font `cmex10' loaded for size
(Font)              <14.4> on input line 57.
LaTeX Font Info:    External font `cmex10' loaded for size
(Font)              <7> on input line 57.
[1



{/var/lib/texmf/fonts/map/pdftex/updmap/pdftex.map}] (./master_v14.toc
LaTeX Font Info:    External font `cmex10' loaded for size
(Font)              <12> on input line 2.
LaTeX Font Info:    External font `cmex10' loaded for size
(Font)              <8> on input line 2.
LaTeX Font Info:    External font `cmex10' loaded for size
(Font)              <6> on input line 2.

pdfTeX warning (ext4): destination with the same identifier (name{page.i}) has 
been already used, duplicate ignored
<to be read again> 
                   \relax 
l.41 ...iption and SOC Code}{17}{subsection.1.9.1}
                                                  % [1

] [2])
\tf@toc=\write5
\openout5 = `master_v14.toc'.

 [3]
Chapter 1.
(./merged_rfe_v37.tex [1


{/usr/share/texmf/fonts/enc/dvips/cm-super/cm-super-ts1.enc}] [2]
Overfull \hbox (3.5915pt too wide) in paragraph at lines 61--62
\OT1/cmtt/m/n/12 webofscience . com / wos / author / rid / LWJ-[]0136-[]2024$[]
 \OT1/cmr/m/n/12 re-flects his com-mit-ment to ad-vanc-
 []

[3]
Overfull \hbox (14.1921pt too wide) in paragraph at lines 89--90
\OT1/cmtt/m/n/12 financial-[]markets-[]policy / financial-[]stability-[]oversig
ht-[]council$[]\OT1/cmr/m/n/12 . My work
 []


Underfull \hbox (badness 1688) in paragraph at lines 105--105
[]|\OT1/cmr/bx/n/12 8 CFR \TS1/cmr/bx/n/12 § \OT1/cmr/bx/n/12 204.5(k)(2): Ad-
 []


Underfull \hbox (badness 2635) in paragraph at lines 107--107
[]|\OT1/cmr/bx/n/12 8 CFR \TS1/cmr/bx/n/12 § \OT1/cmr/bx/n/12 204.5(k)(3)(ii)(F
):
 []


Underfull \hbox (badness 5711) in paragraph at lines 107--107
\OT1/cmr/bx/n/12 Pub-li-ca-tions in Pro-fes-sional
 []


Underfull \hbox (badness 2486) in paragraph at lines 109--109
[]|\OT1/cmr/bx/n/12 8 CFR \TS1/cmr/bx/n/12 § \OT1/cmr/bx/n/12 204.5(k)(3)(ii)(E
):
 []


Underfull \hbox (badness 5133) in paragraph at lines 109--109
\OT1/cmr/bx/n/12 Mem-ber-ship in Pro-fes-sional
 []


Underfull \hbox (badness 2635) in paragraph at lines 113--113
[]|\OT1/cmr/bx/n/12 8 CFR \TS1/cmr/bx/n/12 § \OT1/cmr/bx/n/12 204.5(k)(3)(ii)(F
):
 []

[4] [5] [6]
Overfull \hbox (23.42114pt too wide) in paragraph at lines 177--178
[]\OT1/cmr/bx/n/12 Google Scholar\OT1/cmr/m/n/12 : https://scholar.google.com/c
itations?user=jD8fpGMAAAAJ&hl=en 
 []

[7] [8]
Underfull \hbox (badness 10000) in paragraph at lines 295--298

 []


Underfull \hbox (badness 10000) in paragraph at lines 301--303

 []

[9]
Underfull \hbox (badness 10000) in paragraph at lines 337--338

 []

[10] [11] [12] [13] [14] [15] [16] [17]

LaTeX Warning: Reference `chap:i140' on page 18 undefined on input line 605.


Overfull \hbox (2.55019pt too wide) in alignment at lines 628--632
 [] [] 
 []


Overfull \hbox (2.55019pt too wide) in alignment at lines 632--639
 [] [] 
 []

[18]

LaTeX Warning: Reference `chap:exhibit_asif' on page 19 undefined on input line
 650.


LaTeX Warning: Reference `chap:exhibit_anjum' on page 19 undefined on input lin
e 651.


LaTeX Warning: Reference `chap:rozeia' on page 19 undefined on input line 654.


LaTeX Warning: Reference `chap:exhibit_malik' on page 19 undefined on input lin
e 654.


LaTeX Warning: Reference `chap:sheraz' on page 19 undefined on input line 656.


LaTeX Warning: Reference `chap:exhibit_kamran' on page 19 undefined on input li
ne 656.


LaTeX Warning: Reference `chap:exhibit_ankit' on page 19 undefined on input lin
e 658.


LaTeX Warning: Reference `chap:exhibit_gaurav' on page 19 undefined on input li
ne 658.

[19]
Chapter 2.
LaTeX Font Info:    External font `cmex10' loaded for size
(Font)              <5> on input line 674.

Package hyperref Warning: Difference (2) between bookmark levels is greater 
(hyperref)                than one, level fixed on input line 677.


LaTeX Warning: Reference `chap:exhibit_asif' on page 20 undefined on input line
 684.


LaTeX Warning: Reference `chap:exhibit_anjum' on page 20 undefined on input lin
e 684.

[20

]

LaTeX Warning: Reference `chap:exhibit_malik' on page 21 undefined on input lin
e 690.


LaTeX Warning: Reference `chap:rozeia' on page 21 undefined on input line 690.


LaTeX Warning: Reference `chap:sheraz' on page 21 undefined on input line 690.


LaTeX Warning: Reference `chap:exhibit_ankit' on page 21 undefined on input lin
e 694.


LaTeX Warning: Reference `chap:exhibit_gaurav' on page 21 undefined on input li
ne 697.


LaTeX Warning: Citation `satyadharjoshiAdvancingInnovationFinancial2025' on pag
e 21 undefined on input line 701.


LaTeX Warning: Citation `joshiImplementingGenAI2024a' on page 21 undefined on i
nput line 701.


LaTeX Warning: Citation `joshiUsingGenAI2025' on page 21 undefined on input lin
e 703.


LaTeX Warning: Citation `satyadharjoshiReviewGenAI2025' on page 21 undefined on
 input line 703.


LaTeX Warning: Reference `chap:rozeia' on page 21 undefined on input line 704.

[21] [22]
Overfull \hbox (0.36575pt too wide) in paragraph at lines 774--775
\OT1/cmr/m/n/12 Mr. Joshi is propos-ing to es-tab-lish a \OT1/cmr/bx/n/12 Cen-t
er for Re-spon-si-ble AI in Fi-nance (CRAF)\OT1/cmr/m/n/12 ,
 []

[23]

LaTeX Warning: Reference `chap:rozeia' on page 24 undefined on input line 792.

[24]
Underfull \hbox (badness 4013) in paragraph at lines 856--856
[]|\OT1/cmr/bx/n/12 1. Ad-vanced Risk
 []


LaTeX Warning: Reference `chap:exhibit_ankit' on page 25 undefined on input lin
e 862.


Underfull \hbox (badness 10000) in paragraph at lines 866--867
[]\OT1/cmr/m/n/12 Create \OT1/cmr/bx/n/12 real-time mon-i-tor-ing \OT1/cmr/m/n/
12 sys-tems us-ing
 []


Underfull \hbox (badness 2310) in paragraph at lines 866--867
\OT1/cmr/m/n/12 Spark/Kafka for early risk de-tec-tion at work as
 []


Overfull \hbox (2.55019pt too wide) in alignment at lines 852--898
 [] [] 
 []

[25]

LaTeX Warning: Citation `joshiImplementingGenAI2024a' on page 26 undefined on i
nput line 910.


LaTeX Warning: Citation `nist_rmf' on page 26 undefined on input line 910.


LaTeX Warning: Citation `joshiUsingGenAI2025' on page 26 undefined on input lin
e 911.


LaTeX Warning: Citation `cisa_threat' on page 26 undefined on input line 911.


LaTeX Warning: Citation `satyadharjoshiRetrainingUSWorkforce2025a' on page 26 u
ndefined on input line 920.


LaTeX Warning: Citation `fdic_transparency' on page 26 undefined on input line 
920.


LaTeX Warning: Citation `TrainingUSWorkforce' on page 26 undefined on input lin
e 921.


LaTeX Warning: Citation `treasury_ai' on page 26 undefined on input line 921.


LaTeX Warning: Citation `ecb_ai' on page 26 undefined on input line 927.


LaTeX Warning: Citation `dhs_ai' on page 26 undefined on input line 927.

[26]

LaTeX Warning: Citation `satyadharjoshiAdvancingInnovationFinancial2025' on pag
e 27 undefined on input line 930.


LaTeX Warning: Citation `ofr_memo' on page 27 undefined on input line 930.


LaTeX Warning: Citation `joshiReviewArtificialGeneral2025' on page 27 undefined
 on input line 931.


LaTeX Warning: Citation `sec_ai' on page 27 undefined on input line 931.


LaTeX Warning: Citation `joshiComprehensiveReviewArtificial2025a' on page 27 un
defined on input line 940.


LaTeX Warning: Citation `fsoc_report' on page 27 undefined on input line 940.


LaTeX Warning: Citation `satyadharjoshiReviewGenAI2025' on page 27 undefined on
 input line 941.


LaTeX Warning: Citation `dhs_ai' on page 27 undefined on input line 941.


LaTeX Warning: Reference `chap:sheraz' on page 27 undefined on input line 945.

[27]

LaTeX Warning: Reference `chap:exhibit_anjum' on page 28 undefined on input lin
e 958.


Overfull \hbox (5.88889pt too wide) in alignment at lines 962--966
 [] [] [] 
 []


Underfull \hbox (badness 1817) in paragraph at lines 970--971
[]\OT1/cmr/m/n/12 Launch CRAF with FDIC/NYU
 []


Underfull \hbox (badness 10000) in paragraph at lines 973--974
[]\OT1/cmr/m/n/12 Begin col-lab-o-ra-tion with aca-
 []


Underfull \hbox (badness 5726) in paragraph at lines 974--975
[]\OT1/cmr/m/n/12 Implement AI-based credit risk
 []


Underfull \hbox (badness 1067) in paragraph at lines 994--995
[]\OT1/cmr/m/n/12 Propsoed 3 com-mu-nity bank
 []


Underfull \hbox (badness 2818) in paragraph at lines 1004--1005
[]\OT1/cmr/m/n/12 Participate in fed-eral AI safety
 []


Underfull \hbox (badness 2600) in paragraph at lines 1022--1023
[]\OT1/cmr/m/n/12 Toolkit used by 2+ fed-eral
 []


Underfull \hbox (badness 5787) in paragraph at lines 1039--1040
[]\OT1/cmr/m/n/12 Engagement with 5+ state
 []


Underfull \hbox (badness 10000) in paragraph at lines 1045--1046
[]\OT1/cmr/m/n/12 Full-scale port-fo-lio op-ti-miza-tion
 []


Overfull \hbox (5.88889pt too wide) in alignment at lines 966--1059
 [] [] [] 
 []

[28]
Underfull \hbox (badness 3989) in paragraph at lines 1070--1070
[]|\OT1/cmr/bx/n/12 Peer-Reviewed Pub-li-
 []


Overfull \hbox (2.55019pt too wide) in alignment at lines 1066--1094
 [] [] 
 []

[29]

LaTeX Warning: Citation `bls_ai' on page 30 undefined on input line 1098.


LaTeX Warning: Citation `cisa_threat' on page 30 undefined on input line 1101.


Underfull \hbox (badness 1173) in paragraph at lines 1111--1111
[]|\OT1/cmr/bx/n/12 Veterans in Fi-nan-cial
 []


Underfull \hbox (badness 10000) in paragraph at lines 1123--1123
[]|\OT1/cmr/bx/n/12 Open Course-ware:
 []


Overfull \hbox (2.55019pt too wide) in alignment at lines 1107--1134
 [] [] 
 []

[30]
Overfull \hbox (2.84743pt too wide) in paragraph at lines 1149--1150
\OT1/cmr/bx/n/12 Figure Anal-y-sis: \OT1/cmr/m/n/12 The pie chart ti-tled \OT1/
cmr/m/it/12 \Planned Con-tent Pro-duc-tion 2025{2030" \OT1/cmr/m/n/12 presents
 []


LaTeX Warning: Reference `chap:rozeia' on page 31 undefined on input line 1191.


[31] [32]

LaTeX Warning: Reference `chap:exhibit_malik' on page 33 undefined on input lin
e 1237.

[33] [34]
Package pgfplots info on input line 1304: Using 'lua backend=false' for axis: x
 coord trafo unsupported.

Overfull \hbox (51.97089pt too wide) in paragraph at lines 1355--1356
\OT1/cmtt/m/n/12 policy-[]issues / financial-[]markets-[]policy / financial-[]s
tability-[]oversight-[]council$[]\OT1/cmr/m/n/12 .
 []

[35]

LaTeX Warning: Citation `satyadharjoshiAdvancingInnovationFinancial2025' on pag
e 36 undefined on input line 1375.


LaTeX Warning: Citation `fsoc_report' on page 36 undefined on input line 1375.


LaTeX Warning: Citation `satyadharjoshiRetrainingUSWorkforce2025a' on page 36 u
ndefined on input line 1378.


LaTeX Warning: Citation `nist_rmf' on page 36 undefined on input line 1378.


LaTeX Warning: Citation `ecb_ai' on page 36 undefined on input line 1378.


LaTeX Warning: Citation `joshiUsingGenAI2025' on page 36 undefined on input lin
e 1382.


LaTeX Warning: Citation `satyadharjoshiReviewGenAI2025' on page 36 undefined on
 input line 1383.


LaTeX Warning: Citation `joshiImplementingGenAI2024a' on page 36 undefined on i
nput line 1384.


LaTeX Warning: Citation `dhs_ai' on page 36 undefined on input line 1389.


LaTeX Warning: Citation `cisa_threat' on page 36 undefined on input line 1390.


LaTeX Warning: Citation `sec_ai' on page 36 undefined on input line 1391.

[36]
Chapter 3.

LaTeX Warning: Reference `chap:exhibit_appreciations' on page 37 undefined on i
nput line 1453.

[37

]

LaTeX Warning: Reference `chap:exhibit_malik' on page 38 undefined on input lin
e 1456.


LaTeX Warning: Reference `chap:rozeia' on page 38 undefined on input line 1456.



LaTeX Warning: Reference `chap:exhibit_asif' on page 38 undefined on input line
 1456.


LaTeX Warning: Reference `chap:exhibit_kamran' on page 38 undefined on input li
ne 1456.

[38]
Chapter 4.

LaTeX Warning: Reference `chap:exhibit_malik' on page 39 undefined on input lin
e 1504.


LaTeX Warning: Reference `chap:rozeia' on page 39 undefined on input line 1504.



LaTeX Warning: Reference `chap:exhibit_asif' on page 39 undefined on input line
 1504.


LaTeX Warning: Reference `chap:exhibit_kamran' on page 39 undefined on input li
ne 1504.


Package hyperref Warning: Difference (2) between bookmark levels is greater 
(hyperref)                than one, level fixed on input line 1508.

[39

]
Overfull \hbox (7.9843pt too wide) in paragraph at lines 1526--1527
\OT1/cmr/bx/n/12 mit-i-ga-tion \OT1/cmr/m/n/12 ad-dresses CISA-designated \OT1/
cmr/bx/n/12 "crit-i-cal in-fras-truc-ture pri-or-i-ties"\OT1/cmr/m/n/12 .[][][]
 
 []


Overfull \hbox (2.42667pt too wide) in paragraph at lines 1551--1551
[]\OT1/cmr/bx/n/14.4 Peer-Reviewed Re-search Con-tri-bu-tions to Pol-icy Re-sea
rch
 []


LaTeX Warning: Citation `joshiImplementingGenAI2024a' on page 40 undefined on i
nput line 1558.


LaTeX Warning: Citation `satyadharjoshiRetrainingUSWorkforce2025a' on page 40 u
ndefined on input line 1561.

[40]

LaTeX Warning: Citation `satyadharjoshiAdvancingInnovationFinancial2025' on pag
e 41 undefined on input line 1564.


LaTeX Warning: Citation `joshiUsingGenAI2025' on page 41 undefined on input lin
e 1567.


LaTeX Warning: Citation `joshiImplementingGenAI2024a' on page 41 undefined on i
nput line 1573.


LaTeX Warning: Citation `satyadharjoshiReviewGenAI2025' on page 41 undefined on
 input line 1573.


LaTeX Warning: Citation `joshiReviewArtificialGeneral2025' on page 41 undefined
 on input line 1573.


LaTeX Warning: Citation `satyadharjoshiRetrainingUSWorkforce2025a' on page 41 u
ndefined on input line 1576.


LaTeX Warning: Citation `TrainingUSWorkforce' on page 41 undefined on input lin
e 1576.


LaTeX Warning: Citation `satyadharjoshiAdvancingInnovationFinancial2025' on pag
e 41 undefined on input line 1579.


LaTeX Warning: Citation `joshiComprehensiveReviewArtificial2025a' on page 41 un
defined on input line 1579.

[41] [42]
Overfull \hbox (2.55019pt too wide) in alignment at lines 1665--1678
 [] [] 
 []

(./master_v14.bbl [43]

LaTeX Warning: Empty `thebibliography' environment on input line 24.

)) [44

]
Appendix A.


pdfTeX warning: /usr/bin/pdflatex (file ./papers/sgov1.pdf): PDF inclusion: fou
nd PDF version <1.7>, but at most version <1.5> allowed
<papers/sgov1.pdf, id=752, 794.97pt x 614.295pt>
File: papers/sgov1.pdf Graphic file (type pdf)
<use papers/sgov1.pdf>
Package pdftex.def Info: papers/sgov1.pdf  used on input line 82.
(pdftex.def)             Requested size: 794.96806pt x 614.29349pt.


pdfTeX warning: /usr/bin/pdflatex (file ./papers/sgov1.pdf): PDF inclusion: fou
nd PDF version <1.7>, but at most version <1.5> allowed
File: papers/sgov1.pdf Graphic file (type pdf)
<use papers/sgov1.pdf>
Package pdftex.def Info: papers/sgov1.pdf  used on input line 82.
(pdftex.def)             Requested size: 794.96806pt x 614.29349pt.


pdfTeX warning: /usr/bin/pdflatex (file ./papers/sgov1.pdf): PDF inclusion: fou
nd PDF version <1.7>, but at most version <1.5> allowed


pdfTeX warning: /usr/bin/pdflatex (file ./papers/sgov1.pdf): PDF inclusion: fou
nd PDF version <1.7>, but at most version <1.5> allowed
<papers/sgov1.pdf, id=755, page=1, 794.97pt x 614.295pt>
File: papers/sgov1.pdf Graphic file (type pdf)
<use papers/sgov1.pdf, page 1>
Package pdftex.def Info: papers/sgov1.pdf , page1 used on input line 82.
(pdftex.def)             Requested size: 794.96806pt x 614.29349pt.
File: papers/sgov1.pdf Graphic file (type pdf)
<use papers/sgov1.pdf, page 1>
Package pdftex.def Info: papers/sgov1.pdf , page1 used on input line 82.
(pdftex.def)             Requested size: 795.3441pt x 614.58406pt.
[45

]
File: papers/sgov1.pdf Graphic file (type pdf)
<use papers/sgov1.pdf, page 1>
Package pdftex.def Info: papers/sgov1.pdf , page1 used on input line 82.
(pdftex.def)             Requested size: 795.3441pt x 614.58406pt.
File: papers/sgov1.pdf Graphic file (type pdf)
<use papers/sgov1.pdf, page 1>
Package pdftex.def Info: papers/sgov1.pdf , page1 used on input line 82.
(pdftex.def)             Requested size: 795.3441pt x 614.58406pt.


Package fancyhdr Warning: \headheight is too small (12.0pt): 
(fancyhdr)                Make it at least 14.49998pt, for example:
(fancyhdr)                \setlength{\headheight}{14.49998pt}.
(fancyhdr)                You might also make \topmargin smaller to compensate:

(fancyhdr)                \addtolength{\topmargin}{-2.49998pt}.

File: papers/sgov1.pdf Graphic file (type pdf)
<use papers/sgov1.pdf, page 1>
Package pdftex.def Info: papers/sgov1.pdf , page1 used on input line 82.
(pdftex.def)             Requested size: 795.3441pt x 614.58406pt.
[46

 <./papers/sgov1.pdf>]

pdfTeX warning: /usr/bin/pdflatex (file ./papers/sgov2.pdf): PDF inclusion: fou
nd PDF version <1.7>, but at most version <1.5> allowed
<papers/sgov2.pdf, id=770, 794.97pt x 614.295pt>
File: papers/sgov2.pdf Graphic file (type pdf)
<use papers/sgov2.pdf>
Package pdftex.def Info: papers/sgov2.pdf  used on input line 83.
(pdftex.def)             Requested size: 794.96806pt x 614.29349pt.


pdfTeX warning: /usr/bin/pdflatex (file ./papers/sgov2.pdf): PDF inclusion: fou
nd PDF version <1.7>, but at most version <1.5> allowed
File: papers/sgov2.pdf Graphic file (type pdf)
<use papers/sgov2.pdf>
Package pdftex.def Info: papers/sgov2.pdf  used on input line 83.
(pdftex.def)             Requested size: 794.96806pt x 614.29349pt.


pdfTeX warning: /usr/bin/pdflatex (file ./papers/sgov2.pdf): PDF inclusion: fou
nd PDF version <1.7>, but at most version <1.5> allowed


pdfTeX warning: /usr/bin/pdflatex (file ./papers/sgov2.pdf): PDF inclusion: fou
nd PDF version <1.7>, but at most version <1.5> allowed
<papers/sgov2.pdf, id=773, page=1, 794.97pt x 614.295pt>
File: papers/sgov2.pdf Graphic file (type pdf)
<use papers/sgov2.pdf, page 1>
Package pdftex.def Info: papers/sgov2.pdf , page1 used on input line 83.
(pdftex.def)             Requested size: 794.96806pt x 614.29349pt.
File: papers/sgov2.pdf Graphic file (type pdf)
<use papers/sgov2.pdf, page 1>
Package pdftex.def Info: papers/sgov2.pdf , page1 used on input line 83.
(pdftex.def)             Requested size: 795.3441pt x 614.58406pt.
File: papers/sgov2.pdf Graphic file (type pdf)
<use papers/sgov2.pdf, page 1>
Package pdftex.def Info: papers/sgov2.pdf , page1 used on input line 83.
(pdftex.def)             Requested size: 795.3441pt x 614.58406pt.
File: papers/sgov2.pdf Graphic file (type pdf)
<use papers/sgov2.pdf, page 1>
Package pdftex.def Info: papers/sgov2.pdf , page1 used on input line 83.
(pdftex.def)             Requested size: 795.3441pt x 614.58406pt.

Package fancyhdr Warning: \headheight is too small (12.0pt): 
(fancyhdr)                Make it at least 14.49998pt, for example:
(fancyhdr)                \setlength{\headheight}{14.49998pt}.
(fancyhdr)                You might also make \topmargin smaller to compensate:

(fancyhdr)                \addtolength{\topmargin}{-2.49998pt}.

File: papers/sgov2.pdf Graphic file (type pdf)
<use papers/sgov2.pdf, page 1>
Package pdftex.def Info: papers/sgov2.pdf , page1 used on input line 83.
(pdftex.def)             Requested size: 795.3441pt x 614.58406pt.
[47

 <./papers/sgov2.pdf>]

pdfTeX warning: /usr/bin/pdflatex (file ./papers/sgov3.pdf): PDF inclusion: fou
nd PDF version <1.7>, but at most version <1.5> allowed
<papers/sgov3.pdf, id=782, 794.97pt x 614.295pt>
File: papers/sgov3.pdf Graphic file (type pdf)
<use papers/sgov3.pdf>
Package pdftex.def Info: papers/sgov3.pdf  used on input line 85.
(pdftex.def)             Requested size: 794.96806pt x 614.29349pt.


pdfTeX warning: /usr/bin/pdflatex (file ./papers/sgov3.pdf): PDF inclusion: fou
nd PDF version <1.7>, but at most version <1.5> allowed
File: papers/sgov3.pdf Graphic file (type pdf)
<use papers/sgov3.pdf>
Package pdftex.def Info: papers/sgov3.pdf  used on input line 85.
(pdftex.def)             Requested size: 794.96806pt x 614.29349pt.


pdfTeX warning: /usr/bin/pdflatex (file ./papers/sgov3.pdf): PDF inclusion: fou
nd PDF version <1.7>, but at most version <1.5> allowed


pdfTeX warning: /usr/bin/pdflatex (file ./papers/sgov3.pdf): PDF inclusion: fou
nd PDF version <1.7>, but at most version <1.5> allowed
<papers/sgov3.pdf, id=785, page=1, 794.97pt x 614.295pt>
File: papers/sgov3.pdf Graphic file (type pdf)
<use papers/sgov3.pdf, page 1>
Package pdftex.def Info: papers/sgov3.pdf , page1 used on input line 85.
(pdftex.def)             Requested size: 794.96806pt x 614.29349pt.
File: papers/sgov3.pdf Graphic file (type pdf)
<use papers/sgov3.pdf, page 1>
Package pdftex.def Info: papers/sgov3.pdf , page1 used on input line 85.
(pdftex.def)             Requested size: 795.3441pt x 614.58406pt.
File: papers/sgov3.pdf Graphic file (type pdf)
<use papers/sgov3.pdf, page 1>
Package pdftex.def Info: papers/sgov3.pdf , page1 used on input line 85.
(pdftex.def)             Requested size: 795.3441pt x 614.58406pt.
File: papers/sgov3.pdf Graphic file (type pdf)
<use papers/sgov3.pdf, page 1>
Package pdftex.def Info: papers/sgov3.pdf , page1 used on input line 85.
(pdftex.def)             Requested size: 795.3441pt x 614.58406pt.

Package fancyhdr Warning: \headheight is too small (12.0pt): 
(fancyhdr)                Make it at least 14.49998pt, for example:
(fancyhdr)                \setlength{\headheight}{14.49998pt}.
(fancyhdr)                You might also make \topmargin smaller to compensate:

(fancyhdr)                \addtolength{\topmargin}{-2.49998pt}.

File: papers/sgov3.pdf Graphic file (type pdf)
<use papers/sgov3.pdf, page 1>
Package pdftex.def Info: papers/sgov3.pdf , page1 used on input line 85.
(pdftex.def)             Requested size: 795.3441pt x 614.58406pt.
[48

 <./papers/sgov3.pdf>]

pdfTeX warning: /usr/bin/pdflatex (file ./papers/7.pdf): PDF inclusion: found P
DF version <1.7>, but at most version <1.5> allowed
<papers/7.pdf, id=794, 597.432pt x 845.07718pt>
File: papers/7.pdf Graphic file (type pdf)
<use papers/7.pdf>
Package pdftex.def Info: papers/7.pdf  used on input line 89.
(pdftex.def)             Requested size: 597.43054pt x 845.07512pt.


pdfTeX warning: /usr/bin/pdflatex (file ./papers/7.pdf): PDF inclusion: found P
DF version <1.7>, but at most version <1.5> allowed
File: papers/7.pdf Graphic file (type pdf)
<use papers/7.pdf>
Package pdftex.def Info: papers/7.pdf  used on input line 89.
(pdftex.def)             Requested size: 597.43054pt x 845.07512pt.


pdfTeX warning: /usr/bin/pdflatex (file ./papers/7.pdf): PDF inclusion: found P
DF version <1.7>, but at most version <1.5> allowed


pdfTeX warning: /usr/bin/pdflatex (file ./papers/7.pdf): PDF inclusion: found P
DF version <1.7>, but at most version <1.5> allowed
<papers/7.pdf, id=797, page=1, 597.432pt x 845.07718pt>
File: papers/7.pdf Graphic file (type pdf)
<use papers/7.pdf, page 1>
Package pdftex.def Info: papers/7.pdf , page1 used on input line 89.
(pdftex.def)             Requested size: 597.43054pt x 845.07512pt.
File: papers/7.pdf Graphic file (type pdf)
<use papers/7.pdf, page 1>
Package pdftex.def Info: papers/7.pdf , page1 used on input line 89.
(pdftex.def)             Requested size: 597.47612pt x 845.13959pt.
[49]
File: papers/7.pdf Graphic file (type pdf)
<use papers/7.pdf, page 1>
Package pdftex.def Info: papers/7.pdf , page1 used on input line 89.
(pdftex.def)             Requested size: 597.47612pt x 845.13959pt.
File: papers/7.pdf Graphic file (type pdf)
<use papers/7.pdf, page 1>
Package pdftex.def Info: papers/7.pdf , page1 used on input line 89.
(pdftex.def)             Requested size: 597.47612pt x 845.13959pt.


Package fancyhdr Warning: \headheight is too small (12.0pt): 
(fancyhdr)                Make it at least 27.05003pt, for example:
(fancyhdr)                \setlength{\headheight}{27.05003pt}.
(fancyhdr)                You might also make \topmargin smaller to compensate:

(fancyhdr)                \addtolength{\topmargin}{-15.05003pt}.

File: papers/7.pdf Graphic file (type pdf)
<use papers/7.pdf, page 1>
Package pdftex.def Info: papers/7.pdf , page1 used on input line 89.
(pdftex.def)             Requested size: 597.47612pt x 845.13959pt.
[50

 <./papers/7.pdf>]
<papers/2.pdf, id=847, 597.19106pt x 845.07718pt>
File: papers/2.pdf Graphic file (type pdf)
<use papers/2.pdf>
Package pdftex.def Info: papers/2.pdf  used on input line 90.
(pdftex.def)             Requested size: 597.1896pt x 845.07512pt.
File: papers/2.pdf Graphic file (type pdf)
<use papers/2.pdf>
Package pdftex.def Info: papers/2.pdf  used on input line 90.
(pdftex.def)             Requested size: 597.1896pt x 845.07512pt.
<papers/2.pdf, id=850, page=1, 597.19106pt x 845.07718pt>
File: papers/2.pdf Graphic file (type pdf)
<use papers/2.pdf, page 1>
Package pdftex.def Info: papers/2.pdf , page1 used on input line 90.
(pdftex.def)             Requested size: 597.1896pt x 845.07512pt.
File: papers/2.pdf Graphic file (type pdf)
<use papers/2.pdf, page 1>
Package pdftex.def Info: papers/2.pdf , page1 used on input line 90.
(pdftex.def)             Requested size: 597.23515pt x 845.13959pt.
File: papers/2.pdf Graphic file (type pdf)
<use papers/2.pdf, page 1>
Package pdftex.def Info: papers/2.pdf , page1 used on input line 90.
(pdftex.def)             Requested size: 597.23515pt x 845.13959pt.
File: papers/2.pdf Graphic file (type pdf)
<use papers/2.pdf, page 1>
Package pdftex.def Info: papers/2.pdf , page1 used on input line 90.
(pdftex.def)             Requested size: 597.23515pt x 845.13959pt.


Package fancyhdr Warning: \headheight is too small (12.0pt): 
(fancyhdr)                Make it at least 27.05003pt, for example:
(fancyhdr)                \setlength{\headheight}{27.05003pt}.
(fancyhdr)                You might also make \topmargin smaller to compensate:

(fancyhdr)                \addtolength{\topmargin}{-15.05003pt}.

File: papers/2.pdf Graphic file (type pdf)
<use papers/2.pdf, page 1>
Package pdftex.def Info: papers/2.pdf , page1 used on input line 90.
(pdftex.def)             Requested size: 597.23515pt x 845.13959pt.
[51

 <./papers/2.pdf>]

pdfTeX warning: /usr/bin/pdflatex (file ./papers/3.pdf): PDF inclusion: found P
DF version <1.7>, but at most version <1.5> allowed
<papers/3.pdf, id=910, 597.55246pt x 845.07718pt>
File: papers/3.pdf Graphic file (type pdf)
<use papers/3.pdf>
Package pdftex.def Info: papers/3.pdf  used on input line 91.
(pdftex.def)             Requested size: 597.551pt x 845.07512pt.


pdfTeX warning: /usr/bin/pdflatex (file ./papers/3.pdf): PDF inclusion: found P
DF version <1.7>, but at most version <1.5> allowed
File: papers/3.pdf Graphic file (type pdf)
<use papers/3.pdf>
Package pdftex.def Info: papers/3.pdf  used on input line 91.
(pdftex.def)             Requested size: 597.551pt x 845.07512pt.


pdfTeX warning: /usr/bin/pdflatex (file ./papers/3.pdf): PDF inclusion: found P
DF version <1.7>, but at most version <1.5> allowed


pdfTeX warning: /usr/bin/pdflatex (file ./papers/3.pdf): PDF inclusion: found P
DF version <1.7>, but at most version <1.5> allowed
<papers/3.pdf, id=913, page=1, 597.55246pt x 845.07718pt>
File: papers/3.pdf Graphic file (type pdf)
<use papers/3.pdf, page 1>
Package pdftex.def Info: papers/3.pdf , page1 used on input line 91.
(pdftex.def)             Requested size: 597.551pt x 845.07512pt.
File: papers/3.pdf Graphic file (type pdf)
<use papers/3.pdf, page 1>
Package pdftex.def Info: papers/3.pdf , page1 used on input line 91.
(pdftex.def)             Requested size: 597.59657pt x 845.13959pt.
File: papers/3.pdf Graphic file (type pdf)
<use papers/3.pdf, page 1>
Package pdftex.def Info: papers/3.pdf , page1 used on input line 91.
(pdftex.def)             Requested size: 597.59657pt x 845.13959pt.
File: papers/3.pdf Graphic file (type pdf)
<use papers/3.pdf, page 1>
Package pdftex.def Info: papers/3.pdf , page1 used on input line 91.
(pdftex.def)             Requested size: 597.59657pt x 845.13959pt.

Package fancyhdr Warning: \headheight is too small (12.0pt): 
(fancyhdr)                Make it at least 27.05003pt, for example:
(fancyhdr)                \setlength{\headheight}{27.05003pt}.
(fancyhdr)                You might also make \topmargin smaller to compensate:

(fancyhdr)                \addtolength{\topmargin}{-15.05003pt}.

File: papers/3.pdf Graphic file (type pdf)
<use papers/3.pdf, page 1>
Package pdftex.def Info: papers/3.pdf , page1 used on input line 91.
(pdftex.def)             Requested size: 597.59657pt x 845.13959pt.
[52

 <./papers/3.pdf>]

pdfTeX warning: /usr/bin/pdflatex (file ./papers/1.pdf): PDF inclusion: found P
DF version <1.7>, but at most version <1.5> allowed
<papers/1.pdf, id=947, 614.295pt x 794.97pt>
File: papers/1.pdf Graphic file (type pdf)
<use papers/1.pdf>
Package pdftex.def Info: papers/1.pdf  used on input line 94.
(pdftex.def)             Requested size: 614.29349pt x 794.96806pt.


pdfTeX warning: /usr/bin/pdflatex (file ./papers/1.pdf): PDF inclusion: found P
DF version <1.7>, but at most version <1.5> allowed
File: papers/1.pdf Graphic file (type pdf)
<use papers/1.pdf>
Package pdftex.def Info: papers/1.pdf  used on input line 94.
(pdftex.def)             Requested size: 614.29349pt x 794.96806pt.


pdfTeX warning: /usr/bin/pdflatex (file ./papers/1.pdf): PDF inclusion: found P
DF version <1.7>, but at most version <1.5> allowed


pdfTeX warning: /usr/bin/pdflatex (file ./papers/1.pdf): PDF inclusion: found P
DF version <1.7>, but at most version <1.5> allowed
<papers/1.pdf, id=950, page=1, 614.295pt x 794.97pt>
File: papers/1.pdf Graphic file (type pdf)
<use papers/1.pdf, page 1>
Package pdftex.def Info: papers/1.pdf , page1 used on input line 94.
(pdftex.def)             Requested size: 614.29349pt x 794.96806pt.
File: papers/1.pdf Graphic file (type pdf)
<use papers/1.pdf, page 1>
Package pdftex.def Info: papers/1.pdf , page1 used on input line 94.
(pdftex.def)             Requested size: 614.58406pt x 795.3441pt.
[53]
File: papers/1.pdf Graphic file (type pdf)
<use papers/1.pdf, page 1>
Package pdftex.def Info: papers/1.pdf , page1 used on input line 94.
(pdftex.def)             Requested size: 614.58406pt x 795.3441pt.
File: papers/1.pdf Graphic file (type pdf)
<use papers/1.pdf, page 1>
Package pdftex.def Info: papers/1.pdf , page1 used on input line 94.
(pdftex.def)             Requested size: 614.58406pt x 795.3441pt.
File: papers/1.pdf Graphic file (type pdf)
<use papers/1.pdf, page 1>
Package pdftex.def Info: papers/1.pdf , page1 used on input line 94.
(pdftex.def)             Requested size: 614.58406pt x 795.3441pt.
 [54

 <./papers/1.pdf>]

pdfTeX warning: /usr/bin/pdflatex (file ./papers/4.pdf): PDF inclusion: found P
DF version <1.7>, but at most version <1.5> allowed
<papers/4.pdf, id=990, 597.55246pt x 845.07718pt>
File: papers/4.pdf Graphic file (type pdf)
<use papers/4.pdf>
Package pdftex.def Info: papers/4.pdf  used on input line 97.
(pdftex.def)             Requested size: 597.551pt x 845.07512pt.


pdfTeX warning: /usr/bin/pdflatex (file ./papers/4.pdf): PDF inclusion: found P
DF version <1.7>, but at most version <1.5> allowed
File: papers/4.pdf Graphic file (type pdf)
<use papers/4.pdf>
Package pdftex.def Info: papers/4.pdf  used on input line 97.
(pdftex.def)             Requested size: 597.551pt x 845.07512pt.


pdfTeX warning: /usr/bin/pdflatex (file ./papers/4.pdf): PDF inclusion: found P
DF version <1.7>, but at most version <1.5> allowed


pdfTeX warning: /usr/bin/pdflatex (file ./papers/4.pdf): PDF inclusion: found P
DF version <1.7>, but at most version <1.5> allowed
<papers/4.pdf, id=993, page=1, 597.55246pt x 845.07718pt>
File: papers/4.pdf Graphic file (type pdf)
<use papers/4.pdf, page 1>
Package pdftex.def Info: papers/4.pdf , page1 used on input line 97.
(pdftex.def)             Requested size: 597.551pt x 845.07512pt.
File: papers/4.pdf Graphic file (type pdf)
<use papers/4.pdf, page 1>
Package pdftex.def Info: papers/4.pdf , page1 used on input line 97.
(pdftex.def)             Requested size: 597.59657pt x 845.13959pt.
File: papers/4.pdf Graphic file (type pdf)
<use papers/4.pdf, page 1>
Package pdftex.def Info: papers/4.pdf , page1 used on input line 97.
(pdftex.def)             Requested size: 597.59657pt x 845.13959pt.
File: papers/4.pdf Graphic file (type pdf)
<use papers/4.pdf, page 1>
Package pdftex.def Info: papers/4.pdf , page1 used on input line 97.
(pdftex.def)             Requested size: 597.59657pt x 845.13959pt.

Package fancyhdr Warning: \headheight is too small (12.0pt): 
(fancyhdr)                Make it at least 27.05003pt, for example:
(fancyhdr)                \setlength{\headheight}{27.05003pt}.
(fancyhdr)                You might also make \topmargin smaller to compensate:

(fancyhdr)                \addtolength{\topmargin}{-15.05003pt}.

File: papers/4.pdf Graphic file (type pdf)
<use papers/4.pdf, page 1>
Package pdftex.def Info: papers/4.pdf , page1 used on input line 97.
(pdftex.def)             Requested size: 597.59657pt x 845.13959pt.
[55

 <./papers/4.pdf>]

pdfTeX warning: /usr/bin/pdflatex (file ./papers/5.pdf): PDF inclusion: found P
DF version <1.7>, but at most version <1.5> allowed
<papers/5.pdf, id=1016, 614.295pt x 794.97pt>
File: papers/5.pdf Graphic file (type pdf)
<use papers/5.pdf>
Package pdftex.def Info: papers/5.pdf  used on input line 98.
(pdftex.def)             Requested size: 614.29349pt x 794.96806pt.


pdfTeX warning: /usr/bin/pdflatex (file ./papers/5.pdf): PDF inclusion: found P
DF version <1.7>, but at most version <1.5> allowed
File: papers/5.pdf Graphic file (type pdf)
<use papers/5.pdf>
Package pdftex.def Info: papers/5.pdf  used on input line 98.
(pdftex.def)             Requested size: 614.29349pt x 794.96806pt.


pdfTeX warning: /usr/bin/pdflatex (file ./papers/5.pdf): PDF inclusion: found P
DF version <1.7>, but at most version <1.5> allowed


pdfTeX warning: /usr/bin/pdflatex (file ./papers/5.pdf): PDF inclusion: found P
DF version <1.7>, but at most version <1.5> allowed
<papers/5.pdf, id=1019, page=1, 614.295pt x 794.97pt>
File: papers/5.pdf Graphic file (type pdf)
<use papers/5.pdf, page 1>
Package pdftex.def Info: papers/5.pdf , page1 used on input line 98.
(pdftex.def)             Requested size: 614.29349pt x 794.96806pt.
File: papers/5.pdf Graphic file (type pdf)
<use papers/5.pdf, page 1>
Package pdftex.def Info: papers/5.pdf , page1 used on input line 98.
(pdftex.def)             Requested size: 614.58406pt x 795.3441pt.
File: papers/5.pdf Graphic file (type pdf)
<use papers/5.pdf, page 1>
Package pdftex.def Info: papers/5.pdf , page1 used on input line 98.
(pdftex.def)             Requested size: 614.58406pt x 795.3441pt.
File: papers/5.pdf Graphic file (type pdf)
<use papers/5.pdf, page 1>
Package pdftex.def Info: papers/5.pdf , page1 used on input line 98.
(pdftex.def)             Requested size: 614.58406pt x 795.3441pt.

Package fancyhdr Warning: \headheight is too small (12.0pt): 
(fancyhdr)                Make it at least 27.05003pt, for example:
(fancyhdr)                \setlength{\headheight}{27.05003pt}.
(fancyhdr)                You might also make \topmargin smaller to compensate:

(fancyhdr)                \addtolength{\topmargin}{-15.05003pt}.

File: papers/5.pdf Graphic file (type pdf)
<use papers/5.pdf, page 1>
Package pdftex.def Info: papers/5.pdf , page1 used on input line 98.
(pdftex.def)             Requested size: 614.58406pt x 795.3441pt.
[56

 <./papers/5.pdf>]

pdfTeX warning: /usr/bin/pdflatex (file ./papers/6.pdf): PDF inclusion: found P
DF version <1.7>, but at most version <1.5> allowed
<papers/6.pdf, id=1078, 614.295pt x 794.97pt>
File: papers/6.pdf Graphic file (type pdf)
<use papers/6.pdf>
Package pdftex.def Info: papers/6.pdf  used on input line 99.
(pdftex.def)             Requested size: 614.29349pt x 794.96806pt.


pdfTeX warning: /usr/bin/pdflatex (file ./papers/6.pdf): PDF inclusion: found P
DF version <1.7>, but at most version <1.5> allowed
File: papers/6.pdf Graphic file (type pdf)
<use papers/6.pdf>
Package pdftex.def Info: papers/6.pdf  used on input line 99.
(pdftex.def)             Requested size: 614.29349pt x 794.96806pt.


pdfTeX warning: /usr/bin/pdflatex (file ./papers/6.pdf): PDF inclusion: found P
DF version <1.7>, but at most version <1.5> allowed


pdfTeX warning: /usr/bin/pdflatex (file ./papers/6.pdf): PDF inclusion: found P
DF version <1.7>, but at most version <1.5> allowed
<papers/6.pdf, id=1081, page=1, 614.295pt x 794.97pt>
File: papers/6.pdf Graphic file (type pdf)
<use papers/6.pdf, page 1>
Package pdftex.def Info: papers/6.pdf , page1 used on input line 99.
(pdftex.def)             Requested size: 614.29349pt x 794.96806pt.
File: papers/6.pdf Graphic file (type pdf)
<use papers/6.pdf, page 1>
Package pdftex.def Info: papers/6.pdf , page1 used on input line 99.
(pdftex.def)             Requested size: 614.58406pt x 795.3441pt.
File: papers/6.pdf Graphic file (type pdf)
<use papers/6.pdf, page 1>
Package pdftex.def Info: papers/6.pdf , page1 used on input line 99.
(pdftex.def)             Requested size: 614.58406pt x 795.3441pt.
File: papers/6.pdf Graphic file (type pdf)
<use papers/6.pdf, page 1>
Package pdftex.def Info: papers/6.pdf , page1 used on input line 99.
(pdftex.def)             Requested size: 614.58406pt x 795.3441pt.

Package fancyhdr Warning: \headheight is too small (12.0pt): 
(fancyhdr)                Make it at least 27.05003pt, for example:
(fancyhdr)                \setlength{\headheight}{27.05003pt}.
(fancyhdr)                You might also make \topmargin smaller to compensate:

(fancyhdr)                \addtolength{\topmargin}{-15.05003pt}.

File: papers/6.pdf Graphic file (type pdf)
<use papers/6.pdf, page 1>
Package pdftex.def Info: papers/6.pdf , page1 used on input line 99.
(pdftex.def)             Requested size: 614.58406pt x 795.3441pt.
[57

 <./papers/6.pdf>]

pdfTeX warning: /usr/bin/pdflatex (file ./papers/8.pdf): PDF inclusion: found P
DF version <1.7>, but at most version <1.5> allowed
<papers/8.pdf, id=1141, 614.295pt x 794.97pt>
File: papers/8.pdf Graphic file (type pdf)
<use papers/8.pdf>
Package pdftex.def Info: papers/8.pdf  used on input line 101.
(pdftex.def)             Requested size: 614.29349pt x 794.96806pt.


pdfTeX warning: /usr/bin/pdflatex (file ./papers/8.pdf): PDF inclusion: found P
DF version <1.7>, but at most version <1.5> allowed
File: papers/8.pdf Graphic file (type pdf)
<use papers/8.pdf>
Package pdftex.def Info: papers/8.pdf  used on input line 101.
(pdftex.def)             Requested size: 614.29349pt x 794.96806pt.


pdfTeX warning: /usr/bin/pdflatex (file ./papers/8.pdf): PDF inclusion: found P
DF version <1.7>, but at most version <1.5> allowed


pdfTeX warning: /usr/bin/pdflatex (file ./papers/8.pdf): PDF inclusion: found P
DF version <1.7>, but at most version <1.5> allowed
<papers/8.pdf, id=1144, page=1, 614.295pt x 794.97pt>
File: papers/8.pdf Graphic file (type pdf)
<use papers/8.pdf, page 1>
Package pdftex.def Info: papers/8.pdf , page1 used on input line 101.
(pdftex.def)             Requested size: 614.29349pt x 794.96806pt.
File: papers/8.pdf Graphic file (type pdf)
<use papers/8.pdf, page 1>
Package pdftex.def Info: papers/8.pdf , page1 used on input line 101.
(pdftex.def)             Requested size: 614.58406pt x 795.3441pt.
File: papers/8.pdf Graphic file (type pdf)
<use papers/8.pdf, page 1>
Package pdftex.def Info: papers/8.pdf , page1 used on input line 101.
(pdftex.def)             Requested size: 614.58406pt x 795.3441pt.
File: papers/8.pdf Graphic file (type pdf)
<use papers/8.pdf, page 1>
Package pdftex.def Info: papers/8.pdf , page1 used on input line 101.
(pdftex.def)             Requested size: 614.58406pt x 795.3441pt.
File: papers/8.pdf Graphic file (type pdf)
<use papers/8.pdf, page 1>
Package pdftex.def Info: papers/8.pdf , page1 used on input line 101.
(pdftex.def)             Requested size: 614.58406pt x 795.3441pt.
[58

 <./papers/8.pdf>]
<papers/9.pdf, id=1188, 597.19106pt x 845.07718pt>
File: papers/9.pdf Graphic file (type pdf)
<use papers/9.pdf>
Package pdftex.def Info: papers/9.pdf  used on input line 102.
(pdftex.def)             Requested size: 597.1896pt x 845.07512pt.
File: papers/9.pdf Graphic file (type pdf)
<use papers/9.pdf>
Package pdftex.def Info: papers/9.pdf  used on input line 102.
(pdftex.def)             Requested size: 597.1896pt x 845.07512pt.
<papers/9.pdf, id=1191, page=1, 597.19106pt x 845.07718pt>
File: papers/9.pdf Graphic file (type pdf)
<use papers/9.pdf, page 1>
Package pdftex.def Info: papers/9.pdf , page1 used on input line 102.
(pdftex.def)             Requested size: 597.1896pt x 845.07512pt.
File: papers/9.pdf Graphic file (type pdf)
<use papers/9.pdf, page 1>
Package pdftex.def Info: papers/9.pdf , page1 used on input line 102.
(pdftex.def)             Requested size: 597.23515pt x 845.13959pt.
File: papers/9.pdf Graphic file (type pdf)
<use papers/9.pdf, page 1>
Package pdftex.def Info: papers/9.pdf , page1 used on input line 102.
(pdftex.def)             Requested size: 597.23515pt x 845.13959pt.
File: papers/9.pdf Graphic file (type pdf)
<use papers/9.pdf, page 1>
Package pdftex.def Info: papers/9.pdf , page1 used on input line 102.
(pdftex.def)             Requested size: 597.23515pt x 845.13959pt.
File: papers/9.pdf Graphic file (type pdf)
<use papers/9.pdf, page 1>
Package pdftex.def Info: papers/9.pdf , page1 used on input line 102.
(pdftex.def)             Requested size: 597.23515pt x 845.13959pt.
 [59

 <./papers/9.pdf>]
Appendix B.
[60

]
Appendix C.
[61

]
pdfTeX warning (ext4): destination with the same identifier (name{appendix.A}) 
has been already used, duplicate ignored
<to be read again> 
                   \relax 
l.148 \chapter{Exhibits 1 Resume}
                                 
Appendix A.
[62

]
pdfTeX warning (ext4): destination with the same identifier (name{appendix.B}) 
has been already used, duplicate ignored
<to be read again> 
                   \relax 
l.155 ...ibits 2.1 Research Profiles and Citation}
                                                  
Appendix B.

pdfTeX warning (ext4): destination with the same identifier (name{section.B.1})
 has been already used, duplicate ignored
<to be read again> 
                   \relax 
l.156 	\section{Exhibits 2.1 Research Profiles}
                                                [63


]
pdfTeX warning (ext4): destination with the same identifier (name{appendix.C}) 
has been already used, duplicate ignored
<to be read again> 
                   \relax 
l.166 ...xhibits 3 LORs and Recommender's Profile}
                                                  
Appendix C.

pdfTeX warning (ext4): destination with the same identifier (name{section.C.1})
 has been already used, duplicate ignored
<to be read again> 
                   \relax 
l.167 				\section{Exhibits 3.1 LORs}
                                     
pdfTeX warning (ext4): destination with the same identifier (name{section.C.2})
 has been already used, duplicate ignored
<to be read again> 
                   \relax 
l.170 ...ction{Exhibits 3.2 Recommender's Profile}
                                                   [64

]
Appendix D.
[65

]
Appendix E.
[66

]
Appendix F.
[67

]
Appendix G.
[68

]
Appendix H.
[69

]
Appendix I.
[70

]
Appendix J.
[71

]
Appendix K.
[72

]
Appendix L.
[73

] 
enddocument/afterlastpage: lastpage setting LastPage.
(./master_v14.aux)
 ***********
LaTeX2e <2023-11-01> patch level 1
L3 programming layer <2024-01-22>
 ***********


LaTeX Warning: There were undefined references.

Package rerunfilecheck Info: File `master_v14.out' has not changed.
(rerunfilecheck)             Checksum: C627DACBEB2022C142F88B5F40B1CA16;22749.
 ) 
Here is how much of TeX's memory you used:
 32636 strings out of 474222
 767240 string characters out of 5748733
 1950975 words of memory out of 5000000
 54134 multiletter control sequences out of 15000+600000
 566009 words of font info for 63 fonts, out of 8000000 for 9000
 1141 hyphenation exceptions out of 8191
 99i,19n,101p,1745b,2317s stack positions out of 10000i,1000n,20000p,200000b,200000s
</usr/share/texlive/texmf-dist/fonts/type1/gnome/cantarell/Cantarell-Bold.pfb
></usr/share/texlive/texmf-dist/fonts/type1/gnome/cantarell/Cantarell-Regular.p
fb></usr/share/texlive/texmf-dist/fonts/type1/public/amsfonts/cm/cmbx12.pfb></u
sr/share/texlive/texmf-dist/fonts/type1/public/amsfonts/cm/cmmi12.pfb></usr/sha
re/texlive/texmf-dist/fonts/type1/public/amsfonts/cm/cmr10.pfb></usr/share/texl
ive/texmf-dist/fonts/type1/public/amsfonts/cm/cmr12.pfb></usr/share/texlive/tex
mf-dist/fonts/type1/public/amsfonts/cm/cmr17.pfb></usr/share/texlive/texmf-dist
/fonts/type1/public/amsfonts/cm/cmr7.pfb></usr/share/texlive/texmf-dist/fonts/t
ype1/public/amsfonts/cm/cmr8.pfb></usr/share/texlive/texmf-dist/fonts/type1/pub
lic/amsfonts/cm/cmsl12.pfb></usr/share/texlive/texmf-dist/fonts/type1/public/am
sfonts/cm/cmti10.pfb></usr/share/texlive/texmf-dist/fonts/type1/public/amsfonts
/cm/cmti12.pfb></usr/share/texlive/texmf-dist/fonts/type1/public/amsfonts/cm/cm
tt10.pfb></usr/share/texlive/texmf-dist/fonts/type1/public/amsfonts/cm/cmtt12.p
fb></usr/share/texmf/fonts/type1/public/cm-super/sfbx1200.pfb></usr/share/texmf
/fonts/type1/public/cm-super/sfrm1200.pfb>
Output written on master_v14.pdf (77 pages, 3558107 bytes).
PDF statistics:
 1377 PDF objects out of 1440 (max. 8388607)
 1049 compressed objects within 11 object streams
 232 named destinations out of 1000 (max. 500000)
 933 words of extra memory for PDF output out of 10000 (max. 10000000)

